2020-06-24 15:59:05 | INFO | Starting joint (dirty) imaging of HCG 22 from the projects: ['AW568', 'AZ125']
2020-06-24 15:59:05 | INFO | MS file(s) added to combine list: ['../AW568/sources/HCG22.split.contsub']
2020-06-24 15:59:05 | INFO | MS file(s) added to combine list: ['../AZ125/sources/HCG22.split.contsub']
2020-06-24 15:59:05 | INFO | Setting relative weights of each MS.
2020-06-24 15:59:05 | INFO | Executing command: initweights(vis='../AW568/sources/HCG22.split.contsub', wtmode='nyq')
2020-06-24 16:01:19 | INFO | Executing command: initweights(vis='../AZ125/sources/HCG22.split.contsub', wtmode='nyq')
2020-06-24 16:02:24 | INFO | Starting to make combined dirty image.
2020-06-24 16:02:24 | INFO | Executing command: tclean(vis=['../AW568/sources/HCG22.split.contsub', '../AZ125/sources/HCG22.split.contsub'], imagename='HCG22/HCG22.dirty', cell='6arcsec', imsize=1536, spw='0:20~47', specmode='cube', outframe='bary', veltype='radio', restfreq='1420405751.786Hz', gridder='mosaic', wprojplanes=128, pblimit=0.1, normtype='flatnoise', deconvolver='multiscale', scales=[0, 6, 18, 54], weighting='briggs', robust=2, pbcor=True, niter=0, gain=0.1, cyclefactor=2.0, interactive=False, threshold='1.75mJy', usemask='auto-multithresh', phasecenter='J2000 03:03:30 -15.35.32.5')
2020-06-24 16:44:47 | INFO | Completed joint (dirty) imaging of HCG 22.
2020-06-24 16:44:47 | INFO | Moving CASA log to source directory.
2020-06-24 17:36:34 | INFO | Starting joint (clean) imaging of HCG 22 from the projects: ['AW568', 'AZ125']
2020-06-24 17:36:35 | INFO | MS file(s) added to combine list: ['../AW568/sources/HCG22.split.contsub']
2020-06-24 17:36:35 | INFO | MS file(s) added to combine list: ['../AZ125/sources/HCG22.split.contsub']
2020-06-24 17:36:35 | INFO | Setting relative weights of each MS.
2020-06-24 17:36:35 | INFO | Executing command: initweights(vis='../AW568/sources/HCG22.split.contsub', wtmode='nyq')
2020-06-24 17:54:42 | INFO | Executing command: initweights(vis='../AZ125/sources/HCG22.split.contsub', wtmode='nyq')
2020-06-24 18:06:38 | INFO | Starting to make combined clean image.
2020-06-24 18:06:38 | INFO | Executing command: tclean(vis=['../AW568/sources/HCG22.split.contsub', '../AZ125/sources/HCG22.split.contsub'], imagename='HCG22/HCG22', cell='6arcsec', imsize=1536, spw='0:20~47', specmode='cube', outframe='bary', veltype='radio', restfreq='1420405751.786Hz', gridder='mosaic', wprojplanes=128, pblimit=0.1, normtype='flatnoise', deconvolver='multiscale', scales=[0, 6, 18, 54], weighting='briggs', robust=2, restoringbeam='common', pbcor=True, niter=100000, gain=0.1, cyclefactor=2.0, interactive=False, threshold='1.75mJy', usemask='auto-multithresh', phasecenter='J2000 03:03:30 -15.35.32.5', sidelobethreshold=2.0, noisethreshold=3.0, lownoisethreshold=1.5, minbeamfrac=0.3, negativethreshold=15.0)
2020-06-25 02:33:27 | INFO | Completed joint (clean) imaging of HCG 22.
2020-06-25 02:33:27 | INFO | Starting generation of fits files.
2020-06-25 02:33:28 | INFO | Saving image cube as HCG22_HI.fits
2020-06-25 02:33:28 | INFO | Executing command: exportfits(imagename='HCG22/HCG22.image', fitsimage='HCG22/HCG22_HI.fits', velocity=True,optical=False,overwrite=True,dropstokes=True,stokeslast=True,history=True,dropdeg=True)
2020-06-25 02:33:29 | INFO | Saving primary beam corrected image cube as HCG22_HI.pbcor.fits
2020-06-25 02:33:29 | INFO | Executing command: exportfits(imagename='HCG22/HCG22.image.pbcor', fitsimage='HCG22/HCG22_HI.pbcor.fits', velocity=True,optical=False,overwrite=True,dropstokes=True,stokeslast=True,history=True,dropdeg=True)
2020-06-25 02:33:32 | INFO | Completed generating fits files.
2020-06-25 02:33:32 | INFO | Moving logs to source directory.
