2020-11-12 21:07:06 | INFO | Starting joint (dirty) imaging of HCG 7 from the projects: ['AV206/AV206a', 'AV206/AV206b']
2020-11-12 21:07:06 | INFO | MS file(s) added to combine list: ['../AV206/AV206a/sources/HCG7.split.contsub']
2020-11-12 21:07:06 | INFO | MS file(s) added to combine list: ['../AV206/AV206b/sources/HCG7.split.contsub']
2020-11-12 21:07:06 | INFO | Setting relative weights of each MS.
2020-11-12 21:07:06 | INFO | Executing command: initweights(vis='../AV206/AV206a/sources/HCG7.split.contsub', wtmode='nyq')
2020-11-12 21:07:07 | INFO | Executing command: initweights(vis='../AV206/AV206b/sources/HCG7.split.contsub', wtmode='nyq')
2020-11-12 21:07:07 | INFO | Starting to make combined dirty image.
2020-11-12 21:07:07 | INFO | Executing command: tclean(vis=['../AV206/AV206a/sources/HCG7.split.contsub', '../AV206/AV206b/sources/HCG7.split.contsub'], imagename='HCG7/HCG7.dirty', cell='5arcsec', imsize=512, spw='', specmode='cube', outframe='bary', veltype='radio', restfreq='1420405751.786Hz', gridder='mosaic', wprojplanes=128, pblimit=0.1, normtype='flatnoise', deconvolver='multiscale', scales=[0, 5, 15, 45], weighting='briggs', robust=2, pbcor=True, niter=0, gain=0.1, cyclefactor=2.0, interactive=False, threshold='0.625mJy', usemask='auto-multithresh', phasecenter='J2000 9.849602deg 0.878170deg')
2020-11-12 21:08:10 | INFO | Completed joint (dirty) imaging of HCG 7.
2020-11-12 21:08:10 | INFO | Moving CASA log to source directory.
2020-11-12 21:12:06 | INFO | Starting joint (clean) imaging of HCG 7 from the projects: ['AV206/AV206a', 'AV206/AV206b']
2020-11-12 21:12:06 | INFO | MS file(s) added to combine list: ['../AV206/AV206a/sources/HCG7.split.contsub']
2020-11-12 21:12:06 | INFO | MS file(s) added to combine list: ['../AV206/AV206b/sources/HCG7.split.contsub']
2020-11-12 21:12:06 | INFO | Setting relative weights of each MS.
2020-11-12 21:12:06 | INFO | Executing command: initweights(vis='../AV206/AV206a/sources/HCG7.split.contsub', wtmode='nyq')
2020-11-12 21:12:07 | INFO | Executing command: initweights(vis='../AV206/AV206b/sources/HCG7.split.contsub', wtmode='nyq')
2020-11-12 21:12:07 | INFO | Starting to make combined clean image.
2020-11-12 21:12:07 | INFO | Executing command: tclean(vis=['../AV206/AV206a/sources/HCG7.split.contsub', '../AV206/AV206b/sources/HCG7.split.contsub'], imagename='HCG7/HCG7', cell='5arcsec', imsize=512, spw='', specmode='cube', outframe='bary', veltype='radio', restfreq='1420405751.786Hz', gridder='mosaic', wprojplanes=128, pblimit=0.1, normtype='flatnoise', deconvolver='multiscale', scales=[0, 5, 15, 45], weighting='briggs', robust=2, restoringbeam=['35arcsec', '28arcsec', '8.5deg'], pbcor=True, niter=100000, gain=0.1, cyclefactor=2.0, interactive=False, threshold='0.625mJy', usemask='auto-multithresh', phasecenter='J2000 9.849602deg 0.878170deg', sidelobethreshold=2.0, noisethreshold=3.0, lownoisethreshold=1.5, minbeamfrac=0.3, negativethreshold=15.0)
2020-11-12 21:23:53 | INFO | Completed joint (clean) imaging of HCG 7.
2020-11-12 21:23:53 | INFO | Starting generation of fits files.
2020-11-12 21:23:53 | INFO | Saving image cube as HCG7_HI.fits
2020-11-12 21:23:53 | INFO | Executing command: exportfits(imagename='HCG7/HCG7.image', fitsimage='HCG7/HCG7_HI.fits', velocity=True,optical=False,overwrite=True,dropstokes=True,stokeslast=True,history=True,dropdeg=True)
2020-11-12 21:23:53 | INFO | Saving primary beam corrected image cube as HCG7_HI.pbcor.fits
2020-11-12 21:23:53 | INFO | Executing command: exportfits(imagename='HCG7/HCG7.image.pbcor', fitsimage='HCG7/HCG7_HI.pbcor.fits', velocity=True,optical=False,overwrite=True,dropstokes=True,stokeslast=True,history=True,dropdeg=True)
2020-11-12 21:23:54 | INFO | Completed generating fits files.
2020-11-12 21:23:54 | INFO | Moving logs to source directory.
