2020-07-06 10:55:05 | INFO | Starting joint (dirty) imaging of HCG 16 from the projects: ['AW234', 'AW500']
2020-07-06 10:55:05 | INFO | MS file(s) added to combine list: ['../AW234/sources/HCG16.split.contsub']
2020-07-06 10:55:05 | INFO | MS file(s) added to combine list: ['../AW500/sources/HCG16.split.contsub']
2020-07-06 10:55:05 | INFO | Setting relative weights of each MS.
2020-07-06 10:55:05 | INFO | Executing command: initweights(vis='../AW234/sources/HCG16.split.contsub', wtmode='nyq')
2020-07-06 10:55:07 | INFO | Executing command: initweights(vis='../AW500/sources/HCG16.split.contsub', wtmode='nyq')
2020-07-06 10:55:09 | INFO | Starting to make combined dirty image.
2020-07-06 10:55:09 | INFO | Executing command: tclean(vis=['../AW234/sources/HCG16.split.contsub', '../AW500/sources/HCG16.split.contsub'], imagename='HCG16/HCG16.dirty', cell='4arcsec', imsize=512, spw='0:8~55', specmode='cube', outframe='bary', veltype='radio', restfreq='1420405751.786Hz', gridder='mosaic', wprojplanes=128, pblimit=0.1, normtype='flatnoise', deconvolver='multiscale', scales=[0, 8, 24, 72], weighting='briggs', robust=2, pbcor=True, niter=0, gain=0.1, cyclefactor=2.0, interactive=False, threshold='0.75mJy', usemask='auto-multithresh', phasecenter='J2000 32.38052deg -10.15851deg')
2020-07-06 10:57:09 | INFO | Completed joint (dirty) imaging of HCG 16.
2020-07-06 10:57:09 | INFO | Moving CASA log to source directory.
2020-07-06 10:58:03 | INFO | Starting joint (clean) imaging of HCG 16 from the projects: ['AW234', 'AW500']
2020-07-06 10:58:03 | INFO | MS file(s) added to combine list: ['../AW234/sources/HCG16.split.contsub']
2020-07-06 10:58:03 | INFO | MS file(s) added to combine list: ['../AW500/sources/HCG16.split.contsub']
2020-07-06 10:58:03 | INFO | Setting relative weights of each MS.
2020-07-06 10:58:03 | INFO | Executing command: initweights(vis='../AW234/sources/HCG16.split.contsub', wtmode='nyq')
2020-07-06 10:58:04 | INFO | Executing command: initweights(vis='../AW500/sources/HCG16.split.contsub', wtmode='nyq')
2020-07-06 10:58:05 | INFO | Starting to make combined clean image.
2020-07-06 10:58:05 | INFO | Executing command: tclean(vis=['../AW234/sources/HCG16.split.contsub', '../AW500/sources/HCG16.split.contsub'], imagename='HCG16/HCG16', cell='4arcsec', imsize=512, spw='0:8~55', specmode='cube', outframe='bary', veltype='radio', restfreq='1420405751.786Hz', gridder='mosaic', wprojplanes=128, pblimit=0.1, normtype='flatnoise', deconvolver='multiscale', scales=[0, 8, 24, 72], weighting='briggs', robust=2, restoringbeam='common', pbcor=True, niter=100000, gain=0.1, cyclefactor=2.0, interactive=False, threshold='0.75mJy', usemask='auto-multithresh', phasecenter='J2000 32.38052deg -10.15851deg', sidelobethreshold=2.0, noisethreshold=3.0, lownoisethreshold=1.5, minbeamfrac=0.3, negativethreshold=15.0)
2020-07-06 11:31:55 | INFO | Completed joint (clean) imaging of HCG 16.
2020-07-06 11:31:55 | INFO | Starting generation of fits files.
2020-07-06 11:31:55 | INFO | Saving image cube as HCG16_HI.fits
2020-07-06 11:31:55 | INFO | Executing command: exportfits(imagename='HCG16/HCG16.image', fitsimage='HCG16/HCG16_HI.fits', velocity=True,optical=False,overwrite=True,dropstokes=True,stokeslast=True,history=True,dropdeg=True)
2020-07-06 11:31:55 | INFO | Saving primary beam corrected image cube as HCG16_HI.pbcor.fits
2020-07-06 11:31:55 | INFO | Executing command: exportfits(imagename='HCG16/HCG16.image.pbcor', fitsimage='HCG16/HCG16_HI.pbcor.fits', velocity=True,optical=False,overwrite=True,dropstokes=True,stokeslast=True,history=True,dropdeg=True)
2020-07-06 11:31:56 | INFO | Completed generating fits files.
2020-07-06 11:31:56 | INFO | Moving logs to source directory.
