2020-08-31 09:52:28 | INFO | Starting joint (dirty) imaging of HCG 58 from the projects: ['AV275', 'AW601']
2020-08-31 09:52:28 | INFO | MS file(s) added to combine list: ['../AV275/sources/HCG58.split.contsub']
2020-08-31 09:52:28 | INFO | MS file(s) added to combine list: ['../AW601/sources/HCG58.split.contsub']
2020-08-31 09:52:28 | INFO | Setting relative weights of each MS.
2020-08-31 09:52:28 | INFO | Executing command: initweights(vis='../AV275/sources/HCG58.split.contsub', wtmode='nyq')
2020-08-31 09:52:31 | INFO | Executing command: initweights(vis='../AW601/sources/HCG58.split.contsub', wtmode='nyq')
2020-08-31 09:52:33 | INFO | Starting to make combined dirty image.
2020-08-31 09:52:33 | INFO | Executing command: tclean(vis=['../AV275/sources/HCG58.split.contsub', '../AW601/sources/HCG58.split.contsub'], imagename='HCG58/HCG58.dirty', cell='8arcsec', imsize=512, spw='0:10~54', specmode='cube', outframe='bary', veltype='radio', restfreq='1420405751.786Hz', gridder='mosaic', wprojplanes=128, pblimit=0.1, normtype='flatnoise', deconvolver='multiscale', scales=[0, 10, 30, 90], weighting='briggs', robust=2, pbcor=True, niter=0, gain=0.1, cyclefactor=2.0, interactive=False, threshold='0.625mJy', usemask='auto-multithresh', phasecenter='J2000 175.6948deg 10.2392deg')
2020-08-31 09:54:37 | INFO | Completed joint (dirty) imaging of HCG 58.
2020-08-31 09:54:37 | INFO | Moving CASA log to source directory.
2020-08-31 09:59:23 | INFO | Starting joint (clean) imaging of HCG 58 from the projects: ['AV275', 'AW601']
2020-08-31 09:59:23 | INFO | MS file(s) added to combine list: ['../AV275/sources/HCG58.split.contsub']
2020-08-31 09:59:23 | INFO | MS file(s) added to combine list: ['../AW601/sources/HCG58.split.contsub']
2020-08-31 09:59:23 | INFO | Setting relative weights of each MS.
2020-08-31 09:59:23 | INFO | Executing command: initweights(vis='../AV275/sources/HCG58.split.contsub', wtmode='nyq')
2020-08-31 09:59:24 | INFO | Executing command: initweights(vis='../AW601/sources/HCG58.split.contsub', wtmode='nyq')
2020-08-31 09:59:25 | INFO | Starting to make combined clean image.
2020-08-31 09:59:25 | INFO | Executing command: tclean(vis=['../AV275/sources/HCG58.split.contsub', '../AW601/sources/HCG58.split.contsub'], imagename='HCG58/HCG58', cell='8arcsec', imsize=512, spw='0:10~54', specmode='cube', outframe='bary', veltype='radio', restfreq='1420405751.786Hz', gridder='mosaic', wprojplanes=128, pblimit=0.1, normtype='flatnoise', deconvolver='multiscale', scales=[0, 10, 30, 90], weighting='briggs', robust=2, restoringbeam='common', pbcor=True, niter=100000, gain=0.1, cyclefactor=2.0, interactive=False, threshold='0.625mJy', usemask='auto-multithresh', phasecenter='J2000 175.6948deg 10.2392deg', sidelobethreshold=2.0, noisethreshold=3.0, lownoisethreshold=1.5, minbeamfrac=0.3, negativethreshold=15.0)
2020-08-31 10:26:35 | INFO | Completed joint (clean) imaging of HCG 58.
2020-08-31 10:26:35 | INFO | Starting generation of fits files.
2020-08-31 10:26:35 | INFO | Saving image cube as HCG58_HI.fits
2020-08-31 10:26:35 | INFO | Executing command: exportfits(imagename='HCG58/HCG58.image', fitsimage='HCG58/HCG58_HI.fits', velocity=True,optical=False,overwrite=True,dropstokes=True,stokeslast=True,history=True,dropdeg=True)
2020-08-31 10:26:36 | INFO | Saving primary beam corrected image cube as HCG58_HI.pbcor.fits
2020-08-31 10:26:36 | INFO | Executing command: exportfits(imagename='HCG58/HCG58.image.pbcor', fitsimage='HCG58/HCG58_HI.pbcor.fits', velocity=True,optical=False,overwrite=True,dropstokes=True,stokeslast=True,history=True,dropdeg=True)
2020-08-31 10:26:36 | INFO | Completed generating fits files.
2020-08-31 10:26:36 | INFO | Moving logs to source directory.
