2021-04-30 00:28:13 | INFO | Starting joint (dirty) imaging of HCG 61 from the projects: ['13A-387/13A-387_4', '13A-387/13A-387_6']
2021-04-30 00:28:13 | INFO | MS file(s) added to combine list: ['../13A-387/13A-387_4/sources/HCG61.split.contsub']
2021-04-30 00:28:13 | INFO | MS file(s) added to combine list: ['../13A-387/13A-387_6/sources/HCG61.split.contsub']
2021-04-30 00:28:13 | INFO | Setting relative weights of each MS.
2021-04-30 00:28:13 | INFO | Executing command: initweights(vis='../13A-387/13A-387_4/sources/HCG61.split.contsub', wtmode='nyq')
2021-04-30 00:28:27 | INFO | Executing command: initweights(vis='../13A-387/13A-387_6/sources/HCG61.split.contsub', wtmode='nyq')
2021-04-30 00:28:41 | INFO | Starting to make combined dirty image.
2021-04-30 00:28:41 | INFO | Executing command: tclean(vis=['../13A-387/13A-387_4/sources/HCG61.split.contsub', '../13A-387/13A-387_6/sources/HCG61.split.contsub'], imagename='HCG61/HCG61.dirty', cell='3arcsec', imsize=512, spw='0:171~512', specmode='cube', outframe='bary', veltype='radio', restfreq='1420405751.786Hz', gridder='mosaic', wprojplanes=128, pblimit=0.1, normtype='flatnoise', deconvolver='multiscale', scales=[0, 7, 21, 63], weighting='briggs', robust=2, pbcor=True, niter=0, gain=0.1, cyclefactor=2.0, interactive=False, threshold='1.0mJy', usemask='auto-multithresh', phasecenter='')
2021-04-30 00:50:57 | INFO | Completed joint (dirty) imaging of HCG 61.
2021-04-30 00:50:57 | INFO | Moving CASA log to source directory.
2021-04-30 00:51:00 | INFO | Starting joint (clean) imaging of HCG 61 from the projects: ['13A-387/13A-387_4', '13A-387/13A-387_6']
2021-04-30 00:51:00 | INFO | MS file(s) added to combine list: ['../13A-387/13A-387_4/sources/HCG61.split.contsub']
2021-04-30 00:51:00 | INFO | MS file(s) added to combine list: ['../13A-387/13A-387_6/sources/HCG61.split.contsub']
2021-04-30 00:51:00 | INFO | Setting relative weights of each MS.
2021-04-30 00:51:00 | INFO | Executing command: initweights(vis='../13A-387/13A-387_4/sources/HCG61.split.contsub', wtmode='nyq')
2021-04-30 00:51:11 | INFO | Executing command: initweights(vis='../13A-387/13A-387_6/sources/HCG61.split.contsub', wtmode='nyq')
2021-04-30 00:51:22 | INFO | Starting to make combined clean image.
2021-04-30 00:51:22 | INFO | Executing command: tclean(vis=['../13A-387/13A-387_4/sources/HCG61.split.contsub', '../13A-387/13A-387_6/sources/HCG61.split.contsub'], imagename='HCG61/HCG61', cell='3arcsec', imsize=512, spw='0:171~512', specmode='cube', outframe='bary', veltype='radio', restfreq='1420405751.786Hz', gridder='mosaic', wprojplanes=128, pblimit=0.1, normtype='flatnoise', deconvolver='multiscale', scales=[0, 7, 21, 63], weighting='briggs', robust=2, restoringbeam='common', pbcor=True, niter=100000, gain=0.1, cyclefactor=2.0, interactive=False, threshold='1.0mJy', usemask='auto-multithresh', phasecenter='', sidelobethreshold=1.25, noisethreshold=3.0, lownoisethreshold=1.5, minbeamfrac=0.3, negativethreshold=15.0)
2021-04-30 09:51:20 | INFO | Completed joint (clean) imaging of HCG 61.
2021-04-30 09:51:20 | INFO | Starting generation of fits files.
2021-04-30 09:51:20 | INFO | Saving image cube as HCG61_HI.fits
2021-04-30 09:51:20 | INFO | Executing command: exportfits(imagename='HCG61/HCG61.image', fitsimage='HCG61/HCG61_HI.fits', velocity=True,optical=False,overwrite=True,dropstokes=True,stokeslast=True,history=True,dropdeg=True)
2021-04-30 09:51:22 | INFO | Saving primary beam corrected image cube as HCG61_HI.pbcor.fits
2021-04-30 09:51:22 | INFO | Executing command: exportfits(imagename='HCG61/HCG61.image.pbcor', fitsimage='HCG61/HCG61_HI.pbcor.fits', velocity=True,optical=False,overwrite=True,dropstokes=True,stokeslast=True,history=True,dropdeg=True)
2021-04-30 09:51:23 | INFO | Completed generating fits files.
2021-04-30 09:51:23 | INFO | Moving logs to source directory.
