2020-02-11 16:26:42 | INFO | CASA Version 5.4.2-5
2020-02-11 16:26:42 | INFO | Deleted: summary
2020-02-11 16:26:42 | INFO | Starting import vla data
2020-02-11 16:26:42 | INFO | Create directory: ./summary/
2020-02-11 16:26:42 | INFO | Deleted: AK580.ms
2020-02-11 16:26:42 | INFO | Input files: ['../../data/VLA/AK580/AK580_B040708.xp1', '../../data/VLA/AK580/AK580_B040709.xp2']
2020-02-11 16:26:42 | INFO | Output msfile: AK580.ms
2020-02-11 16:26:42 | INFO | Executing command: importvla(archivefiles = ['../../data/VLA/AK580/AK580_B040708.xp1', '../../data/VLA/AK580/AK580_B040709.xp2'], vis = 'AK580.ms')
2020-02-11 16:26:53 | INFO | Completed import vla data
2020-02-11 16:26:53 | INFO | Starting listobs summary.
2020-02-11 16:26:53 | INFO | Writing listobs summary of data set to: ./summary/AK580.ms.listobs.summary
2020-02-11 16:26:53 | INFO | Completed listobs summary.
2020-02-11 16:26:53 | INFO | Starting data transform.
2020-02-11 16:26:53 | INFO | Executing command: mstransform(vis='AK580.ms', outputvis='AK580.ms_1', field='1338+388, 1331+305, NGC5355', spw='1', observation='1')
2020-02-11 16:26:56 | INFO | Updating config file (AK580_params.cfg) to set mstransform values.
2020-02-11 16:26:56 | INFO | Deleted: AK580.ms.flagversions
2020-02-11 16:26:56 | INFO | Create directory: AK580.ms.flagversions
2020-02-11 16:26:56 | INFO | Deleted: AK580.ms
2020-02-11 16:26:56 | INFO | Moved AK580.ms_1 to AK580.ms
2020-02-11 16:26:56 | INFO | Completed data transformation.
2020-02-11 16:26:56 | INFO | Starting listobs summary.
2020-02-11 16:26:56 | INFO | Deleted: ./summary/AK580.ms.listobs.summary
2020-02-11 16:26:56 | INFO | Writing listobs summary of data set to: ./summary/AK580.ms.listobs.summary
2020-02-11 16:26:56 | INFO | Completed listobs summary.
2020-02-11 16:26:56 | INFO | Reading ms file information for MS: AK580.ms
2020-02-11 16:26:56 | INFO | Sources in MS AK580.ms: 1331+305,1338+388,NGC5355
2020-02-11 16:26:56 | INFO | > Sources (3): 1331+305,1338+388,NGC5355
2020-02-11 16:26:56 | INFO | > Number of spw: 1
2020-02-11 16:26:56 | INFO | > Channels per spw: 63
2020-02-11 16:26:56 | INFO | Starting plotting elevation.
2020-02-11 16:26:56 | INFO | Create directory: ./plots/
2020-02-11 16:26:56 | INFO | Plotting elevation to: ./plots/AK580.ms_elevation.png
2020-02-11 16:27:01 | INFO | Completed plotting elevation.
2020-02-11 16:27:01 | INFO | Starting plotting antenna positions.
2020-02-11 16:27:01 | INFO | Plotting antenna positions to: ./plots/AK580.ms_antpos.png
2020-02-11 16:27:02 | INFO | Completed plotting antenna positions.
2020-02-11 16:27:02 | INFO | The parameters in AK580_params.cfg have been modified during this pipeline step.
2020-02-11 16:27:02 | INFO | Deleted: diff_params.txt
2020-02-11 16:27:02 | INFO | The changes are as follows:
2020-02-11 16:27:02 | INFO | 66c66,67

2020-02-11 16:27:02 | INFO | < mom_chans = ['']

2020-02-11 16:27:02 | INFO | \ No newline at end of file

2020-02-11 16:27:02 | INFO | ---

2020-02-11 16:27:02 | INFO | > mom_chans = ['']

2020-02-11 16:27:02 | INFO | > 

2020-02-11 16:27:02 | INFO | Backing up AK580_params.cfg to backup.AK580_params.cfg.
2020-02-11 16:27:05 | INFO | CASA Version 5.4.2-5
2020-02-11 16:27:05 | INFO | Saving flag version as: Original.
2020-02-11 16:27:05 | INFO | Executing command: flagmanager(vis='AK580.ms', mode='save', versionname='Original')
2020-02-11 16:27:05 | INFO | Completed saving flag version.
2020-02-11 16:27:05 | INFO | Starting manual flagging.
2020-02-11 16:27:05 | INFO | Applying flags from manual_flags.list
2020-02-11 16:27:05 | WARNING | 'manual_flags.list' does not exist. Continuing without manual flagging.
2020-02-11 16:27:05 | INFO | Starting basic flagging.
2020-02-11 16:27:05 | INFO | Flagging antennae with more than 5.0 m of shadowing.
2020-02-11 16:27:05 | INFO | Executing command: flagdata(vis='AK580.ms', mode='shadow', tolerance=5.0, flagbackup=False)
2020-02-11 16:27:07 | INFO | Flagging zero amplitude data.
2020-02-11 16:27:07 | INFO | Executing command: flagdata(vis='AK580.ms', mode='clip', clipzeros=True, flagbackup=False)
2020-02-11 16:27:10 | INFO | Flagging first 5.0 s of every scan.
2020-02-11 16:27:10 | INFO | Executing command: flagdata(vis='AK580.ms', mode='quack', quackinterval=5.0, quackmode='beg', flagbackup=False)
2020-02-11 16:27:12 | INFO | Completed basic flagging.
2020-02-11 16:27:12 | INFO | Starting running TFCrop.
2020-02-11 16:27:12 | INFO | Executing command: flagdata(vis='AK580.ms', mode='tfcrop', action='apply', display='', timecutoff=4.0, freqcutoff=4.0, flagbackup=False)
2020-02-11 16:27:18 | INFO | Completed running TFCrop.
2020-02-11 16:27:18 | INFO | Removing flag version: initial.
2020-02-11 16:27:18 | INFO | Executing command: flagmanager(vis='AK580.ms', mode='delete', versionname='initial')
2020-02-11 16:27:18 | INFO | Completed removing flag version.
2020-02-11 16:27:18 | INFO | Saving flag version as: initial.
2020-02-11 16:27:18 | INFO | Executing command: flagmanager(vis='AK580.ms', mode='save', versionname='initial')
2020-02-11 16:27:18 | INFO | Completed saving flag version.
2020-02-11 16:27:18 | INFO | Starting writing flag summary to: ./summary/AK580.ms.initialflags.summary.
2020-02-11 16:27:19 | INFO | Total flagged data: 6.91%
2020-02-11 16:27:19 | INFO | Completed writing flag summary.
2020-02-11 16:27:19 | INFO | Starting reference antenna selection.
2020-02-11 16:27:19 | INFO | Reference antenna already set as: VA04.
2020-02-11 16:27:19 | INFO | Starting set field purposes.
2020-02-11 16:27:19 | INFO | Target field(s) already set as: ['NGC5355'].
2020-02-11 16:27:19 | INFO | Flux calibrator already set as: ['1331+305'].
2020-02-11 16:27:19 | INFO | Flux models already set as: ['3C286_L.im'].
2020-02-11 16:27:19 | INFO | Bandpass calibrator already set as: ['1331+305'].
2020-02-11 16:27:19 | INFO | Phase calibrator already set as: ['1338+388'].
2020-02-11 16:27:19 | INFO | No changes made to preset target and calibrator fields.
2020-02-11 16:27:19 | INFO | Completed setting field purposes.
2020-02-11 16:27:19 | INFO | Making flags plots for flag version: initial
2020-02-11 16:27:19 | INFO | Making flags plots for 1338+388.
2020-02-11 16:27:19 | INFO | Plotting amplitude vs frequency to ./plots/flag_plot_initial_1338+388_freq_ob0_spw0.png
2020-02-11 16:27:24 | INFO | Plotting amplitude vs time to ./plots/flag_plot_initial_1338+388_time_ob0_spw0.png
2020-02-11 16:27:27 | INFO | Making flags plots for NGC5355.
2020-02-11 16:27:27 | INFO | Plotting amplitude vs frequency to ./plots/flag_plot_initial_NGC5355_freq_ob0_spw0.png
2020-02-11 16:27:31 | INFO | Plotting amplitude vs time to ./plots/flag_plot_initial_NGC5355_time_ob0_spw0.png
2020-02-11 16:27:34 | INFO | Making flags plots for 1331+305.
2020-02-11 16:27:34 | INFO | Plotting amplitude vs frequency to ./plots/flag_plot_initial_1331+305_freq_ob0_spw0.png
2020-02-11 16:27:36 | INFO | Plotting amplitude vs time to ./plots/flag_plot_initial_1331+305_time_ob0_spw0.png
2020-02-11 16:27:37 | INFO | Completed flags plots 
2020-02-11 16:27:37 | INFO | Starting calibration.
2020-02-11 16:27:37 | INFO | Create directory: ./cal_tabs/
2020-02-11 16:27:37 | INFO | Calibrating gain vs elevation(./cal_tabs/gaincurve.cal).
2020-02-11 16:27:37 | INFO | Executing command: gencal(vis='AK580.ms', caltable='./cal_tabs/gaincurve.cal', caltype='gceff')
2020-02-11 16:27:38 | INFO | Load model for flux calibrator 1331+305 (3C286_L.im).
2020-02-11 16:27:38 | INFO | Executing command: setjy(vis='AK580.ms', field='1331+305', scalebychan=True, model='3C286_L.im')
2020-02-11 16:27:39 | INFO | Plotting bandpass phase vs. time for reference antenna to: ./plots/bpphaseint.png
2020-02-11 16:27:40 | INFO | Calibrating delays for bandpass calibrators ['1331+305'] (./cal_tabs/delays.cal).
2020-02-11 16:27:40 | INFO | Executing command: gaincal(vis='AK580.ms', field='1331+305', caltable='./cal_tabs/delays.cal', refant='VA04', gaintype='K', gaintable=['./cal_tabs/gaincurve.cal'], spw='0')
2020-02-11 16:27:41 | INFO | Make bandpass calibrator phase solutions for ['1331+305'] (./cal_tabs/bpphase.gcal).
2020-02-11 16:27:41 | INFO | Executing command: gaincal(vis='AK580.ms', field='1331+305',  caltable='./cal_tabs/bpphase.gcal', refant='VA04', calmode='p', solint='int', combine='', minsnr=2.0, gaintable=['./cal_tabs/gaincurve.cal','./cal_tabs/delays.cal'], spw='0')
2020-02-11 16:27:42 | INFO | Plotting bandpass phase solutions to: ./plots/bpphasesol_ob0.png
2020-02-11 16:27:43 | INFO | Determining bandpass solution(s) (./cal_tabs/bandpass.bcal).
2020-02-11 16:27:43 | INFO | Executing command: bandpass(vis='AK580.ms', caltable='./cal_tabs/bandpass.bcal', field='1331+305', refant='VA04', solint='inf', solnorm=True, gaintable=['./cal_tabs/gaincurve.cal', './cal_tabs/delays.cal', './cal_tabs/bpphase.gcal'], spw='0')
2020-02-11 16:27:44 | INFO | Plotting bandpass amplitude solutions to: ./plots/bandpasssol_.png
2020-02-11 16:27:46 | INFO | Determining integration phase solutions (./cal_tabs/intphase.gcal).
2020-02-11 16:27:46 | INFO | Executing command: gaincal(vis='AK580.ms', field='1338+388,1331+305', caltable='./cal_tabs/intphase.gcal', refant='VA04', calmode='p', solint='int', minsnr=2.0, gaintable=['./cal_tabs/gaincurve.cal', './cal_tabs/delays.cal', './cal_tabs/bandpass.bcal'],spw='0')
2020-02-11 16:27:47 | INFO | Determining scan phase solutions (./cal_tabs/scanphase.gcal).
2020-02-11 16:27:47 | INFO | Executing command: gaincal(vis='AK580.ms', field='1338+388,1331+305', caltable='./cal_tabs/scanphase.gcal', refant='VA04', calmode='p', solint='inf', minsnr=2.0, gaintable=['./cal_tabs/gaincurve.cal', './cal_tabs/delays.cal', './cal_tabs/bandpass.bcal'],spw='0')
2020-02-11 16:27:49 | INFO | Determining amplitude solutions (./cal_tabs/amp.gcal).
2020-02-11 16:27:49 | INFO | Executing command: gaincal(vis='AK580.ms', field='1338+388,1331+305', caltable='./cal_tabs/amp.gcal', refant='VA04', calmode='ap', solint='inf', minsnr=2.0, gaintable=['./cal_tabs/gaincurve.cal', './cal_tabs/delays.cal', './cal_tabs/bandpass.bcal', './cal_tabs/intphase.gcal'],spw='0')
2020-02-11 16:27:50 | INFO | Plotting phase solutions to: ./plots/phasesol_ob0.png
2020-02-11 16:27:52 | INFO | Plotting amplitude solutions to: ./plots/ampsol_ob0.png
2020-02-11 16:27:53 | INFO | Applying flux scale to calibrators (./cal_tabs/fluxsol.cal).
2020-02-11 16:27:53 | INFO | Executing command: flux_info = fluxscale(vis='AK580.ms', caltable='./cal_tabs/amp.gcal', fluxtable='./cal_tabs/fluxsol.cal', reference='1331+305', incremental=True)
2020-02-11 16:27:54 | INFO | Writing calibrator fluxes summary to: ./summary/AK580.ms.flux.summary.
2020-02-11 16:27:54 | INFO | Apply all calibrations to bandpass and flux calibrators.
2020-02-11 16:27:54 | INFO | Applying calibration to: 1331+305
2020-02-11 16:27:54 | INFO | Executing command: applycal(vis='AK580.ms', field='1331+305', gaintable=['./cal_tabs/gaincurve.cal', './cal_tabs/delays.cal', './cal_tabs/bandpass.bcal', './cal_tabs/intphase.gcal', './cal_tabs/amp.gcal'], gainfield=['', '1331+305', '1331+305', '1331+305', '1331+305'], calwt=False)
2020-02-11 16:27:55 | INFO | Plotting corrected phases for ['1331+305'] to: ./plots/corr_phase.png
2020-02-11 16:27:56 | INFO | Plotting corrected amplitudes for ['1331+305'] to: ./plots/corr_amp.png
2020-02-11 16:27:58 | INFO | Apply all calibrations to phase calibrators and targets.
2020-02-11 16:27:58 | INFO | Applying calibration to: 1338+388
2020-02-11 16:27:58 | INFO | Executing command: applycal(vis='AK580.ms', field='1338+388', gaintable=['./cal_tabs/gaincurve.cal', './cal_tabs/delays.cal', './cal_tabs/bandpass.bcal', './cal_tabs/intphase.gcal', './cal_tabs/amp.gcal', './cal_tabs/fluxsol.cal'], gainfield=['', '1331+305', '1331+305', '1338+388', '1338+388', '1338+388'], calwt=False)
2020-02-11 16:27:59 | INFO | Applying calibration to: NGC5355
2020-02-11 16:27:59 | INFO | Executing command: applycal(vis='AK580.ms', field='NGC5355', gaintable=['./cal_tabs/gaincurve.cal', './cal_tabs/delays.cal', './cal_tabs/bandpass.bcal', './cal_tabs/intphase.gcal', './cal_tabs/amp.gcal', './cal_tabs/fluxsol.cal'], gainfield=['', '1331+305', '1331+305', '1338+388', '1338+388', '1338+388'], calwt=False)
2020-02-11 16:28:01 | INFO | Completed calibration.
2020-02-11 16:28:01 | INFO | Starting running rflag with a threshold of 4.0.
2020-02-11 16:28:01 | INFO | Executing command: flagdata(vis='AK580.ms', mode='rflag', action='apply', datacolumn='corrected', freqdevscale=4.0, timedevscale=4.0, display='', flagbackup=False)
2020-02-11 16:28:09 | INFO | Completed running rflag.
2020-02-11 16:28:09 | INFO | Removing flag version: rflag.
2020-02-11 16:28:09 | INFO | Executing command: flagmanager(vis='AK580.ms', mode='delete', versionname='rflag')
2020-02-11 16:28:09 | INFO | Completed removing flag version.
2020-02-11 16:28:09 | INFO | Saving flag version as: rflag.
2020-02-11 16:28:09 | INFO | Executing command: flagmanager(vis='AK580.ms', mode='save', versionname='rflag')
2020-02-11 16:28:09 | INFO | Completed saving flag version.
2020-02-11 16:28:09 | INFO | Starting writing flag summary to: ./summary/AK580.ms.rflagflags.summary.
2020-02-11 16:28:10 | INFO | Total flagged data: 23.76%
2020-02-11 16:28:10 | INFO | Completed writing flag summary.
2020-02-11 16:28:10 | INFO | Starting extending existing flags.
2020-02-11 16:28:10 | INFO | Executing command: flagdata(vis='AK580.ms', mode='extend', spw='', extendpols=True, action='apply', display='', flagbackup=False)
2020-02-11 16:28:12 | INFO | Executing command: flagdata(vis='AK580.ms', mode='extend', spw='', growtime=75.0, growfreq=90.0, action='apply', display='', flagbackup=False)
2020-02-11 16:28:14 | INFO | Completed extending existing flags.
2020-02-11 16:28:14 | INFO | Removing flag version: extended.
2020-02-11 16:28:14 | INFO | Executing command: flagmanager(vis='AK580.ms', mode='delete', versionname='extended')
2020-02-11 16:28:14 | INFO | Completed removing flag version.
2020-02-11 16:28:14 | INFO | Saving flag version as: extended.
2020-02-11 16:28:14 | INFO | Executing command: flagmanager(vis='AK580.ms', mode='save', versionname='extended')
2020-02-11 16:28:14 | INFO | Completed saving flag version.
2020-02-11 16:28:14 | INFO | Starting writing flag summary to: ./summary/AK580.ms.extendedflags.summary.
2020-02-11 16:28:15 | INFO | Total flagged data: 23.91%
2020-02-11 16:28:15 | INFO | Completed writing flag summary.
2020-02-11 16:28:15 | INFO | Starting calibration.
2020-02-11 16:28:15 | INFO | Calibrating gain vs elevation(./cal_tabs/gaincurve.cal).
2020-02-11 16:28:15 | INFO | Executing command: gencal(vis='AK580.ms', caltable='./cal_tabs/gaincurve.cal', caltype='gceff')
2020-02-11 16:28:15 | INFO | Load model for flux calibrator 1331+305 (3C286_L.im).
2020-02-11 16:28:15 | INFO | Executing command: setjy(vis='AK580.ms', field='1331+305', scalebychan=True, model='3C286_L.im')
2020-02-11 16:28:16 | INFO | Plotting bandpass phase vs. time for reference antenna to: ./plots/bpphaseint.png
2020-02-11 16:28:18 | INFO | Calibrating delays for bandpass calibrators ['1331+305'] (./cal_tabs/delays.cal).
2020-02-11 16:28:18 | INFO | Executing command: gaincal(vis='AK580.ms', field='1331+305', caltable='./cal_tabs/delays.cal', refant='VA04', gaintype='K', gaintable=['./cal_tabs/gaincurve.cal'], spw='0')
2020-02-11 16:28:18 | INFO | Make bandpass calibrator phase solutions for ['1331+305'] (./cal_tabs/bpphase.gcal).
2020-02-11 16:28:18 | INFO | Executing command: gaincal(vis='AK580.ms', field='1331+305',  caltable='./cal_tabs/bpphase.gcal', refant='VA04', calmode='p', solint='int', combine='', minsnr=2.0, gaintable=['./cal_tabs/gaincurve.cal','./cal_tabs/delays.cal'], spw='0')
2020-02-11 16:28:19 | INFO | Plotting bandpass phase solutions to: ./plots/bpphasesol_ob0.png
2020-02-11 16:28:21 | INFO | Determining bandpass solution(s) (./cal_tabs/bandpass.bcal).
2020-02-11 16:28:21 | INFO | Executing command: bandpass(vis='AK580.ms', caltable='./cal_tabs/bandpass.bcal', field='1331+305', refant='VA04', solint='inf', solnorm=True, gaintable=['./cal_tabs/gaincurve.cal', './cal_tabs/delays.cal', './cal_tabs/bpphase.gcal'], spw='0')
2020-02-11 16:28:21 | INFO | Plotting bandpass amplitude solutions to: ./plots/bandpasssol_.png
2020-02-11 16:28:23 | INFO | Determining integration phase solutions (./cal_tabs/intphase.gcal).
2020-02-11 16:28:23 | INFO | Executing command: gaincal(vis='AK580.ms', field='1338+388,1331+305', caltable='./cal_tabs/intphase.gcal', refant='VA04', calmode='p', solint='int', minsnr=2.0, gaintable=['./cal_tabs/gaincurve.cal', './cal_tabs/delays.cal', './cal_tabs/bandpass.bcal'],spw='0')
2020-02-11 16:28:26 | INFO | Determining scan phase solutions (./cal_tabs/scanphase.gcal).
2020-02-11 16:28:26 | INFO | Executing command: gaincal(vis='AK580.ms', field='1338+388,1331+305', caltable='./cal_tabs/scanphase.gcal', refant='VA04', calmode='p', solint='inf', minsnr=2.0, gaintable=['./cal_tabs/gaincurve.cal', './cal_tabs/delays.cal', './cal_tabs/bandpass.bcal'],spw='0')
2020-02-11 16:28:27 | INFO | Determining amplitude solutions (./cal_tabs/amp.gcal).
2020-02-11 16:28:27 | INFO | Executing command: gaincal(vis='AK580.ms', field='1338+388,1331+305', caltable='./cal_tabs/amp.gcal', refant='VA04', calmode='ap', solint='inf', minsnr=2.0, gaintable=['./cal_tabs/gaincurve.cal', './cal_tabs/delays.cal', './cal_tabs/bandpass.bcal', './cal_tabs/intphase.gcal'],spw='0')
2020-02-11 16:28:29 | INFO | Plotting phase solutions to: ./plots/phasesol_ob0.png
2020-02-11 16:28:30 | INFO | Plotting amplitude solutions to: ./plots/ampsol_ob0.png
2020-02-11 16:28:32 | INFO | Applying flux scale to calibrators (./cal_tabs/fluxsol.cal).
2020-02-11 16:28:32 | INFO | Executing command: flux_info = fluxscale(vis='AK580.ms', caltable='./cal_tabs/amp.gcal', fluxtable='./cal_tabs/fluxsol.cal', reference='1331+305', incremental=True)
2020-02-11 16:28:33 | INFO | Writing calibrator fluxes summary to: ./summary/AK580.ms.flux.summary.
2020-02-11 16:28:33 | INFO | Apply all calibrations to bandpass and flux calibrators.
2020-02-11 16:28:33 | INFO | Applying calibration to: 1331+305
2020-02-11 16:28:33 | INFO | Executing command: applycal(vis='AK580.ms', field='1331+305', gaintable=['./cal_tabs/gaincurve.cal', './cal_tabs/delays.cal', './cal_tabs/bandpass.bcal', './cal_tabs/intphase.gcal', './cal_tabs/amp.gcal'], gainfield=['', '1331+305', '1331+305', '1331+305', '1331+305'], calwt=False)
2020-02-11 16:28:33 | INFO | Plotting corrected phases for ['1331+305'] to: ./plots/corr_phase.png
2020-02-11 16:28:35 | INFO | Plotting corrected amplitudes for ['1331+305'] to: ./plots/corr_amp.png
2020-02-11 16:28:36 | INFO | Apply all calibrations to phase calibrators and targets.
2020-02-11 16:28:36 | INFO | Applying calibration to: 1338+388
2020-02-11 16:28:36 | INFO | Executing command: applycal(vis='AK580.ms', field='1338+388', gaintable=['./cal_tabs/gaincurve.cal', './cal_tabs/delays.cal', './cal_tabs/bandpass.bcal', './cal_tabs/intphase.gcal', './cal_tabs/amp.gcal', './cal_tabs/fluxsol.cal'], gainfield=['', '1331+305', '1331+305', '1338+388', '1338+388', '1338+388'], calwt=False)
2020-02-11 16:28:37 | INFO | Applying calibration to: NGC5355
2020-02-11 16:28:37 | INFO | Executing command: applycal(vis='AK580.ms', field='NGC5355', gaintable=['./cal_tabs/gaincurve.cal', './cal_tabs/delays.cal', './cal_tabs/bandpass.bcal', './cal_tabs/intphase.gcal', './cal_tabs/amp.gcal', './cal_tabs/fluxsol.cal'], gainfield=['', '1331+305', '1331+305', '1338+388', '1338+388', '1338+388'], calwt=False)
2020-02-11 16:28:40 | INFO | Completed calibration.
2020-02-11 16:28:40 | INFO | Removing flag version: final.
2020-02-11 16:28:40 | INFO | Executing command: flagmanager(vis='AK580.ms', mode='delete', versionname='final')
2020-02-11 16:28:40 | INFO | Completed removing flag version.
2020-02-11 16:28:40 | INFO | Saving flag version as: final.
2020-02-11 16:28:40 | INFO | Executing command: flagmanager(vis='AK580.ms', mode='save', versionname='final')
2020-02-11 16:28:40 | INFO | Completed saving flag version.
2020-02-11 16:28:40 | INFO | Starting writing flag summary to: ./summary/AK580.ms.finalflags.summary.
2020-02-11 16:28:40 | INFO | Total flagged data: 31.23%
2020-02-11 16:28:40 | INFO | Completed writing flag summary.
2020-02-11 16:28:40 | INFO | Making flags plots for flag version: final
2020-02-11 16:28:40 | INFO | Making flags plots for 1338+388.
2020-02-11 16:28:40 | INFO | Plotting amplitude vs frequency to ./plots/flag_plot_final_1338+388_freq_ob0_spw0.png
2020-02-11 16:28:43 | INFO | Plotting amplitude vs time to ./plots/flag_plot_final_1338+388_time_ob0_spw0.png
2020-02-11 16:28:46 | INFO | Making flags plots for NGC5355.
2020-02-11 16:28:46 | INFO | Plotting amplitude vs frequency to ./plots/flag_plot_final_NGC5355_freq_ob0_spw0.png
2020-02-11 16:28:54 | INFO | Plotting amplitude vs time to ./plots/flag_plot_final_NGC5355_time_ob0_spw0.png
2020-02-11 16:29:03 | INFO | Making flags plots for 1331+305.
2020-02-11 16:29:03 | INFO | Plotting amplitude vs frequency to ./plots/flag_plot_final_1331+305_freq_ob0_spw0.png
2020-02-11 16:29:07 | INFO | Plotting amplitude vs time to ./plots/flag_plot_final_1331+305_time_ob0_spw0.png
2020-02-11 16:29:09 | INFO | Completed flags plots 
2020-02-11 16:29:09 | INFO | Starting split fields.
2020-02-11 16:29:09 | INFO | Create directory: ./sources/
2020-02-11 16:29:09 | INFO | Splitting NGC5355 into separate file: HCG68.split.
2020-02-11 16:29:09 | INFO | Executing command: split(vis='AK580.ms', outputvis='sources/HCG68.split', field='NGC5355')
2020-02-11 16:29:11 | INFO | Writing listobs summary for split data set to: ./summary/HCG68.listobs.summary
2020-02-11 16:29:11 | INFO | Completed split fields.
2020-02-11 16:29:11 | INFO | The parameters in AK580_params.cfg have been modified during this pipeline step.
2020-02-11 16:29:11 | INFO | Deleted: diff_params.txt
2020-02-11 16:29:11 | INFO | The changes are as follows:
2020-02-11 16:29:11 | INFO | 40a41

2020-02-11 16:29:11 | INFO | > mosaic = False

2020-02-11 16:29:11 | INFO | Backing up AK580_params.cfg to backup.AK580_params.cfg.
2020-02-11 16:29:14 | INFO | CASA Version 5.4.2-5
2020-02-11 16:29:14 | INFO | Starting making dirty continuum image.
2020-02-11 16:29:14 | INFO | Removing any existing dirty continuum images.
2020-02-11 16:29:14 | INFO | Checking clean parameters for dirty image (inc. continuum).
2020-02-11 16:29:14 | INFO | Pixel sizes set as: ['8arcsec'].
2020-02-11 16:29:14 | INFO | For the targets: ['HCG68'].
2020-02-11 16:29:14 | INFO | Image sizes set as: ['256'] pixels.
2020-02-11 16:29:14 | INFO | For the targets: ['HCG68'].
2020-02-11 16:29:14 | INFO | Making dirty image of HCG68 (inc. continuum).
2020-02-11 16:29:14 | INFO | Executing command: tclean(vis='sources/HCG68.split', field='NGC5355', imagename='images/HCG68.cont.dirty', cell='8arcsec', imsize=[256,256], specmode='cube', outframe='bary', veltype='radio', restfreq='1420405751.786Hz', gridder='wproject', wprojplanes=128, pblimit=0.1, normtype='flatnoise', deconvolver='hogbom', weighting='briggs', robust=2, niter=0, interactive=False)
2020-02-11 16:29:27 | INFO | Completed making dirty continuum image.
2020-02-11 16:29:27 | INFO | Backing up AK580_params.cfg to backup.AK580_params.cfg.
2020-02-11 16:29:30 | INFO | CASA Version 5.4.2-5
2020-02-11 16:29:30 | INFO | Starting plotting amplitude spectrum.
2020-02-11 16:29:30 | INFO | Plotting amplitude vs channel to ./plots/HCG68_amp_chn.png
2020-02-11 16:29:36 | INFO | Plotting amplitude vs velocity to ./plots/HCG68_amp_vel.png
2020-02-11 16:29:42 | INFO | Completed plotting amplitude spectrum.
2020-02-11 16:29:42 | INFO | Starting continuum subtraction.
2020-02-11 16:29:42 | INFO | Checking for line free channel ranges in parameters.
2020-02-11 16:29:42 | INFO | Line free channels set as: ['1:2~16;41~59'].
2020-02-11 16:29:42 | INFO | Fit order(s) set as: 1.
2020-02-11 16:29:42 | INFO | For the targets: ['HCG68'].
2020-02-11 16:29:42 | INFO | Subtracting the continuum from field: HCG68
2020-02-11 16:29:42 | INFO | Executing command: uvcontsub(vis='sources/HCG68'+'.split', field='NGC5355', fitspw='1:2~16;41~59', spw='1', excludechans=False, combine='spw', solint='int', fitorder=1, want_cont=False)
2020-02-11 16:29:42 | CRITICAL | There were severe errors in the CASA log:
2020-02-11 16:29:42 | CRITICAL | 2020-02-11 16:29:42	SEVERE	uvcontsub::::	Error in uvcontsub: fitspw contains non-existent spw(s): 1

2020-02-11 16:29:42 | CRITICAL | 2020-02-11 16:29:42	SEVERE	uvcontsub::::	An error occurred running task uvcontsub.

2020-02-11 16:30:08 | INFO | CASA Version 5.4.2-5
2020-02-11 16:30:08 | INFO | Starting plotting amplitude spectrum.
2020-02-11 16:30:08 | INFO | Plotting amplitude vs channel to ./plots/HCG68_amp_chn.png
2020-02-11 16:30:14 | INFO | Plotting amplitude vs velocity to ./plots/HCG68_amp_vel.png
2020-02-11 16:30:20 | INFO | Completed plotting amplitude spectrum.
2020-02-11 16:30:20 | INFO | Starting continuum subtraction.
2020-02-11 16:30:20 | INFO | Checking for line free channel ranges in parameters.
2020-02-11 16:30:20 | INFO | Line free channels set as: ['0:2~16;41~59'].
2020-02-11 16:30:20 | INFO | Fit order(s) set as: 1.
2020-02-11 16:30:20 | INFO | For the targets: ['HCG68'].
2020-02-11 16:30:20 | INFO | Subtracting the continuum from field: HCG68
2020-02-11 16:30:20 | INFO | Executing command: uvcontsub(vis='sources/HCG68'+'.split', field='NGC5355', fitspw='0:2~16;41~59', spw='0', excludechans=False, combine='spw', solint='int', fitorder=1, want_cont=False)
2020-02-11 16:30:29 | INFO | Completed continuum subtraction.
2020-02-11 16:30:29 | INFO | Starting plotting amplitude spectrum.
2020-02-11 16:30:29 | INFO | Plotting amplitude vs channel to ./plots/HCG68_contsub_amp_chn.png
2020-02-11 16:30:33 | INFO | Completed plotting amplitude spectrum.
2020-02-11 16:30:33 | INFO | Starting making dirty image.
2020-02-11 16:30:33 | INFO | Removing any existing dirty images.
2020-02-11 16:30:33 | INFO | Checking clean parameters for dirty image.
2020-02-11 16:30:33 | INFO | Pixel sizes set as: ['8arcsec'].
2020-02-11 16:30:33 | INFO | For the targets: ['HCG68'].
2020-02-11 16:30:33 | INFO | Image sizes set as: ['256'] pixels.
2020-02-11 16:30:33 | INFO | For the targets: ['HCG68'].
2020-02-11 16:30:33 | INFO | Line emission channels set as: ['0:2~59'].
2020-02-11 16:30:33 | INFO | For the targets: ['HCG68'].
2020-02-11 16:30:33 | INFO | Making dirty image of HCG68 (line only).
2020-02-11 16:30:33 | INFO | Executing command: tclean(vis='sources/HCG68'+'.split.contsub', field='NGC5355', imagename='images/HCG68'+'.dirty', cell='8arcsec', imsize=[256,256], specmode='cube', outframe='bary', veltype='radio', restfreq='1420405751.786Hz', gridder='wproject', wprojplanes=128, pblimit=0.1, normtype='flatnoise', deconvolver='hogbom', weighting='briggs', robust=2, restoringbeam='common', niter=0, interactive=False)
2020-02-11 16:30:48 | INFO | Completed making dirty image.
2020-02-11 16:30:48 | INFO | Backing up AK580_params.cfg to backup.AK580_params.cfg.
2020-02-11 16:30:51 | INFO | CASA Version 5.4.2-5
2020-02-11 16:30:51 | INFO | Deleting any existing clean image(s).
2020-02-11 16:30:51 | INFO | Starting making noise estimation.
2020-02-11 16:30:52 | INFO | Effective integration time for HCG68: 1030 s
2020-02-11 16:30:52 | INFO | Expected rms noise for HCG68: 0.0012900875278 Jy/beam
2020-02-11 16:30:52 | INFO | Completed making noise estimation.
2020-02-11 16:30:52 | INFO | Starting generation of clean image(s).
2020-02-11 16:30:52 | INFO | Line emission channels set as: ['0:2~59'].
2020-02-11 16:30:52 | INFO | For the targets: ['HCG68'].
2020-02-11 16:30:52 | INFO | Setting CLEAN algorithm to MS-CLEAN.
2020-02-11 16:30:52 | INFO | Starting HCG68 image.
2020-02-11 16:30:52 | INFO | Automasking parameters set as:
2020-02-11 16:30:52 | INFO | sidelobethreshold = 2.0
2020-02-11 16:30:52 | INFO | noisethreshold = 3.0
2020-02-11 16:30:52 | INFO | lownoisethreshold = 1.5
2020-02-11 16:30:52 | INFO | minbeamfraction = 0.3
2020-02-11 16:30:52 | INFO | negativethreshold = 15.0
2020-02-11 16:30:52 | INFO | The maximum recoverable scale for HCG68 is 916 arcsec.
2020-02-11 16:30:52 | INFO | CLEANing with scales of [0, 7, 23, 71] pixels.
2020-02-11 16:30:52 | INFO | CLEANing HCG68 to a threshold of 0.0032252188195 Jy.
2020-02-11 16:30:52 | INFO | Executing command: tclean(vis='sources/HCG68'+'.split.contsub', field='NGC5355', spw='0:2~59', imagename='images/HCG68', cell='8arcsec', imsize=[256,256], specmode='cube', outframe='bary', veltype='radio', restfreq='1420405751.786Hz', gridder='wproject', wprojplanes=128, pblimit=0.1, normtype='flatnoise', deconvolver='multiscale', scales=[0, 7, 23, 71], restoringbeam='common', pbcor=True, weighting='briggs', robust=2, niter=100000, gain=0.1, threshold='0.0032252188195Jy', usemask='auto-multithresh', sidelobethreshold=2.0, noisethreshold=3.0, lownoisethreshold=1.5, minbeamfrac=0.3, negativethreshold=15.0, cyclefactor=2.0,interactive=False)
2020-02-11 16:34:52 | INFO | CLEANing finished. Image cube saved as HCG68.image.
2020-02-11 16:34:52 | INFO | Saving image cube as HCG68_HI.fits
2020-02-11 16:34:52 | INFO | Executing command: exportfits(imagename='images/HCG68.image', fitsimage='images/HCG68_HI.fits', velocity=True,optical=False,overwrite=True,dropstokes=True,stokeslast=True,history=True,dropdeg=True)
2020-02-11 16:34:52 | INFO | Saving primary beam corrected image cube as HCG68_HI.pbcor.fits
2020-02-11 16:34:52 | INFO | Executing command: exportfits(imagename='images/HCG68.image.pbcor', fitsimage='images/HCG68_HI.pbcor.fits', velocity=True,optical=False,overwrite=True,dropstokes=True,stokeslast=True,history=True,dropdeg=True)
2020-02-11 16:34:52 | INFO | Completed generation of clean image(s).
2020-02-11 16:34:52 | INFO | Backing up AK580_params.cfg to backup.AK580_params.cfg.
2020-02-11 16:34:56 | INFO | CASA Version 5.4.2-5
2020-02-11 16:34:56 | INFO | Deleting any existing moment(s).
2020-02-11 16:34:56 | INFO | Starting making noise estimation.
2020-02-11 16:34:56 | INFO | Effective integration time for HCG68: 1030 s
2020-02-11 16:34:56 | INFO | Expected rms noise for HCG68: 0.0012900875278 Jy/beam
2020-02-11 16:34:56 | INFO | Completed making noise estimation.
2020-02-11 16:34:56 | INFO | Create directory: ./moments/
2020-02-11 16:34:56 | INFO | Starting generation of moment map(s).
2020-02-11 16:34:56 | INFO | Executing command: immoments(imagename='images/HCG68.image',includepix=[0.0038702625834,3870.2625834],chans='',outfile='moments/HCG68.mom0')
2020-02-11 16:34:56 | INFO | Executing command: exportfits(imagename='moments/HCG68.mom0', fitsimage='moments/HCG68.mom0.fits',overwrite=True,dropstokes=True,stokeslast=True,history=True,dropdeg=True)
2020-02-11 16:34:56 | INFO | Completed generation of moment map(s).
