2020-08-20 10:15:43 | INFO | Starting joint (dirty) imaging of HCG 62 from the projects: ['13A-387/13A-387_1', '13A-387/13A-387_8']
2020-08-20 10:15:43 | INFO | MS file(s) added to combine list: ['../13A-387/13A-387_1/sources/HCG62.split.contsub']
2020-08-20 10:15:43 | INFO | MS file(s) added to combine list: ['../13A-387/13A-387_8/sources/HCG62.split.contsub']
2020-08-20 10:15:43 | INFO | Setting relative weights of each MS.
2020-08-20 10:15:43 | INFO | Executing command: initweights(vis='../13A-387/13A-387_1/sources/HCG62.split.contsub', wtmode='nyq')
2020-08-20 10:16:02 | INFO | Executing command: initweights(vis='../13A-387/13A-387_8/sources/HCG62.split.contsub', wtmode='nyq')
2020-08-20 10:16:20 | INFO | Starting to make combined dirty image.
2020-08-20 10:16:20 | INFO | Executing command: tclean(vis=['../13A-387/13A-387_1/sources/HCG62.split.contsub', '../13A-387/13A-387_8/sources/HCG62.split.contsub'], imagename='HCG62/HCG62.dirty', cell='3arcsec', imsize=512, spw='0:171~512', specmode='cube', outframe='bary', veltype='radio', restfreq='1420405751.786Hz', gridder='mosaic', wprojplanes=128, pblimit=0.1, normtype='flatnoise', deconvolver='multiscale', scales=[0, 7, 21, 63], weighting='briggs', robust=2, pbcor=True, niter=0, gain=0.1, cyclefactor=2.0, interactive=False, threshold='1.625mJy', usemask='auto-multithresh', phasecenter='')
2020-08-20 10:33:40 | INFO | Completed joint (dirty) imaging of HCG 62.
2020-08-20 10:33:40 | INFO | Moving CASA log to source directory.
2020-08-20 15:16:54 | INFO | Starting joint (clean) imaging of HCG 62 from the projects: ['13A-387/13A-387_1', '13A-387/13A-387_8']
2020-08-20 15:16:54 | INFO | MS file(s) added to combine list: ['../13A-387/13A-387_1/sources/HCG62.split.contsub']
2020-08-20 15:16:54 | INFO | MS file(s) added to combine list: ['../13A-387/13A-387_8/sources/HCG62.split.contsub']
2020-08-20 15:16:54 | INFO | Setting relative weights of each MS.
2020-08-20 15:16:54 | INFO | Executing command: initweights(vis='../13A-387/13A-387_1/sources/HCG62.split.contsub', wtmode='nyq')
2020-08-20 15:17:11 | INFO | Executing command: initweights(vis='../13A-387/13A-387_8/sources/HCG62.split.contsub', wtmode='nyq')
2020-08-20 15:17:44 | INFO | Starting to make combined clean image.
2020-08-20 15:17:44 | INFO | Executing command: tclean(vis=['../13A-387/13A-387_1/sources/HCG62.split.contsub', '../13A-387/13A-387_8/sources/HCG62.split.contsub'], imagename='HCG62/HCG62', cell='3arcsec', imsize=512, spw='0:171~512', specmode='cube', outframe='bary', veltype='radio', restfreq='1420405751.786Hz', gridder='mosaic', wprojplanes=128, pblimit=0.1, normtype='flatnoise', deconvolver='multiscale', scales=[0, 7, 21, 63], weighting='briggs', robust=2, restoringbeam='common', pbcor=True, niter=100000, gain=0.1, cyclefactor=2.0, interactive=False, threshold='1.75mJy', usemask='auto-multithresh', phasecenter='', sidelobethreshold=1.25, noisethreshold=3.0, lownoisethreshold=1.5, minbeamfrac=0.3, negativethreshold=15.0)
2020-08-20 19:10:08 | INFO | Completed joint (clean) imaging of HCG 62.
2020-08-20 19:10:08 | INFO | Starting generation of fits files.
2020-08-20 19:10:08 | INFO | Saving image cube as HCG62_HI.fits
2020-08-20 19:10:08 | INFO | Executing command: exportfits(imagename='HCG62/HCG62.image', fitsimage='HCG62/HCG62_HI.fits', velocity=True,optical=False,overwrite=True,dropstokes=True,stokeslast=True,history=True,dropdeg=True)
2020-08-20 19:10:10 | INFO | Saving primary beam corrected image cube as HCG62_HI.pbcor.fits
2020-08-20 19:10:10 | INFO | Executing command: exportfits(imagename='HCG62/HCG62.image.pbcor', fitsimage='HCG62/HCG62_HI.pbcor.fits', velocity=True,optical=False,overwrite=True,dropstokes=True,stokeslast=True,history=True,dropdeg=True)
2020-08-20 19:10:12 | INFO | Completed generating fits files.
2020-08-20 19:10:12 | INFO | Moving logs to source directory.
