2020-07-21 20:56:07 | INFO | CASA version: 5.4.2
2020-07-21 20:56:07 | INFO | Starting listobs summary.
2020-07-21 20:56:07 | INFO | Create directory: ./summary/
2020-07-21 20:56:07 | INFO | Writing listobs summary of data set to: ./summary/13A-387_17.ms.listobs.summary
2020-07-21 20:56:09 | INFO | Completed listobs summary.
2020-07-21 20:56:09 | INFO | Starting data transform.
2020-07-21 20:56:09 | INFO | Executing command: mstransform(vis='13A-387_17.ms', outputvis='13A-387_17.ms_1', field='1,2,3', spw='0', observation='', datacolumn='data', hanning=True, chanaverage=True, chanbin=3)
2020-07-21 21:00:17 | INFO | Updating config file (13A-387_17_params.cfg) to set mstransform values.
2020-07-21 21:00:17 | INFO | 13A-387_17.ms.flagversions is a symbolic link. It will now be unlinked.
2020-07-21 21:00:17 | INFO | Create directory: 13A-387_17.ms.flagversions
2020-07-21 21:00:17 | INFO | 13A-387_17.ms is a symbolic link. It will now be unlinked.
2020-07-21 21:00:17 | INFO | Moved 13A-387_17.ms_1 to 13A-387_17.ms
2020-07-21 21:00:17 | INFO | Completed data transformation.
2020-07-21 21:00:17 | INFO | Starting listobs summary.
2020-07-21 21:00:17 | INFO | Deleted: ./summary/13A-387_17.ms.listobs.summary
2020-07-21 21:00:17 | INFO | Writing listobs summary of data set to: ./summary/13A-387_17.ms.listobs.summary
2020-07-21 21:00:17 | INFO | Completed listobs summary.
2020-07-21 21:00:17 | INFO | Reading ms file information for MS: 13A-387_17.ms
2020-07-21 21:00:17 | INFO | Sources in MS 13A-387_17.ms: 3C286,HCG47,J1042+1203
2020-07-21 21:00:17 | INFO | > Sources (3): 3C286,HCG47,J1042+1203
2020-07-21 21:00:17 | INFO | > Number of spw: 1
2020-07-21 21:00:17 | INFO | > Channels per spw: 682
2020-07-21 21:00:17 | INFO | Starting plotting elevation.
2020-07-21 21:00:17 | INFO | Create directory: ./plots/
2020-07-21 21:00:17 | INFO | Plotting elevation to: ./plots/13A-387_17.ms_elevation.png
2020-07-21 21:00:49 | INFO | Completed plotting elevation.
2020-07-21 21:00:49 | INFO | Starting plotting antenna positions.
2020-07-21 21:00:49 | INFO | Plotting antenna positions to: ./plots/13A-387_17.ms_antpos.png
2020-07-21 21:00:50 | INFO | Completed plotting antenna positions.
2020-07-21 21:00:50 | INFO | Backing up 13A-387_17_params.cfg to backup.13A-387_17_params.cfg.
2020-07-21 21:00:53 | INFO | CASA version: 5.4.2
2020-07-21 21:00:53 | INFO | Saving flag version as: Original.
2020-07-21 21:00:53 | INFO | Executing command: flagmanager(vis='13A-387_17.ms', mode='save', versionname='Original')
2020-07-21 21:00:55 | INFO | Completed saving flag version.
2020-07-21 21:00:55 | INFO | Starting manual flagging.
2020-07-21 21:00:55 | INFO | Applying flags from manual_flags.list
2020-07-21 21:00:55 | INFO | Executing command: flagdata(vis='13A-387_17.ms', mode='list', action='apply', inpfile=["mode='manual' antenna='ea25'\n", "mode='manual' antenna='ea19'\n", "mode='manual' field='0' spw='0:268~270'\n", "mode='manual' field='1' spw='0:267~270'\n", "mode='manual' field='2' spw='0:267~271'\n", "mode='manual' timerange='2013/07/09/01:16:30~2013/07/09/01:16:55'\n", "mode='manual' antenna='ea05&ea09;ea05&ea11;ea10&ea13;ea10&ea14;ea10&ea15;ea13&ea15;ea13&ea15;ea14&ea15;ea14&ea22'\n", "mode='manual' timerange='2013/07/09/01:41:50~2013/07/09/01:42:20'"])
2020-07-21 21:01:04 | INFO | Completed manual flagging.
2020-07-21 21:01:04 | INFO | Starting basic flagging.
2020-07-21 21:01:04 | INFO | Flagging antennae with more than 5.0 m of shadowing.
2020-07-21 21:01:04 | INFO | Executing command: flagdata(vis='13A-387_17.ms', mode='shadow', tolerance=5.0, flagbackup=False)
2020-07-21 21:01:12 | INFO | Flagging zero amplitude data.
2020-07-21 21:01:12 | INFO | Executing command: flagdata(vis='13A-387_17.ms', mode='clip', clipzeros=True, flagbackup=False)
2020-07-21 21:02:34 | INFO | Flagging first 5.0 s of every scan.
2020-07-21 21:02:34 | INFO | Executing command: flagdata(vis='13A-387_17.ms', mode='quack', quackinterval=5.0, quackmode='beg', flagbackup=False)
2020-07-21 21:02:39 | INFO | Completed basic flagging.
2020-07-21 21:02:39 | INFO | Starting running TFCrop.
2020-07-21 21:02:39 | INFO | Executing command: flagdata(vis='13A-387_17.ms', mode='tfcrop', action='apply', display='', timecutoff=4.0, freqcutoff=4.0, flagbackup=False)
2020-07-21 21:08:18 | INFO | Completed running TFCrop.
2020-07-21 21:08:18 | INFO | Removing flag version: initial.
2020-07-21 21:08:18 | INFO | Executing command: flagmanager(vis='13A-387_17.ms', mode='delete', versionname='initial')
2020-07-21 21:08:18 | INFO | Completed removing flag version.
2020-07-21 21:08:18 | INFO | Saving flag version as: initial.
2020-07-21 21:08:18 | INFO | Executing command: flagmanager(vis='13A-387_17.ms', mode='save', versionname='initial')
2020-07-21 21:08:20 | INFO | Completed saving flag version.
2020-07-21 21:08:20 | INFO | Starting writing flag summary to: ./summary/13A-387_17.ms.initialflags.summary.
2020-07-21 21:08:35 | INFO | Total flagged data: 30.30%
2020-07-21 21:08:35 | INFO | Completed writing flag summary.
2020-07-21 21:08:35 | INFO | Starting reference antenna selection.
2020-07-21 21:08:35 | INFO | Reference antenna already set as: ea10.
2020-07-21 21:08:35 | INFO | Starting set field purposes.
2020-07-21 21:08:35 | INFO | Target field(s) already set as: ['HCG47'].
2020-07-21 21:08:35 | INFO | Flux calibrator already set as: ['3C286'].
2020-07-21 21:08:35 | INFO | Flux models already set as: ['3C286_L.im'].
2020-07-21 21:08:35 | INFO | Bandpass calibrator already set as: ['3C286'].
2020-07-21 21:08:35 | INFO | Phase calibrator already set as: ['J1042+1203'].
2020-07-21 21:08:35 | INFO | No changes made to preset target and calibrator fields.
2020-07-21 21:08:35 | INFO | Completed setting field purposes.
2020-07-21 21:08:35 | INFO | Making flags plots for flag version: initial
2020-07-21 21:08:35 | INFO | Making flags plots for HCG47.
2020-07-21 21:08:35 | INFO | Plotting amplitude vs frequency to ./plots/flag_plot_initial_HCG47_freq_ob0_spw0.png
2020-07-21 21:10:08 | INFO | Plotting amplitude vs time to ./plots/flag_plot_initial_HCG47_time_ob0_spw0.png
2020-07-21 21:15:52 | INFO | Making flags plots for J1042+1203.
2020-07-21 21:15:52 | INFO | Plotting amplitude vs frequency to ./plots/flag_plot_initial_J1042+1203_freq_ob0_spw0.png
2020-07-21 21:18:34 | INFO | Plotting amplitude vs time to ./plots/flag_plot_initial_J1042+1203_time_ob0_spw0.png
2020-07-21 21:19:47 | INFO | Making flags plots for 3C286.
2020-07-21 21:19:47 | INFO | Plotting amplitude vs frequency to ./plots/flag_plot_initial_3C286_freq_ob0_spw0.png
2020-07-21 21:20:38 | INFO | Plotting amplitude vs time to ./plots/flag_plot_initial_3C286_time_ob0_spw0.png
2020-07-21 21:21:33 | INFO | Completed flags plots 
2020-07-21 21:21:33 | INFO | Starting calibration.
2020-07-21 21:21:33 | INFO | Create directory: ./cal_tabs/
2020-07-21 21:21:33 | INFO | Looking up antenna position offsets (./cal_tabs/antpos.cal).
2020-07-21 21:21:33 | INFO | Executing command: gencal(vis='13A-387_17.ms', caltable='./cal_tabs/antpos.cal', caltype='antpos', antenna='')
2020-07-21 21:21:39 | INFO | Calibrating gain vs elevation (./cal_tabs/gaincurve.cal).
2020-07-21 21:21:39 | INFO | Executing command: gencal(vis='13A-387_17.ms', caltable='./cal_tabs/gaincurve.cal', caltype='gceff')
2020-07-21 21:21:40 | INFO | Load model for flux calibrator 3C286 (3C286_L.im).
2020-07-21 21:21:40 | INFO | Executing command: setjy(vis='13A-387_17.ms', field='3C286', scalebychan=True, model='3C286_L.im')
2020-07-21 21:21:42 | INFO | Plotting bandpass phase vs. time for reference antenna to: ./plots/bpphaseint.png
2020-07-21 21:21:57 | INFO | Calibrating delays for bandpass calibrators ['3C286'] (./cal_tabs/delays.cal).
2020-07-21 21:21:57 | INFO | Executing command: gaincal(vis='13A-387_17.ms', field='3C286', caltable='./cal_tabs/delays.cal', refant='ea10', gaintype='K', gaintable=['./cal_tabs/antpos.cal','./cal_tabs/gaincurve.cal'], spw='0')
2020-07-21 21:22:22 | INFO | Make bandpass calibrator phase solutions for ['3C286'] (./cal_tabs/bpphase.gcal).
2020-07-21 21:22:22 | INFO | Executing command: gaincal(vis='13A-387_17.ms', field='3C286',  caltable='./cal_tabs/bpphase.gcal', refant='ea10', calmode='p', solint='int', combine='', minsnr=2.0, gaintable=['./cal_tabs/antpos.cal','./cal_tabs/gaincurve.cal','./cal_tabs/delays.cal'], spw='0')
2020-07-21 21:22:50 | INFO | Plotting bandpass phase solutions to: ./plots/bpphasesol_ob0.png
2020-07-21 21:22:52 | INFO | Determining bandpass solution(s) (./cal_tabs/bandpass.bcal).
2020-07-21 21:22:52 | INFO | Executing command: bandpass(vis='13A-387_17.ms', caltable='./cal_tabs/bandpass.bcal', field='3C286', refant='ea10', solint='inf', solnorm=True, gaintable=['./cal_tabs/antpos.cal', './cal_tabs/gaincurve.cal', './cal_tabs/delays.cal', './cal_tabs/bpphase.gcal'], spw='0')
2020-07-21 21:23:22 | INFO | Plotting bandpass amplitude solutions to: ./plots/bandpasssol_.png
2020-07-21 21:23:24 | INFO | Determining integration phase solutions (./cal_tabs/intphase.gcal).
2020-07-21 21:23:24 | INFO | Executing command: gaincal(vis='13A-387_17.ms', field='J1042+1203,3C286', caltable='./cal_tabs/intphase.gcal', refant='ea10', calmode='p', solint='int', minsnr=2.0, gaintable=['./cal_tabs/antpos.cal', './cal_tabs/gaincurve.cal', './cal_tabs/delays.cal', './cal_tabs/bandpass.bcal'],spw='0')
2020-07-21 21:24:17 | INFO | Determining scan phase solutions (./cal_tabs/scanphase.gcal).
2020-07-21 21:24:17 | INFO | Executing command: gaincal(vis='13A-387_17.ms', field='J1042+1203,3C286', caltable='./cal_tabs/scanphase.gcal', refant='ea10', calmode='p', solint='inf', minsnr=2.0, gaintable=['./cal_tabs/antpos.cal', './cal_tabs/gaincurve.cal', './cal_tabs/delays.cal', './cal_tabs/bandpass.bcal'],spw='0')
2020-07-21 21:25:07 | INFO | Determining amplitude solutions (./cal_tabs/amp.gcal).
2020-07-21 21:25:07 | INFO | Executing command: gaincal(vis='13A-387_17.ms', field='J1042+1203,3C286', caltable='./cal_tabs/amp.gcal', refant='ea10', calmode='ap', solint='inf', minsnr=2.0, gaintable=['./cal_tabs/antpos.cal', './cal_tabs/gaincurve.cal', './cal_tabs/delays.cal', './cal_tabs/bandpass.bcal', './cal_tabs/intphase.gcal'],spw='0')
2020-07-21 21:26:02 | INFO | Plotting phase solutions to: ./plots/phasesol_ob0.png
2020-07-21 21:26:04 | INFO | Plotting amplitude solutions to: ./plots/ampsol_ob0.png
2020-07-21 21:26:05 | INFO | Applying flux scale to calibrators (./cal_tabs/fluxsol.cal).
2020-07-21 21:26:05 | INFO | Executing command: flux_info = fluxscale(vis='13A-387_17.ms', caltable='./cal_tabs/amp.gcal', fluxtable='./cal_tabs/fluxsol.cal', reference='3C286', incremental=True)
2020-07-21 21:26:06 | INFO | Writing calibrator fluxes summary to: ./summary/13A-387_17.ms.flux.summary.
2020-07-21 21:26:06 | INFO | Apply all calibrations to bandpass and flux calibrators.
2020-07-21 21:26:06 | INFO | Applying calibration to: 3C286
2020-07-21 21:26:06 | INFO | Executing command: applycal(vis='13A-387_17.ms', field='3C286', gaintable=['./cal_tabs/antpos.cal', './cal_tabs/gaincurve.cal', './cal_tabs/delays.cal', './cal_tabs/bandpass.bcal', './cal_tabs/intphase.gcal', './cal_tabs/amp.gcal'], gainfield=['', '', '3C286', '3C286', '3C286', '3C286'], calwt=False)
2020-07-21 21:26:46 | INFO | Plotting corrected phases for ['3C286'] to: ./plots/corr_phase.png
2020-07-21 21:26:50 | INFO | Plotting corrected amplitudes for ['3C286'] to: ./plots/corr_amp.png
2020-07-21 21:26:53 | INFO | Apply all calibrations to phase calibrators and targets.
2020-07-21 21:26:53 | INFO | Applying calibration to: J1042+1203
2020-07-21 21:26:53 | INFO | Executing command: applycal(vis='13A-387_17.ms', field='J1042+1203', gaintable=['./cal_tabs/antpos.cal', './cal_tabs/gaincurve.cal', './cal_tabs/delays.cal', './cal_tabs/bandpass.bcal', './cal_tabs/intphase.gcal', './cal_tabs/amp.gcal', './cal_tabs/fluxsol.cal'], gainfield=['', '', '3C286', '3C286', 'J1042+1203', 'J1042+1203', 'J1042+1203'], calwt=False)
2020-07-21 21:27:15 | INFO | Applying calibration to: HCG47
2020-07-21 21:27:15 | INFO | Executing command: applycal(vis='13A-387_17.ms', field='HCG47', gaintable=['./cal_tabs/antpos.cal', './cal_tabs/gaincurve.cal', './cal_tabs/delays.cal', './cal_tabs/bandpass.bcal', './cal_tabs/intphase.gcal', './cal_tabs/amp.gcal', './cal_tabs/fluxsol.cal'], gainfield=['', '', '3C286', '3C286', 'J1042+1203', 'J1042+1203', 'J1042+1203'], calwt=False)
2020-07-21 21:29:34 | INFO | Completed calibration.
2020-07-21 21:29:34 | INFO | Removing flag version: final.
2020-07-21 21:29:34 | INFO | Executing command: flagmanager(vis='13A-387_17.ms', mode='delete', versionname='final')
2020-07-21 21:29:34 | INFO | Completed removing flag version.
2020-07-21 21:29:34 | INFO | Saving flag version as: final.
2020-07-21 21:29:34 | INFO | Executing command: flagmanager(vis='13A-387_17.ms', mode='save', versionname='final')
2020-07-21 21:29:36 | INFO | Completed saving flag version.
2020-07-21 21:29:36 | INFO | Starting writing flag summary to: ./summary/13A-387_17.ms.finalflags.summary.
2020-07-21 21:29:51 | INFO | Total flagged data: 46.82%
2020-07-21 21:29:51 | INFO | Completed writing flag summary.
2020-07-21 21:29:51 | INFO | Making flags plots for flag version: final
2020-07-21 21:29:51 | INFO | Making flags plots for HCG47.
2020-07-21 21:29:51 | INFO | Plotting amplitude vs frequency to ./plots/flag_plot_final_HCG47_freq_ob0_spw0.png
2020-07-21 21:33:11 | INFO | Plotting amplitude vs time to ./plots/flag_plot_final_HCG47_time_ob0_spw0.png
2020-07-21 21:41:42 | INFO | Making flags plots for J1042+1203.
2020-07-21 21:41:42 | INFO | Plotting amplitude vs frequency to ./plots/flag_plot_final_J1042+1203_freq_ob0_spw0.png
2020-07-21 21:45:29 | INFO | Plotting amplitude vs time to ./plots/flag_plot_final_J1042+1203_time_ob0_spw0.png
2020-07-21 21:46:56 | INFO | Making flags plots for 3C286.
2020-07-21 21:46:56 | INFO | Plotting amplitude vs frequency to ./plots/flag_plot_final_3C286_freq_ob0_spw0.png
2020-07-21 21:47:59 | INFO | Plotting amplitude vs time to ./plots/flag_plot_final_3C286_time_ob0_spw0.png
2020-07-21 21:49:15 | INFO | Completed flags plots 
2020-07-21 21:49:15 | INFO | Starting split fields.
2020-07-21 21:49:15 | INFO | Create directory: ./sources/
2020-07-21 21:49:15 | INFO | Splitting HCG47 into separate file: HCG47.split.
2020-07-21 21:49:15 | INFO | Executing command: split(vis='13A-387_17.ms', outputvis='sources/HCG47.split', field='HCG47')
2020-07-21 21:49:37 | INFO | Writing listobs summary for split data set to: ./summary/HCG47.listobs.summary
2020-07-21 21:49:37 | INFO | Completed split fields.
2020-07-21 21:49:37 | INFO | Backing up 13A-387_17_params.cfg to backup.13A-387_17_params.cfg.
2020-07-21 21:49:41 | INFO | CASA version: 5.4.2
2020-07-21 21:49:41 | INFO | Starting making dirty continuum image.
2020-07-21 21:49:41 | INFO | Removing any existing dirty continuum images.
2020-07-21 21:49:41 | INFO | Checking clean parameters for dirty image (inc. continuum).
2020-07-21 21:49:41 | INFO | Pixel sizes set as: ['3arcsec'].
2020-07-21 21:49:41 | INFO | For the targets: ['HCG47'].
2020-07-21 21:49:41 | INFO | Image sizes set as: ['512'] pixels.
2020-07-21 21:49:41 | INFO | For the targets: ['HCG47'].
2020-07-21 21:49:41 | INFO | Making dirty image of HCG47 (inc. continuum).
2020-07-21 21:49:41 | INFO | Executing command: tclean(vis='sources/HCG47.split', field='HCG47', imagename='images/HCG47.cont.dirty', cell='3arcsec', imsize=[512,512], specmode='cube', outframe='bary', veltype='radio', restfreq='1420405751.786Hz', gridder='wproject', wprojplanes=-1, pblimit=0.1, normtype='flatnoise', deconvolver='hogbom', weighting='briggs', robust=2, niter=0, phasecenter='', interactive=False)
2020-07-21 21:57:39 | INFO | Completed making dirty continuum image.
2020-07-21 21:57:39 | INFO | Backing up 13A-387_17_params.cfg to backup.13A-387_17_params.cfg.
2020-07-21 21:57:42 | INFO | CASA version: 5.4.2
2020-07-21 21:57:42 | INFO | Starting plotting amplitude spectrum.
2020-07-21 21:57:42 | INFO | Plotting amplitude vs channel to ./plots/HCG47_amp_chn.png
2020-07-21 22:01:36 | INFO | Plotting amplitude vs velocity to ./plots/HCG47_amp_vel.png
2020-07-21 22:10:57 | INFO | Completed plotting amplitude spectrum.
2020-07-21 22:10:57 | INFO | Starting continuum subtraction.
2020-07-21 22:10:57 | INFO | Checking for line free channel ranges in parameters.
2020-07-21 22:10:57 | INFO | Line free channels set as: ['0:85~170;512~598'].
2020-07-21 22:10:57 | INFO | Fit order(s) set as: 1.
2020-07-21 22:10:57 | INFO | For the targets: ['HCG47'].
2020-07-21 22:10:57 | INFO | Subtracting the continuum from field: HCG47
2020-07-21 22:10:57 | INFO | Executing command: uvcontsub(vis='sources/HCG47'+'.split', field='HCG47', fitspw='0:85~170;512~598', spw='0', excludechans=False, combine='spw', solint='int', fitorder=1, want_cont=False)
2020-07-21 22:16:21 | INFO | Completed continuum subtraction.
2020-07-21 22:16:21 | INFO | Starting plotting amplitude spectrum.
2020-07-21 22:16:21 | INFO | Plotting amplitude vs channel to ./plots/HCG47_contsub_amp_chn.png
2020-07-21 22:23:05 | INFO | Completed plotting amplitude spectrum.
2020-07-21 22:23:05 | INFO | Starting making dirty image.
2020-07-21 22:23:05 | INFO | Removing any existing dirty images.
2020-07-21 22:23:05 | INFO | Checking clean parameters for dirty image.
2020-07-21 22:23:05 | INFO | Pixel sizes set as: ['3arcsec'].
2020-07-21 22:23:05 | INFO | For the targets: ['HCG47'].
2020-07-21 22:23:05 | INFO | Image sizes set as: ['512'] pixels.
2020-07-21 22:23:05 | INFO | For the targets: ['HCG47'].
2020-07-21 22:23:05 | INFO | Line emission channels set as: ['0:170~512'].
2020-07-21 22:23:05 | INFO | For the targets: ['HCG47'].
2020-07-21 22:23:05 | INFO | Making dirty image of HCG47 (line only).
2020-07-21 22:23:05 | INFO | Executing command: tclean(vis='sources/HCG47'+'.split.contsub', field='HCG47', imagename='images/HCG47'+'.dirty', cell='3arcsec', imsize=[512,512], specmode='cube', outframe='bary', veltype='radio', restfreq='1420405751.786Hz', gridder='wproject', wprojplanes=-1, pblimit=0.1, normtype='flatnoise', deconvolver='hogbom', weighting='briggs', robust=2, restoringbeam='common', niter=0, phasecenter='', interactive=False)
2020-07-21 22:31:12 | INFO | Completed making dirty image.
2020-07-21 22:31:12 | INFO | Backing up 13A-387_17_params.cfg to backup.13A-387_17_params.cfg.
2020-07-21 22:31:15 | INFO | CASA version: 5.4.2
2020-07-21 22:31:15 | INFO | Deleting any existing clean image(s).
2020-07-21 22:31:15 | INFO | Starting making noise estimation.
2020-07-21 22:31:24 | INFO | Effective integration time for HCG47: 4521 s
2020-07-21 22:31:24 | INFO | Expected rms noise for HCG47: 0.00120987295756 Jy/beam
2020-07-21 22:31:24 | INFO | Completed making noise estimation.
2020-07-21 22:31:24 | INFO | Starting generation of clean image(s).
2020-07-21 22:31:24 | INFO | Line emission channels set as: ['0:170~512'].
2020-07-21 22:31:24 | INFO | For the targets: ['HCG47'].
2020-07-21 22:31:24 | INFO | Setting CLEAN algorithm to MS-CLEAN.
2020-07-21 22:31:24 | INFO | Starting HCG47 image.
2020-07-21 22:31:24 | INFO | Automasking parameters set as:
2020-07-21 22:31:24 | INFO | sidelobethreshold = 2.0
2020-07-21 22:31:24 | INFO | noisethreshold = 3.0
2020-07-21 22:31:24 | INFO | lownoisethreshold = 1.5
2020-07-21 22:31:24 | INFO | minbeamfraction = 0.3
2020-07-21 22:31:24 | INFO | negativethreshold = 15.0
2020-07-21 22:31:24 | INFO | The maximum recoverable scale for HCG47 is 840 arcsec.
2020-07-21 22:31:24 | INFO | CLEANing with scales of [0, 7, 23, 70] pixels.
2020-07-21 22:31:24 | INFO | CLEANing HCG47 to a threshold of 0.00302468239389 Jy.
2020-07-21 22:31:24 | INFO | Executing command: tclean(vis='sources/HCG47'+'.split.contsub', field='HCG47', spw='0:170~512', imagename='images/HCG47', cell='3arcsec', imsize=[512,512], specmode='cube', outframe='bary', veltype='radio', restfreq='1420405751.786Hz', gridder='wproject', wprojplanes=-1, pblimit=0.1, normtype='flatnoise', deconvolver='multiscale', scales=[0, 7, 23, 70], restoringbeam='common', pbcor=True, weighting='briggs', robust=2, niter=100000, gain=0.1, threshold='0.00302468239389Jy', usemask='auto-multithresh', phasecenter='', sidelobethreshold=2.0, noisethreshold=3.0, lownoisethreshold=1.5, minbeamfrac=0.3, negativethreshold=15.0, cyclefactor=2.0,interactive=False)
2020-07-21 23:20:21 | INFO | CLEANing finished. Image cube saved as HCG47.image.
2020-07-21 23:20:21 | INFO | Saving image cube as HCG47_HI.fits
2020-07-21 23:20:21 | INFO | Executing command: exportfits(imagename='images/HCG47.image', fitsimage='images/HCG47_HI.fits', velocity=True,optical=False,overwrite=True,dropstokes=True,stokeslast=True,history=True,dropdeg=True)
2020-07-21 23:20:23 | INFO | Saving primary beam corrected image cube as HCG47_HI.pbcor.fits
2020-07-21 23:20:23 | INFO | Executing command: exportfits(imagename='images/HCG47.image.pbcor', fitsimage='images/HCG47_HI.pbcor.fits', velocity=True,optical=False,overwrite=True,dropstokes=True,stokeslast=True,history=True,dropdeg=True)
2020-07-21 23:20:25 | INFO | Completed generation of clean image(s).
2020-07-21 23:20:25 | INFO | Backing up 13A-387_17_params.cfg to backup.13A-387_17_params.cfg.
2020-07-21 23:20:29 | INFO | CASA version: 5.4.2
2020-07-21 23:20:29 | INFO | Deleting any existing moment(s).
2020-07-21 23:20:29 | INFO | Starting making noise estimation.
2020-07-21 23:20:36 | INFO | Effective integration time for HCG47: 4521 s
2020-07-21 23:20:36 | INFO | Expected rms noise for HCG47: 0.00120987295756 Jy/beam
2020-07-21 23:20:36 | INFO | Completed making noise estimation.
2020-07-21 23:20:36 | INFO | Create directory: ./moments/
2020-07-21 23:20:36 | INFO | Starting generation of moment map(s).
2020-07-21 23:20:36 | INFO | Executing command: immoments(imagename='images/HCG47.image',includepix=[0.00362961887267,3629.61887267],chans='',outfile='moments/HCG47.mom0')
2020-07-21 23:20:39 | INFO | Executing command: exportfits(imagename='moments/HCG47.mom0', fitsimage='moments/HCG47.mom0.fits',overwrite=True,dropstokes=True,stokeslast=True,history=True,dropdeg=True)
2020-07-21 23:20:39 | INFO | Completed generation of moment map(s).
