2020-08-31 11:43:31 | INFO | Starting joint (dirty) imaging of HCG 96 from the projects: ['AM559', 'AW234']
2020-08-31 11:43:31 | INFO | MS file(s) added to combine list: ['../AM559/sources/HCG96.split.contsub']
2020-08-31 11:43:31 | INFO | MS file(s) added to combine list: ['../AW234/sources/HCG96.split.contsub']
2020-08-31 11:43:31 | INFO | Setting relative weights of each MS.
2020-08-31 11:43:31 | INFO | Executing command: initweights(vis='../AM559/sources/HCG96.split.contsub', wtmode='nyq')
2020-08-31 11:43:32 | INFO | Executing command: initweights(vis='../AW234/sources/HCG96.split.contsub', wtmode='nyq')
2020-08-31 11:43:33 | INFO | Starting to make combined dirty image.
2020-08-31 11:43:33 | INFO | Executing command: tclean(vis=['../AM559/sources/HCG96.split.contsub', '../AW234/sources/HCG96.split.contsub'], imagename='HCG96/HCG96.dirty', cell='3arcsec', imsize=1024, spw='', specmode='cube', outframe='bary', veltype='radio', restfreq='1420405751.786Hz', gridder='mosaic', wprojplanes=128, pblimit=0.1, normtype='flatnoise', deconvolver='multiscale', scales=[0, 8, 24, 72], weighting='briggs', robust=2, pbcor=True, niter=0, gain=0.1, cyclefactor=2.0, interactive=False, threshold='1.625mJy', usemask='auto-multithresh', phasecenter='J2000 351.992902deg 8.774065deg')
2020-08-31 11:46:35 | INFO | Completed joint (dirty) imaging of HCG 96.
2020-08-31 11:46:35 | INFO | Moving CASA log to source directory.
2020-08-31 13:11:38 | INFO | Starting joint (clean) imaging of HCG 96 from the projects: ['AM559', 'AW234']
2020-08-31 13:11:38 | INFO | MS file(s) added to combine list: ['../AM559/sources/HCG96.split.contsub']
2020-08-31 13:11:38 | INFO | MS file(s) added to combine list: ['../AW234/sources/HCG96.split.contsub']
2020-08-31 13:11:38 | INFO | Setting relative weights of each MS.
2020-08-31 13:11:38 | INFO | Executing command: initweights(vis='../AM559/sources/HCG96.split.contsub', wtmode='nyq')
2020-08-31 13:11:39 | INFO | Executing command: initweights(vis='../AW234/sources/HCG96.split.contsub', wtmode='nyq')
2020-08-31 13:11:40 | INFO | Starting to make combined clean image.
2020-08-31 13:11:40 | INFO | Executing command: tclean(vis=['../AM559/sources/HCG96.split.contsub', '../AW234/sources/HCG96.split.contsub'], imagename='HCG96/HCG96', cell='3arcsec', imsize=1024, spw='0:0~53', specmode='cube', outframe='bary', veltype='radio', restfreq='1420405751.786Hz', gridder='mosaic', wprojplanes=128, pblimit=0.1, normtype='flatnoise', deconvolver='multiscale', scales=[0, 7, 21, 63], weighting='briggs', robust=2, restoringbeam='common', pbcor=True, niter=100000, gain=0.1, cyclefactor=2.0, interactive=False, threshold='0.75mJy', usemask='auto-multithresh', phasecenter='J2000 351.992902deg 8.774065deg', sidelobethreshold=2.0, noisethreshold=3.0, lownoisethreshold=1.5, minbeamfrac=0.3, negativethreshold=15.0)
2020-08-31 14:48:46 | INFO | Completed joint (clean) imaging of HCG 96.
2020-08-31 14:48:46 | INFO | Starting generation of fits files.
2020-08-31 14:48:46 | INFO | Saving image cube as HCG96_HI.fits
2020-08-31 14:48:46 | INFO | Executing command: exportfits(imagename='HCG96/HCG96.image', fitsimage='HCG96/HCG96_HI.fits', velocity=True,optical=False,overwrite=True,dropstokes=True,stokeslast=True,history=True,dropdeg=True)
2020-08-31 14:48:48 | INFO | Saving primary beam corrected image cube as HCG96_HI.pbcor.fits
2020-08-31 14:48:48 | INFO | Executing command: exportfits(imagename='HCG96/HCG96.image.pbcor', fitsimage='HCG96/HCG96_HI.pbcor.fits', velocity=True,optical=False,overwrite=True,dropstokes=True,stokeslast=True,history=True,dropdeg=True)
2020-08-31 14:48:49 | INFO | Completed generating fits files.
2020-08-31 14:48:49 | INFO | Moving logs to source directory.
