2020-08-19 13:55:26 | INFO | Starting joint (dirty) imaging of HCG 56 from the projects: ['13A-387/13A-387_3', '13A-387/13A-387_7', '13A-387/13A-387_12']
2020-08-19 13:55:26 | INFO | MS file(s) added to combine list: ['../13A-387/13A-387_3/sources/HCG56.split.contsub']
2020-08-19 13:55:26 | INFO | MS file(s) added to combine list: ['../13A-387/13A-387_7/sources/HCG56.split.contsub']
2020-08-19 13:55:26 | INFO | MS file(s) added to combine list: ['../13A-387/13A-387_12/sources/HCG56.split.contsub']
2020-08-19 13:55:26 | INFO | Setting relative weights of each MS.
2020-08-19 13:55:26 | INFO | Executing command: initweights(vis='../13A-387/13A-387_3/sources/HCG56.split.contsub', wtmode='nyq')
2020-08-19 13:55:41 | INFO | Executing command: initweights(vis='../13A-387/13A-387_7/sources/HCG56.split.contsub', wtmode='nyq')
2020-08-19 13:55:53 | INFO | Executing command: initweights(vis='../13A-387/13A-387_12/sources/HCG56.split.contsub', wtmode='nyq')
2020-08-19 13:56:27 | INFO | Starting to make combined dirty image.
2020-08-19 13:56:27 | INFO | Executing command: tclean(vis=['../13A-387/13A-387_3/sources/HCG56.split.contsub', '../13A-387/13A-387_7/sources/HCG56.split.contsub', '../13A-387/13A-387_12/sources/HCG56.split.contsub'], imagename='HCG56/HCG56.dirty', cell='3arcsec', imsize=512, spw='0:171~512', specmode='cube', outframe='bary', veltype='radio', restfreq='1420405751.786Hz', gridder='mosaic', wprojplanes=128, pblimit=0.1, normtype='flatnoise', deconvolver='multiscale', scales=[0, 7, 21, 63], weighting='briggs', robust=2, pbcor=True, niter=0, gain=0.1, cyclefactor=2.0, interactive=False, threshold='1.25mJy', usemask='auto-multithresh', phasecenter='')
2020-08-19 14:24:25 | INFO | Completed joint (dirty) imaging of HCG 56.
2020-08-19 14:24:25 | INFO | Moving CASA log to source directory.
2020-08-19 14:24:28 | INFO | Starting joint (clean) imaging of HCG 56 from the projects: ['13A-387/13A-387_3', '13A-387/13A-387_7', '13A-387/13A-387_12']
2020-08-19 14:24:28 | INFO | MS file(s) added to combine list: ['../13A-387/13A-387_3/sources/HCG56.split.contsub']
2020-08-19 14:24:28 | INFO | MS file(s) added to combine list: ['../13A-387/13A-387_7/sources/HCG56.split.contsub']
2020-08-19 14:24:28 | INFO | MS file(s) added to combine list: ['../13A-387/13A-387_12/sources/HCG56.split.contsub']
2020-08-19 14:24:28 | INFO | Setting relative weights of each MS.
2020-08-19 14:24:28 | INFO | Executing command: initweights(vis='../13A-387/13A-387_3/sources/HCG56.split.contsub', wtmode='nyq')
2020-08-19 14:24:39 | INFO | Executing command: initweights(vis='../13A-387/13A-387_7/sources/HCG56.split.contsub', wtmode='nyq')
2020-08-19 14:24:44 | INFO | Executing command: initweights(vis='../13A-387/13A-387_12/sources/HCG56.split.contsub', wtmode='nyq')
2020-08-19 14:24:54 | INFO | Starting to make combined clean image.
2020-08-19 14:24:54 | INFO | Executing command: tclean(vis=['../13A-387/13A-387_3/sources/HCG56.split.contsub', '../13A-387/13A-387_7/sources/HCG56.split.contsub', '../13A-387/13A-387_12/sources/HCG56.split.contsub'], imagename='HCG56/HCG56', cell='3arcsec', imsize=512, spw='0:171~512', specmode='cube', outframe='bary', veltype='radio', restfreq='1420405751.786Hz', gridder='mosaic', wprojplanes=128, pblimit=0.1, normtype='flatnoise', deconvolver='multiscale', scales=[0, 7, 21, 63], weighting='briggs', robust=2, restoringbeam='common', pbcor=True, niter=100000, gain=0.1, cyclefactor=2.0, interactive=False, threshold='1.25mJy', usemask='auto-multithresh', phasecenter='', sidelobethreshold=1.25, noisethreshold=3.0, lownoisethreshold=1.5, minbeamfrac=0.3, negativethreshold=15.0)
2020-08-20 00:44:30 | INFO | Completed joint (clean) imaging of HCG 56.
2020-08-20 00:44:30 | INFO | Starting generation of fits files.
2020-08-20 00:44:31 | INFO | Saving image cube as HCG56_HI.fits
2020-08-20 00:44:31 | INFO | Executing command: exportfits(imagename='HCG56/HCG56.image', fitsimage='HCG56/HCG56_HI.fits', velocity=True,optical=False,overwrite=True,dropstokes=True,stokeslast=True,history=True,dropdeg=True)
2020-08-20 00:44:34 | INFO | Saving primary beam corrected image cube as HCG56_HI.pbcor.fits
2020-08-20 00:44:34 | INFO | Executing command: exportfits(imagename='HCG56/HCG56.image.pbcor', fitsimage='HCG56/HCG56_HI.pbcor.fits', velocity=True,optical=False,overwrite=True,dropstokes=True,stokeslast=True,history=True,dropdeg=True)
2020-08-20 00:44:36 | INFO | Completed generating fits files.
2020-08-20 00:44:36 | INFO | Moving logs to source directory.
