2021-04-22 22:12:36 | INFO | Starting joint (dirty) imaging of HCG 47 from the projects: ['13A-387/13A-387_0', '13A-387/13A-387_5', '13A-387/13A-387_17']
2021-04-22 22:12:36 | INFO | MS file(s) added to combine list: ['../13A-387/13A-387_0/sources/HCG47.split.contsub']
2021-04-22 22:12:36 | INFO | MS file(s) added to combine list: ['../13A-387/13A-387_5/sources/HCG47.split.contsub']
2021-04-22 22:12:36 | INFO | MS file(s) added to combine list: ['../13A-387/13A-387_17/sources/HCG47.split.contsub']
2021-04-22 22:12:36 | INFO | Setting relative weights of each MS.
2021-04-22 22:12:36 | INFO | Executing command: initweights(vis='../13A-387/13A-387_0/sources/HCG47.split.contsub', wtmode='nyq')
2021-04-22 22:12:50 | INFO | Executing command: initweights(vis='../13A-387/13A-387_5/sources/HCG47.split.contsub', wtmode='nyq')
2021-04-22 22:12:58 | INFO | Executing command: initweights(vis='../13A-387/13A-387_17/sources/HCG47.split.contsub', wtmode='nyq')
2021-04-22 22:13:18 | INFO | Starting to make combined dirty image.
2021-04-22 22:13:18 | INFO | Executing command: tclean(vis=['../13A-387/13A-387_0/sources/HCG47.split.contsub', '../13A-387/13A-387_5/sources/HCG47.split.contsub', '../13A-387/13A-387_17/sources/HCG47.split.contsub'], imagename='HCG47/HCG47.dirty', cell='3arcsec', imsize=512, spw='0:171~512', specmode='cube', outframe='bary', veltype='radio', restfreq='1420405751.786Hz', gridder='mosaic', wprojplanes=128, pblimit=0.1, normtype='flatnoise', deconvolver='multiscale', scales=[0, 6, 18, 54], weighting='briggs', robust=2, pbcor=True, niter=0, gain=0.1, cyclefactor=2.0, interactive=False, threshold='1.0mJy', usemask='auto-multithresh', phasecenter='')
2021-04-22 22:40:39 | INFO | Completed joint (dirty) imaging of HCG 47.
2021-04-22 22:40:39 | INFO | Moving CASA log to source directory.
2021-04-22 22:40:44 | INFO | Starting joint (clean) imaging of HCG 47 from the projects: ['13A-387/13A-387_0', '13A-387/13A-387_5', '13A-387/13A-387_17']
2021-04-22 22:40:44 | INFO | MS file(s) added to combine list: ['../13A-387/13A-387_0/sources/HCG47.split.contsub']
2021-04-22 22:40:44 | INFO | MS file(s) added to combine list: ['../13A-387/13A-387_5/sources/HCG47.split.contsub']
2021-04-22 22:40:44 | INFO | MS file(s) added to combine list: ['../13A-387/13A-387_17/sources/HCG47.split.contsub']
2021-04-22 22:40:44 | INFO | Setting relative weights of each MS.
2021-04-22 22:40:44 | INFO | Executing command: initweights(vis='../13A-387/13A-387_0/sources/HCG47.split.contsub', wtmode='nyq')
2021-04-22 22:40:55 | INFO | Executing command: initweights(vis='../13A-387/13A-387_5/sources/HCG47.split.contsub', wtmode='nyq')
2021-04-22 22:41:00 | INFO | Executing command: initweights(vis='../13A-387/13A-387_17/sources/HCG47.split.contsub', wtmode='nyq')
2021-04-22 22:41:11 | INFO | Starting to make combined clean image.
2021-04-22 22:41:11 | INFO | Executing command: tclean(vis=['../13A-387/13A-387_0/sources/HCG47.split.contsub', '../13A-387/13A-387_5/sources/HCG47.split.contsub', '../13A-387/13A-387_17/sources/HCG47.split.contsub'], imagename='HCG47/HCG47', cell='3arcsec', imsize=512, spw='0:171~512', specmode='cube', outframe='bary', veltype='radio', restfreq='1420405751.786Hz', gridder='mosaic', wprojplanes=128, pblimit=0.1, normtype='flatnoise', deconvolver='multiscale', scales=[0, 6, 18, 54], weighting='briggs', robust=2, restoringbeam=['31arcsec', '20arcsec', '33deg'], pbcor=True, niter=100000, gain=0.1, cyclefactor=2.0, interactive=False, threshold='1.0mJy', usemask='auto-multithresh', phasecenter='', sidelobethreshold=1.25, noisethreshold=3.0, lownoisethreshold=1.5, minbeamfrac=0.3, negativethreshold=15.0)
2021-04-23 00:40:55 | INFO | Completed joint (clean) imaging of HCG 47.
2021-04-23 00:40:55 | INFO | Starting generation of fits files.
2021-04-23 00:40:55 | INFO | Saving image cube as HCG47_HI.fits
2021-04-23 00:40:55 | INFO | Executing command: exportfits(imagename='HCG47/HCG47.image', fitsimage='HCG47/HCG47_HI.fits', velocity=True,optical=False,overwrite=True,dropstokes=True,stokeslast=True,history=True,dropdeg=True)
2021-04-23 00:40:57 | INFO | Saving primary beam corrected image cube as HCG47_HI.pbcor.fits
2021-04-23 00:40:57 | INFO | Executing command: exportfits(imagename='HCG47/HCG47.image.pbcor', fitsimage='HCG47/HCG47_HI.pbcor.fits', velocity=True,optical=False,overwrite=True,dropstokes=True,stokeslast=True,history=True,dropdeg=True)
2021-04-23 00:40:59 | INFO | Completed generating fits files.
2021-04-23 00:40:59 | INFO | Moving logs to source directory.
