2021-04-23 22:43:38 | INFO | Starting joint (dirty) imaging of HCG 71 from the projects: ['13A-387/13A-387_2', '13A-387/13A-387_13', '13A-387/13A-387_14']
2021-04-23 22:43:38 | INFO | MS file(s) added to combine list: ['../13A-387/13A-387_2/sources/HCG71.split.contsub']
2021-04-23 22:43:38 | INFO | MS file(s) added to combine list: ['../13A-387/13A-387_13/sources/HCG71.split.contsub']
2021-04-23 22:43:38 | INFO | MS file(s) added to combine list: ['../13A-387/13A-387_14/sources/HCG71.split.contsub']
2021-04-23 22:43:38 | INFO | Setting relative weights of each MS.
2021-04-23 22:43:38 | INFO | Executing command: initweights(vis='../13A-387/13A-387_2/sources/HCG71.split.contsub', wtmode='nyq')
2021-04-23 22:43:51 | INFO | Executing command: initweights(vis='../13A-387/13A-387_13/sources/HCG71.split.contsub', wtmode='nyq')
2021-04-23 22:44:04 | INFO | Executing command: initweights(vis='../13A-387/13A-387_14/sources/HCG71.split.contsub', wtmode='nyq')
2021-04-23 22:44:09 | INFO | Starting to make combined dirty image.
2021-04-23 22:44:09 | INFO | Executing command: tclean(vis=['../13A-387/13A-387_2/sources/HCG71.split.contsub', '../13A-387/13A-387_13/sources/HCG71.split.contsub', '../13A-387/13A-387_14/sources/HCG71.split.contsub'], imagename='HCG71/HCG71.dirty', cell='3arcsec', imsize=512, spw='0:171~512', specmode='cube', outframe='bary', veltype='radio', restfreq='1420405751.786Hz', gridder='mosaic', wprojplanes=128, pblimit=0.1, normtype='flatnoise', deconvolver='multiscale', scales=[0, 8, 24, 72], weighting='briggs', robust=2, pbcor=True, niter=0, gain=0.1, cyclefactor=2.0, interactive=False, threshold='1.0mJy', usemask='auto-multithresh', phasecenter='')
2021-04-23 23:15:02 | INFO | Completed joint (dirty) imaging of HCG 71.
2021-04-23 23:15:02 | INFO | Moving CASA log to source directory.
2021-04-23 23:15:05 | INFO | Starting joint (clean) imaging of HCG 71 from the projects: ['13A-387/13A-387_2', '13A-387/13A-387_13', '13A-387/13A-387_14']
2021-04-23 23:15:05 | INFO | MS file(s) added to combine list: ['../13A-387/13A-387_2/sources/HCG71.split.contsub']
2021-04-23 23:15:05 | INFO | MS file(s) added to combine list: ['../13A-387/13A-387_13/sources/HCG71.split.contsub']
2021-04-23 23:15:05 | INFO | MS file(s) added to combine list: ['../13A-387/13A-387_14/sources/HCG71.split.contsub']
2021-04-23 23:15:05 | INFO | Setting relative weights of each MS.
2021-04-23 23:15:05 | INFO | Executing command: initweights(vis='../13A-387/13A-387_2/sources/HCG71.split.contsub', wtmode='nyq')
2021-04-23 23:15:18 | INFO | Executing command: initweights(vis='../13A-387/13A-387_13/sources/HCG71.split.contsub', wtmode='nyq')
2021-04-23 23:15:30 | INFO | Executing command: initweights(vis='../13A-387/13A-387_14/sources/HCG71.split.contsub', wtmode='nyq')
2021-04-23 23:15:35 | INFO | Starting to make combined clean image.
2021-04-23 23:15:35 | INFO | Executing command: tclean(vis=['../13A-387/13A-387_2/sources/HCG71.split.contsub', '../13A-387/13A-387_13/sources/HCG71.split.contsub', '../13A-387/13A-387_14/sources/HCG71.split.contsub'], imagename='HCG71/HCG71', cell='3arcsec', imsize=512, spw='0:171~512', specmode='cube', outframe='bary', veltype='radio', restfreq='1420405751.786Hz', gridder='mosaic', wprojplanes=128, pblimit=0.1, normtype='flatnoise', deconvolver='multiscale', scales=[0, 8, 24, 72], weighting='briggs', robust=2, restoringbeam=['26arcsec', '20arcsec', '85deg'], pbcor=True, niter=100000, gain=0.1, cyclefactor=2.0, interactive=False, threshold='1.0mJy', usemask='auto-multithresh', phasecenter='', sidelobethreshold=1.25, noisethreshold=3.0, lownoisethreshold=1.5, minbeamfrac=0.3, negativethreshold=15.0)
2021-04-24 05:55:40 | INFO | Completed joint (clean) imaging of HCG 71.
2021-04-24 05:55:40 | INFO | Starting generation of fits files.
2021-04-24 05:55:40 | INFO | Saving image cube as HCG71_HI.fits
2021-04-24 05:55:40 | INFO | Executing command: exportfits(imagename='HCG71/HCG71.image', fitsimage='HCG71/HCG71_HI.fits', velocity=True,optical=False,overwrite=True,dropstokes=True,stokeslast=True,history=True,dropdeg=True)
2021-04-24 05:55:43 | INFO | Saving primary beam corrected image cube as HCG71_HI.pbcor.fits
2021-04-24 05:55:43 | INFO | Executing command: exportfits(imagename='HCG71/HCG71.image.pbcor', fitsimage='HCG71/HCG71_HI.pbcor.fits', velocity=True,optical=False,overwrite=True,dropstokes=True,stokeslast=True,history=True,dropdeg=True)
2021-04-24 05:55:45 | INFO | Completed generating fits files.
2021-04-24 05:55:45 | INFO | Moving logs to source directory.
