2020-07-21 15:27:32 | INFO | CASA version: 5.4.2
2020-07-21 15:27:32 | INFO | Starting listobs summary.
2020-07-21 15:27:32 | INFO | Create directory: ./summary/
2020-07-21 15:27:32 | INFO | Writing listobs summary of data set to: ./summary/13A-387_5.ms.listobs.summary
2020-07-21 15:27:33 | INFO | Completed listobs summary.
2020-07-21 15:27:33 | INFO | Starting data transform.
2020-07-21 15:27:33 | INFO | Executing command: mstransform(vis='13A-387_5.ms', outputvis='13A-387_5.ms_1', field='1,2,3', spw='0', observation='', datacolumn='data', hanning=True, chanaverage=True, chanbin=3)
2020-07-21 15:29:41 | INFO | Updating config file (13A-387_5_params.cfg) to set mstransform values.
2020-07-21 15:29:41 | INFO | 13A-387_5.ms.flagversions is a symbolic link. It will now be unlinked.
2020-07-21 15:29:41 | INFO | Create directory: 13A-387_5.ms.flagversions
2020-07-21 15:29:41 | INFO | 13A-387_5.ms is a symbolic link. It will now be unlinked.
2020-07-21 15:29:41 | INFO | Moved 13A-387_5.ms_1 to 13A-387_5.ms
2020-07-21 15:29:41 | INFO | Completed data transformation.
2020-07-21 15:29:41 | INFO | Starting listobs summary.
2020-07-21 15:29:41 | INFO | Deleted: ./summary/13A-387_5.ms.listobs.summary
2020-07-21 15:29:41 | INFO | Writing listobs summary of data set to: ./summary/13A-387_5.ms.listobs.summary
2020-07-21 15:29:41 | INFO | Completed listobs summary.
2020-07-21 15:29:41 | INFO | Reading ms file information for MS: 13A-387_5.ms
2020-07-21 15:29:41 | INFO | Sources in MS 13A-387_5.ms: 3C286,HCG47,J1008+0730
2020-07-21 15:29:42 | INFO | > Sources (3): 3C286,HCG47,J1008+0730
2020-07-21 15:29:42 | INFO | > Number of spw: 1
2020-07-21 15:29:42 | INFO | > Channels per spw: 682
2020-07-21 15:29:42 | INFO | Starting plotting elevation.
2020-07-21 15:29:42 | INFO | Create directory: ./plots/
2020-07-21 15:29:42 | INFO | Plotting elevation to: ./plots/13A-387_5.ms_elevation.png
2020-07-21 15:29:59 | INFO | Completed plotting elevation.
2020-07-21 15:29:59 | INFO | Starting plotting antenna positions.
2020-07-21 15:29:59 | INFO | Plotting antenna positions to: ./plots/13A-387_5.ms_antpos.png
2020-07-21 15:30:00 | INFO | Completed plotting antenna positions.
2020-07-21 15:30:00 | INFO | Backing up 13A-387_5_params.cfg to backup.13A-387_5_params.cfg.
2020-07-21 15:30:03 | INFO | CASA version: 5.4.2
2020-07-21 15:30:03 | INFO | Saving flag version as: Original.
2020-07-21 15:30:03 | INFO | Executing command: flagmanager(vis='13A-387_5.ms', mode='save', versionname='Original')
2020-07-21 15:30:04 | INFO | Completed saving flag version.
2020-07-21 15:30:04 | INFO | Starting manual flagging.
2020-07-21 15:30:04 | INFO | Applying flags from manual_flags.list
2020-07-21 15:30:04 | INFO | Executing command: flagdata(vis='13A-387_5.ms', mode='list', action='apply', inpfile=["mode='manual' antenna='ea25'\n", "mode='manual' timerange='2013/03/25/06:53:30~2013/03/25/06:55:00'\n", "mode='manual' field='0,1' spw='0:266~268'\n", "mode='manual' field='2' spw='0:266~269'\n", "mode='manual' antenna='ea25'\n", "mode='manual' antenna='ea03&ea13;ea06&ea28;ea09&ea13;ea03&ea14;ea03&ea15;ea13&ea14;ea13&ea15;ea13&ea26;ea24&ea26'"])
2020-07-21 15:30:11 | INFO | Completed manual flagging.
2020-07-21 15:30:11 | INFO | Starting basic flagging.
2020-07-21 15:30:11 | INFO | Flagging antennae with more than 5.0 m of shadowing.
2020-07-21 15:30:11 | INFO | Executing command: flagdata(vis='13A-387_5.ms', mode='shadow', tolerance=5.0, flagbackup=False)
2020-07-21 15:30:16 | INFO | Flagging zero amplitude data.
2020-07-21 15:30:16 | INFO | Executing command: flagdata(vis='13A-387_5.ms', mode='clip', clipzeros=True, flagbackup=False)
2020-07-21 15:30:58 | INFO | Flagging first 5.0 s of every scan.
2020-07-21 15:30:58 | INFO | Executing command: flagdata(vis='13A-387_5.ms', mode='quack', quackinterval=5.0, quackmode='beg', flagbackup=False)
2020-07-21 15:31:01 | INFO | Completed basic flagging.
2020-07-21 15:31:01 | INFO | Starting running TFCrop.
2020-07-21 15:31:01 | INFO | Executing command: flagdata(vis='13A-387_5.ms', mode='tfcrop', action='apply', display='', timecutoff=4.0, freqcutoff=4.0, flagbackup=False)
2020-07-21 15:34:06 | INFO | Completed running TFCrop.
2020-07-21 15:34:06 | INFO | Removing flag version: initial.
2020-07-21 15:34:06 | INFO | Executing command: flagmanager(vis='13A-387_5.ms', mode='delete', versionname='initial')
2020-07-21 15:34:06 | INFO | Completed removing flag version.
2020-07-21 15:34:06 | INFO | Saving flag version as: initial.
2020-07-21 15:34:06 | INFO | Executing command: flagmanager(vis='13A-387_5.ms', mode='save', versionname='initial')
2020-07-21 15:34:07 | INFO | Completed saving flag version.
2020-07-21 15:34:07 | INFO | Starting writing flag summary to: ./summary/13A-387_5.ms.initialflags.summary.
2020-07-21 15:34:15 | INFO | Total flagged data: 29.56%
2020-07-21 15:34:15 | INFO | Completed writing flag summary.
2020-07-21 15:34:15 | INFO | Starting reference antenna selection.
2020-07-21 15:34:15 | INFO | Reference antenna already set as: ea15.
2020-07-21 15:34:15 | INFO | Starting set field purposes.
2020-07-21 15:34:15 | INFO | Target field(s) already set as: ['HCG47'].
2020-07-21 15:34:15 | INFO | Flux calibrator already set as: ['3C286'].
2020-07-21 15:34:15 | INFO | Flux models already set as: ['3C286_L.im'].
2020-07-21 15:34:15 | INFO | Bandpass calibrator already set as: ['3C286'].
2020-07-21 15:34:15 | INFO | Phase calibrator already set as: ['J1008+0730'].
2020-07-21 15:34:15 | INFO | No changes made to preset target and calibrator fields.
2020-07-21 15:34:15 | INFO | Completed setting field purposes.
2020-07-21 15:34:15 | INFO | Making flags plots for flag version: initial
2020-07-21 15:34:15 | INFO | Making flags plots for HCG47.
2020-07-21 15:34:15 | INFO | Plotting amplitude vs frequency to ./plots/flag_plot_initial_HCG47_freq_ob0_spw0.png
2020-07-21 15:34:50 | INFO | Plotting amplitude vs time to ./plots/flag_plot_initial_HCG47_time_ob0_spw0.png
2020-07-21 15:36:34 | INFO | Making flags plots for J1008+0730.
2020-07-21 15:36:34 | INFO | Plotting amplitude vs frequency to ./plots/flag_plot_initial_J1008+0730_freq_ob0_spw0.png
2020-07-21 15:37:32 | INFO | Plotting amplitude vs time to ./plots/flag_plot_initial_J1008+0730_time_ob0_spw0.png
2020-07-21 15:38:19 | INFO | Making flags plots for 3C286.
2020-07-21 15:38:19 | INFO | Plotting amplitude vs frequency to ./plots/flag_plot_initial_3C286_freq_ob0_spw0.png
2020-07-21 15:39:12 | INFO | Plotting amplitude vs time to ./plots/flag_plot_initial_3C286_time_ob0_spw0.png
2020-07-21 15:40:39 | INFO | Completed flags plots 
2020-07-21 15:40:39 | INFO | Starting calibration.
2020-07-21 15:40:39 | INFO | Create directory: ./cal_tabs/
2020-07-21 15:40:40 | INFO | Looking up antenna position offsets (./cal_tabs/antpos.cal).
2020-07-21 15:40:40 | INFO | Executing command: gencal(vis='13A-387_5.ms', caltable='./cal_tabs/antpos.cal', caltype='antpos', antenna='')
2020-07-21 15:40:45 | INFO | Calibrating gain vs elevation (./cal_tabs/gaincurve.cal).
2020-07-21 15:40:45 | INFO | Executing command: gencal(vis='13A-387_5.ms', caltable='./cal_tabs/gaincurve.cal', caltype='gceff')
2020-07-21 15:40:46 | INFO | Load model for flux calibrator 3C286 (3C286_L.im).
2020-07-21 15:40:46 | INFO | Executing command: setjy(vis='13A-387_5.ms', field='3C286', scalebychan=True, model='3C286_L.im')
2020-07-21 15:40:48 | INFO | Plotting bandpass phase vs. time for reference antenna to: ./plots/bpphaseint.png
2020-07-21 15:41:16 | INFO | Calibrating delays for bandpass calibrators ['3C286'] (./cal_tabs/delays.cal).
2020-07-21 15:41:16 | INFO | Executing command: gaincal(vis='13A-387_5.ms', field='3C286', caltable='./cal_tabs/delays.cal', refant='ea15', gaintype='K', gaintable=['./cal_tabs/antpos.cal','./cal_tabs/gaincurve.cal'], spw='0')
2020-07-21 15:41:38 | INFO | Make bandpass calibrator phase solutions for ['3C286'] (./cal_tabs/bpphase.gcal).
2020-07-21 15:41:38 | INFO | Executing command: gaincal(vis='13A-387_5.ms', field='3C286',  caltable='./cal_tabs/bpphase.gcal', refant='ea15', calmode='p', solint='int', combine='', minsnr=2.0, gaintable=['./cal_tabs/antpos.cal','./cal_tabs/gaincurve.cal','./cal_tabs/delays.cal'], spw='0')
2020-07-21 15:42:01 | INFO | Plotting bandpass phase solutions to: ./plots/bpphasesol_ob0.png
2020-07-21 15:42:02 | INFO | Determining bandpass solution(s) (./cal_tabs/bandpass.bcal).
2020-07-21 15:42:02 | INFO | Executing command: bandpass(vis='13A-387_5.ms', caltable='./cal_tabs/bandpass.bcal', field='3C286', refant='ea15', solint='inf', solnorm=True, gaintable=['./cal_tabs/antpos.cal', './cal_tabs/gaincurve.cal', './cal_tabs/delays.cal', './cal_tabs/bpphase.gcal'], spw='0')
2020-07-21 15:42:29 | INFO | Plotting bandpass amplitude solutions to: ./plots/bandpasssol_.png
2020-07-21 15:42:31 | INFO | Determining integration phase solutions (./cal_tabs/intphase.gcal).
2020-07-21 15:42:31 | INFO | Executing command: gaincal(vis='13A-387_5.ms', field='J1008+0730,3C286', caltable='./cal_tabs/intphase.gcal', refant='ea15', calmode='p', solint='int', minsnr=2.0, gaintable=['./cal_tabs/antpos.cal', './cal_tabs/gaincurve.cal', './cal_tabs/delays.cal', './cal_tabs/bandpass.bcal'],spw='0')
2020-07-21 15:43:08 | INFO | Determining scan phase solutions (./cal_tabs/scanphase.gcal).
2020-07-21 15:43:08 | INFO | Executing command: gaincal(vis='13A-387_5.ms', field='J1008+0730,3C286', caltable='./cal_tabs/scanphase.gcal', refant='ea15', calmode='p', solint='inf', minsnr=2.0, gaintable=['./cal_tabs/antpos.cal', './cal_tabs/gaincurve.cal', './cal_tabs/delays.cal', './cal_tabs/bandpass.bcal'],spw='0')
2020-07-21 15:43:43 | INFO | Determining amplitude solutions (./cal_tabs/amp.gcal).
2020-07-21 15:43:43 | INFO | Executing command: gaincal(vis='13A-387_5.ms', field='J1008+0730,3C286', caltable='./cal_tabs/amp.gcal', refant='ea15', calmode='ap', solint='inf', minsnr=2.0, gaintable=['./cal_tabs/antpos.cal', './cal_tabs/gaincurve.cal', './cal_tabs/delays.cal', './cal_tabs/bandpass.bcal', './cal_tabs/intphase.gcal'],spw='0')
2020-07-21 15:44:23 | INFO | Plotting phase solutions to: ./plots/phasesol_ob0.png
2020-07-21 15:44:24 | INFO | Plotting amplitude solutions to: ./plots/ampsol_ob0.png
2020-07-21 15:44:26 | INFO | Applying flux scale to calibrators (./cal_tabs/fluxsol.cal).
2020-07-21 15:44:26 | INFO | Executing command: flux_info = fluxscale(vis='13A-387_5.ms', caltable='./cal_tabs/amp.gcal', fluxtable='./cal_tabs/fluxsol.cal', reference='3C286', incremental=True)
2020-07-21 15:44:27 | INFO | Writing calibrator fluxes summary to: ./summary/13A-387_5.ms.flux.summary.
2020-07-21 15:44:27 | INFO | Apply all calibrations to bandpass and flux calibrators.
2020-07-21 15:44:27 | INFO | Applying calibration to: 3C286
2020-07-21 15:44:27 | INFO | Executing command: applycal(vis='13A-387_5.ms', field='3C286', gaintable=['./cal_tabs/antpos.cal', './cal_tabs/gaincurve.cal', './cal_tabs/delays.cal', './cal_tabs/bandpass.bcal', './cal_tabs/intphase.gcal', './cal_tabs/amp.gcal'], gainfield=['', '', '3C286', '3C286', '3C286', '3C286'], calwt=False)
2020-07-21 15:44:53 | INFO | Plotting corrected phases for ['3C286'] to: ./plots/corr_phase.png
2020-07-21 15:44:59 | INFO | Plotting corrected amplitudes for ['3C286'] to: ./plots/corr_amp.png
2020-07-21 15:45:03 | INFO | Apply all calibrations to phase calibrators and targets.
2020-07-21 15:45:03 | INFO | Applying calibration to: J1008+0730
2020-07-21 15:45:03 | INFO | Executing command: applycal(vis='13A-387_5.ms', field='J1008+0730', gaintable=['./cal_tabs/antpos.cal', './cal_tabs/gaincurve.cal', './cal_tabs/delays.cal', './cal_tabs/bandpass.bcal', './cal_tabs/intphase.gcal', './cal_tabs/amp.gcal', './cal_tabs/fluxsol.cal'], gainfield=['', '', '3C286', '3C286', 'J1008+0730', 'J1008+0730', 'J1008+0730'], calwt=False)
2020-07-21 15:45:14 | INFO | Applying calibration to: HCG47
2020-07-21 15:45:14 | INFO | Executing command: applycal(vis='13A-387_5.ms', field='HCG47', gaintable=['./cal_tabs/antpos.cal', './cal_tabs/gaincurve.cal', './cal_tabs/delays.cal', './cal_tabs/bandpass.bcal', './cal_tabs/intphase.gcal', './cal_tabs/amp.gcal', './cal_tabs/fluxsol.cal'], gainfield=['', '', '3C286', '3C286', 'J1008+0730', 'J1008+0730', 'J1008+0730'], calwt=False)
2020-07-21 15:46:12 | INFO | Completed calibration.
2020-07-21 15:46:12 | INFO | Removing flag version: final.
2020-07-21 15:46:12 | INFO | Executing command: flagmanager(vis='13A-387_5.ms', mode='delete', versionname='final')
2020-07-21 15:46:12 | INFO | Completed removing flag version.
2020-07-21 15:46:12 | INFO | Saving flag version as: final.
2020-07-21 15:46:12 | INFO | Executing command: flagmanager(vis='13A-387_5.ms', mode='save', versionname='final')
2020-07-21 15:46:13 | INFO | Completed saving flag version.
2020-07-21 15:46:13 | INFO | Starting writing flag summary to: ./summary/13A-387_5.ms.finalflags.summary.
2020-07-21 15:46:21 | INFO | Total flagged data: 38.95%
2020-07-21 15:46:21 | INFO | Completed writing flag summary.
2020-07-21 15:46:21 | INFO | Making flags plots for flag version: final
2020-07-21 15:46:21 | INFO | Making flags plots for HCG47.
2020-07-21 15:46:21 | INFO | Plotting amplitude vs frequency to ./plots/flag_plot_final_HCG47_freq_ob0_spw0.png
2020-07-21 15:47:23 | INFO | Plotting amplitude vs time to ./plots/flag_plot_final_HCG47_time_ob0_spw0.png
2020-07-21 15:49:51 | INFO | Making flags plots for J1008+0730.
2020-07-21 15:49:51 | INFO | Plotting amplitude vs frequency to ./plots/flag_plot_final_J1008+0730_freq_ob0_spw0.png
2020-07-21 15:51:05 | INFO | Plotting amplitude vs time to ./plots/flag_plot_final_J1008+0730_time_ob0_spw0.png
2020-07-21 15:51:53 | INFO | Making flags plots for 3C286.
2020-07-21 15:51:53 | INFO | Plotting amplitude vs frequency to ./plots/flag_plot_final_3C286_freq_ob0_spw0.png
2020-07-21 15:52:49 | INFO | Plotting amplitude vs time to ./plots/flag_plot_final_3C286_time_ob0_spw0.png
2020-07-21 15:54:22 | INFO | Completed flags plots 
2020-07-21 15:54:22 | INFO | Starting split fields.
2020-07-21 15:54:22 | INFO | Create directory: ./sources/
2020-07-21 15:54:22 | INFO | Splitting HCG47 into separate file: HCG47.split.
2020-07-21 15:54:22 | INFO | Executing command: split(vis='13A-387_5.ms', outputvis='sources/HCG47.split', field='HCG47')
2020-07-21 15:54:32 | INFO | Writing listobs summary for split data set to: ./summary/HCG47.listobs.summary
2020-07-21 15:54:32 | INFO | Completed split fields.
2020-07-21 15:54:32 | INFO | Backing up 13A-387_5_params.cfg to backup.13A-387_5_params.cfg.
2020-07-21 15:54:36 | INFO | CASA version: 5.4.2
2020-07-21 15:54:36 | INFO | Starting making dirty continuum image.
2020-07-21 15:54:36 | INFO | Removing any existing dirty continuum images.
2020-07-21 15:54:36 | INFO | Checking clean parameters for dirty image (inc. continuum).
2020-07-21 15:54:36 | INFO | Pixel sizes set as: ['8arcsec'].
2020-07-21 15:54:36 | INFO | For the targets: ['HCG47'].
2020-07-21 15:54:36 | INFO | Image sizes set as: ['512'] pixels.
2020-07-21 15:54:36 | INFO | For the targets: ['HCG47'].
2020-07-21 15:54:36 | INFO | Making dirty image of HCG47 (inc. continuum).
2020-07-21 15:54:36 | INFO | Executing command: tclean(vis='sources/HCG47.split', field='HCG47', imagename='images/HCG47.cont.dirty', cell='8arcsec', imsize=[512,512], specmode='cube', outframe='bary', veltype='radio', restfreq='1420405751.786Hz', gridder='wproject', wprojplanes=-1, pblimit=0.1, normtype='flatnoise', deconvolver='hogbom', weighting='briggs', robust=2, niter=0, phasecenter='', interactive=False)
2020-07-21 15:59:34 | INFO | Completed making dirty continuum image.
2020-07-21 15:59:34 | INFO | Backing up 13A-387_5_params.cfg to backup.13A-387_5_params.cfg.
2020-07-21 15:59:37 | INFO | CASA version: 5.4.2
2020-07-21 15:59:37 | INFO | Starting plotting amplitude spectrum.
2020-07-21 15:59:37 | INFO | Plotting amplitude vs channel to ./plots/HCG47_amp_chn.png
2020-07-21 16:01:31 | INFO | Plotting amplitude vs velocity to ./plots/HCG47_amp_vel.png
2020-07-21 16:05:57 | INFO | Completed plotting amplitude spectrum.
2020-07-21 16:05:57 | INFO | Starting continuum subtraction.
2020-07-21 16:05:57 | INFO | Checking for line free channel ranges in parameters.
2020-07-21 16:05:57 | INFO | Line free channels set as: ['0:85~170;512~598'].
2020-07-21 16:05:57 | INFO | Fit order(s) set as: 1.
2020-07-21 16:05:57 | INFO | For the targets: ['HCG47'].
2020-07-21 16:05:57 | INFO | Subtracting the continuum from field: HCG47
2020-07-21 16:05:57 | INFO | Executing command: uvcontsub(vis='sources/HCG47'+'.split', field='HCG47', fitspw='0:85~170;512~598', spw='0', excludechans=False, combine='spw', solint='int', fitorder=1, want_cont=False)
2020-07-21 16:08:28 | INFO | Completed continuum subtraction.
2020-07-21 16:08:28 | INFO | Starting plotting amplitude spectrum.
2020-07-21 16:08:28 | INFO | Plotting amplitude vs channel to ./plots/HCG47_contsub_amp_chn.png
2020-07-21 16:11:38 | INFO | Completed plotting amplitude spectrum.
2020-07-21 16:11:38 | INFO | Starting making dirty image.
2020-07-21 16:11:38 | INFO | Removing any existing dirty images.
2020-07-21 16:11:38 | INFO | Checking clean parameters for dirty image.
2020-07-21 16:11:38 | INFO | Pixel sizes set as: ['8arcsec'].
2020-07-21 16:11:38 | INFO | For the targets: ['HCG47'].
2020-07-21 16:11:38 | INFO | Image sizes set as: ['512'] pixels.
2020-07-21 16:11:38 | INFO | For the targets: ['HCG47'].
2020-07-21 16:11:38 | INFO | Line emission channels set as: ['0:170~512'].
2020-07-21 16:11:38 | INFO | For the targets: ['HCG47'].
2020-07-21 16:11:38 | INFO | Making dirty image of HCG47 (line only).
2020-07-21 16:11:38 | INFO | Executing command: tclean(vis='sources/HCG47'+'.split.contsub', field='HCG47', imagename='images/HCG47'+'.dirty', cell='8arcsec', imsize=[512,512], specmode='cube', outframe='bary', veltype='radio', restfreq='1420405751.786Hz', gridder='wproject', wprojplanes=-1, pblimit=0.1, normtype='flatnoise', deconvolver='hogbom', weighting='briggs', robust=2, restoringbeam='common', niter=0, phasecenter='', interactive=False)
2020-07-21 16:16:40 | INFO | Completed making dirty image.
2020-07-21 16:16:40 | INFO | Backing up 13A-387_5_params.cfg to backup.13A-387_5_params.cfg.
2020-07-21 16:16:43 | INFO | CASA version: 5.4.2
2020-07-21 16:16:43 | INFO | Deleting any existing clean image(s).
2020-07-21 16:16:43 | INFO | Starting making noise estimation.
2020-07-21 16:16:47 | INFO | Effective integration time for HCG47: 2597 s
2020-07-21 16:16:47 | INFO | Expected rms noise for HCG47: 0.00159616907884 Jy/beam
2020-07-21 16:16:47 | INFO | Completed making noise estimation.
2020-07-21 16:16:47 | INFO | Starting generation of clean image(s).
2020-07-21 16:16:47 | INFO | Line emission channels set as: ['0:170~512'].
2020-07-21 16:16:47 | INFO | For the targets: ['HCG47'].
2020-07-21 16:16:47 | INFO | Setting CLEAN algorithm to MS-CLEAN.
2020-07-21 16:16:47 | INFO | Starting HCG47 image.
2020-07-21 16:16:47 | INFO | Automasking parameters set as:
2020-07-21 16:16:47 | INFO | sidelobethreshold = 2.0
2020-07-21 16:16:47 | INFO | noisethreshold = 3.0
2020-07-21 16:16:47 | INFO | lownoisethreshold = 1.5
2020-07-21 16:16:47 | INFO | minbeamfraction = 0.3
2020-07-21 16:16:47 | INFO | negativethreshold = 15.0
2020-07-21 16:16:47 | INFO | The maximum recoverable scale for HCG47 is 941 arcsec.
2020-07-21 16:16:47 | INFO | CLEANing with scales of [0, 7, 21, 65] pixels.
2020-07-21 16:16:47 | INFO | CLEANing HCG47 to a threshold of 0.0039904226971 Jy.
2020-07-21 16:16:47 | INFO | Executing command: tclean(vis='sources/HCG47'+'.split.contsub', field='HCG47', spw='0:170~512', imagename='images/HCG47', cell='8arcsec', imsize=[512,512], specmode='cube', outframe='bary', veltype='radio', restfreq='1420405751.786Hz', gridder='wproject', wprojplanes=-1, pblimit=0.1, normtype='flatnoise', deconvolver='multiscale', scales=[0, 7, 21, 65], restoringbeam='common', pbcor=True, weighting='briggs', robust=2, niter=100000, gain=0.1, threshold='0.0039904226971Jy', usemask='auto-multithresh', phasecenter='', sidelobethreshold=2.0, noisethreshold=3.0, lownoisethreshold=1.5, minbeamfrac=0.3, negativethreshold=15.0, cyclefactor=2.0,interactive=False)
2020-07-21 17:02:12 | INFO | CLEANing finished. Image cube saved as HCG47.image.
2020-07-21 17:02:12 | INFO | Saving image cube as HCG47_HI.fits
2020-07-21 17:02:12 | INFO | Executing command: exportfits(imagename='images/HCG47.image', fitsimage='images/HCG47_HI.fits', velocity=True,optical=False,overwrite=True,dropstokes=True,stokeslast=True,history=True,dropdeg=True)
2020-07-21 17:02:13 | INFO | Saving primary beam corrected image cube as HCG47_HI.pbcor.fits
2020-07-21 17:02:13 | INFO | Executing command: exportfits(imagename='images/HCG47.image.pbcor', fitsimage='images/HCG47_HI.pbcor.fits', velocity=True,optical=False,overwrite=True,dropstokes=True,stokeslast=True,history=True,dropdeg=True)
2020-07-21 17:02:14 | INFO | Completed generation of clean image(s).
2020-07-21 17:02:14 | INFO | Backing up 13A-387_5_params.cfg to backup.13A-387_5_params.cfg.
2020-07-21 17:02:18 | INFO | CASA version: 5.4.2
2020-07-21 17:02:18 | INFO | Deleting any existing moment(s).
2020-07-21 17:02:18 | INFO | Starting making noise estimation.
2020-07-21 17:02:21 | INFO | Effective integration time for HCG47: 2597 s
2020-07-21 17:02:21 | INFO | Expected rms noise for HCG47: 0.00159616907884 Jy/beam
2020-07-21 17:02:21 | INFO | Completed making noise estimation.
2020-07-21 17:02:21 | INFO | Create directory: ./moments/
2020-07-21 17:02:21 | INFO | Starting generation of moment map(s).
2020-07-21 17:02:21 | INFO | Executing command: immoments(imagename='images/HCG47.image',includepix=[0.00478850723653,4788.50723653],chans='',outfile='moments/HCG47.mom0')
2020-07-21 17:02:23 | INFO | Executing command: exportfits(imagename='moments/HCG47.mom0', fitsimage='moments/HCG47.mom0.fits',overwrite=True,dropstokes=True,stokeslast=True,history=True,dropdeg=True)
2020-07-21 17:02:23 | INFO | Completed generation of moment map(s).
