2020-11-12 18:29:46 | INFO | CASA version: 5.4.2
2020-11-12 18:29:46 | INFO | Deleted: summary
2020-11-12 18:29:46 | INFO | Deleted: plots
2020-11-12 18:29:46 | INFO | Deleted: AV206.ms
2020-11-12 18:29:46 | INFO | Deleted: AV206.ms.flagversions
2020-11-12 18:29:46 | INFO | Starting import vla data
2020-11-12 18:29:46 | INFO | Create directory: ./summary/
2020-11-12 18:29:46 | INFO | Input files: ['../../data/VLA/AV206/AV206_A930701.xp1', '../../data/VLA/AV206/AV206_A930701.xp2', '../../data/VLA/AV206/AV206_B930819.xp1', '../../data/VLA/AV206/AV206_C931209.xp1', '../../data/VLA/AV206/AV206_C931210.xp2']
2020-11-12 18:29:46 | INFO | Output msfile: AV206.ms
2020-11-12 18:29:46 | INFO | Executing command: importvla(archivefiles = ['../../data/VLA/AV206/AV206_A930701.xp1', '../../data/VLA/AV206/AV206_A930701.xp2', '../../data/VLA/AV206/AV206_B930819.xp1', '../../data/VLA/AV206/AV206_C931209.xp1', '../../data/VLA/AV206/AV206_C931210.xp2'], vis = 'AV206.ms')
2020-11-12 18:30:08 | INFO | Completed import vla data
2020-11-12 18:30:08 | INFO | Starting archive file summary.
2020-11-12 18:30:08 | INFO | To find the exact files imported here search the VLA archive (https://archive.nrao.edu/archive/advquery.jsp) for:
2020-11-12 18:30:08 | INFO | Project: AV206	Start Time: 1993-07-01 08:35:45	End Time: 1993-07-01 13:45:45
2020-11-12 18:30:08 | INFO | Project: AV206	Start Time: 1993-07-01 13:47:15	End Time: 1993-07-01 19:02:15
2020-11-12 18:30:08 | INFO | Project: AV206	Start Time: 1993-08-19 08:24:15	End Time: 1993-08-19 13:20:30
2020-11-12 18:30:08 | INFO | Project: AV206	Start Time: 1993-12-09 23:58:15	End Time: 1993-12-10 03:16:15
2020-11-12 18:30:08 | INFO | Project: AV206	Start Time: 1993-12-10 03:17:15	End Time: 1993-12-10 06:55:15
2020-11-12 18:30:08 | INFO | Completed archive file summary.
2020-11-12 18:30:08 | INFO | Starting listobs summary.
2020-11-12 18:30:08 | INFO | Writing listobs summary of data set to: ./summary/AV206.ms.listobs.summary
2020-11-12 18:30:08 | INFO | Completed listobs summary.
2020-11-12 18:30:08 | INFO | Starting data transform.
2020-11-12 18:30:08 | INFO | Executing command: mstransform(vis='AV206.ms', outputvis='AV206.ms_1', field='0134+329, 0237-233, H19, H07, 0019-000', spw='0, 1, 4', observation='3~4', datacolumn='data')
2020-11-12 18:30:14 | INFO | Updating config file (AV206_params.cfg) to set mstransform values.
2020-11-12 18:30:14 | INFO | Deleted: AV206.ms.flagversions
2020-11-12 18:30:14 | INFO | Create directory: AV206.ms.flagversions
2020-11-12 18:30:14 | INFO | Deleted: AV206.ms
2020-11-12 18:30:14 | INFO | Moved AV206.ms_1 to AV206.ms
2020-11-12 18:30:14 | INFO | Completed data transformation.
2020-11-12 18:30:14 | INFO | Starting listobs summary.
2020-11-12 18:30:14 | INFO | Deleted: ./summary/AV206.ms.listobs.summary
2020-11-12 18:30:14 | INFO | Writing listobs summary of data set to: ./summary/AV206.ms.listobs.summary
2020-11-12 18:30:14 | INFO | Completed listobs summary.
2020-11-12 18:30:14 | INFO | Reading ms file information for MS: AV206.ms
2020-11-12 18:30:14 | INFO | Sources in MS AV206.ms: 0019-000,0134+329,0237-233,H07,H19
2020-11-12 18:30:14 | INFO | > Sources (5): 0019-000,0134+329,0237-233,H07,H19
2020-11-12 18:30:14 | INFO | > Number of spw: 3
2020-11-12 18:30:14 | INFO | > Channels per spw: 31
2020-11-12 18:30:14 | INFO | Starting plotting elevation.
2020-11-12 18:30:14 | INFO | Create directory: ./plots/
2020-11-12 18:30:14 | INFO | Plotting elevation to: ./plots/AV206.ms_elevation.png
2020-11-12 18:30:24 | INFO | Completed plotting elevation.
2020-11-12 18:30:24 | INFO | Starting plotting antenna positions.
2020-11-12 18:30:24 | INFO | Plotting antenna positions to: ./plots/AV206.ms_antpos.png
2020-11-12 18:30:25 | INFO | Completed plotting antenna positions.
2020-11-12 18:30:25 | INFO | Backing up AV206_params.cfg to backup.AV206_params.cfg.
2020-11-12 18:30:28 | INFO | CASA version: 5.4.2
2020-11-12 18:30:28 | INFO | Saving flag version as: Original.
2020-11-12 18:30:28 | INFO | Executing command: flagmanager(vis='AV206.ms', mode='save', versionname='Original')
2020-11-12 18:30:29 | INFO | Completed saving flag version.
2020-11-12 18:30:29 | INFO | Starting manual flagging.
2020-11-12 18:30:29 | INFO | Applying flags from manual_flags.list
2020-11-12 18:30:29 | INFO | Executing command: flagdata(vis='AV206.ms', mode='list', action='apply', inpfile=["mode='manual' scan='30,40'\n", "mode='manual' scan='42' antenna='VA11&VA22;VA11&VA25'\n", "mode='manual' observation='0' spw='2:22' field='0'\n", "mode='manual' observation='0' spw='2' field='2' antenna='VA08&VA11'\n", "mode='manual' observation='0' spw='2:23~24' field='2' \n", "mode='manual' observation='0' spw='2' field='3' antenna='VA11'\n", "mode='manual' observation='0' spw='2:23~24' field='3' \n", "mode='manual' observation='1' field='0' spw='0:22' antenna='VA01&VA16;VA04&VA25;VA09&VA10;VA13&VA16;VA19&VA25'\n", "mode='manual' observation='1' field='0' timerange='1993/08/19/08:24:00~08:25:00'\n", "mode='manual' observation='1' field='1' antenna='VA10&VA11;VA09&VA22'\n", "mode='manual' observation='1' field='1' spw='0:20'\n", "mode='manual' observation='1' field='4' spw='0:20'\n", "mode='manual' observation='2' field='0' spw='0:22' \n", "mode='manual' observation='2' field='1' antenna='VA26;VA01&VA03;VA01&VA13;VA01&VA25;VA06&VA23;VA11&VA12;VA11&VA15;VA11&VA22;VA13&VA25'\n", "mode='manual' observation='2' field='1' spw='0' antenna='VA09&VA11;VA10&VA11'\n", "mode='manual' observation='2' field='1' spw='0:22~23'\n", "mode='manual' observation='2' field='4' spw='0:22~23'\n", "mode='manual' observation='3' field='0' antenna='VA08&VA11' spw='0'\n", "mode='manual' observation='3' field='0' antenna='VA26' spw='0:20'\n", "mode='manual' observation='3' field='3' antenna='VA04&VA11;VA10&VA15;VA10&VA23;VA11&VA12'\n", "mode='manual' observation='3' field='0' spw='0:22'\n", "mode='manual' observation='3' field='3' antenna='VA06&VA11;VA11&VA21;VA11&VA22'\n", "mode='manual' observation='3' field='3' spw='2:27~28'\n", "mode='manual' observation='3' field='0' spw='2:26~27'\n", "mode='manual' observation='3' field='0' spw='2' antenna='VA11&VA22'\n", "mode='manual' scan='38' antenna='VA09;VA22'\n", "mode='manual' observation='3' field='2' spw='2:27~28'"])
2020-11-12 18:30:33 | INFO | Completed manual flagging.
2020-11-12 18:30:33 | INFO | Starting basic flagging.
2020-11-12 18:30:33 | INFO | Flagging antennae with more than 5.0 m of shadowing.
2020-11-12 18:30:33 | INFO | Executing command: flagdata(vis='AV206.ms', mode='shadow', tolerance=5.0, flagbackup=False)
2020-11-12 18:30:37 | INFO | Flagging zero amplitude data.
2020-11-12 18:30:37 | INFO | Executing command: flagdata(vis='AV206.ms', mode='clip', clipzeros=True, flagbackup=False)
2020-11-12 18:30:42 | INFO | Flagging first 10.0 s of every scan.
2020-11-12 18:30:42 | INFO | Executing command: flagdata(vis='AV206.ms', mode='quack', quackinterval=10.0, quackmode='beg', flagbackup=False)
2020-11-12 18:30:45 | INFO | Completed basic flagging.
2020-11-12 18:30:45 | INFO | Starting running TFCrop.
2020-11-12 18:30:45 | INFO | Executing command: flagdata(vis='AV206.ms', mode='tfcrop', action='apply', display='', timecutoff=4.0, freqcutoff=4.0, flagbackup=False)
2020-11-12 18:31:02 | INFO | Completed running TFCrop.
2020-11-12 18:31:02 | INFO | Removing flag version: initial.
2020-11-12 18:31:02 | INFO | Executing command: flagmanager(vis='AV206.ms', mode='delete', versionname='initial')
2020-11-12 18:31:02 | INFO | Completed removing flag version.
2020-11-12 18:31:02 | INFO | Saving flag version as: initial.
2020-11-12 18:31:02 | INFO | Executing command: flagmanager(vis='AV206.ms', mode='save', versionname='initial')
2020-11-12 18:31:03 | INFO | Completed saving flag version.
2020-11-12 18:31:03 | INFO | Starting writing flag summary to: ./summary/AV206.ms.initialflags.summary.
2020-11-12 18:31:05 | INFO | Total flagged data: 16.24%
2020-11-12 18:31:05 | INFO | Completed writing flag summary.
2020-11-12 18:31:05 | INFO | Starting reference antenna selection.
2020-11-12 18:31:05 | INFO | Reference antenna already set as: VA23.
2020-11-12 18:31:05 | INFO | Starting set field purposes.
2020-11-12 18:31:05 | INFO | Target field(s) already set as: ['H07', 'H19'].
2020-11-12 18:31:05 | INFO | Flux calibrator already set as: ['0134+329', '0134+329', '0134+329'].
2020-11-12 18:31:05 | INFO | Flux models already set as: ['3C48_L.im', '3C48_L.im', '3C48_L.im'].
2020-11-12 18:31:05 | INFO | Bandpass calibrator already set as: ['0134+329', '0134+329', '0134+329'].
2020-11-12 18:31:05 | INFO | Phase calibrator already set as: ['0019-000', '0237-233'].
2020-11-12 18:31:05 | INFO | No changes made to preset target and calibrator fields.
2020-11-12 18:31:05 | INFO | Completed setting field purposes.
2020-11-12 18:31:05 | INFO | Making flags plots for flag version: initial
2020-11-12 18:31:05 | INFO | Making flags plots for 0019-000.
2020-11-12 18:31:05 | INFO | Plotting amplitude vs frequency to ./plots/flag_plot_initial_0019-000_freq_ob0_spw0.png
2020-11-12 18:31:10 | INFO | Plotting amplitude vs time to ./plots/flag_plot_initial_0019-000_time_ob0_spw0.png
2020-11-12 18:31:13 | INFO | Making flags plots for 0019-000.
2020-11-12 18:31:13 | INFO | Plotting amplitude vs frequency to ./plots/flag_plot_initial_0019-000_freq_ob0_spw1.png
2020-11-12 18:31:16 | INFO | Plotting amplitude vs time to ./plots/flag_plot_initial_0019-000_time_ob0_spw1.png
2020-11-12 18:31:18 | INFO | Making flags plots for 0019-000.
2020-11-12 18:31:18 | INFO | Plotting amplitude vs frequency to ./plots/flag_plot_initial_0019-000_freq_ob1_spw0.png
2020-11-12 18:31:19 | INFO | Plotting amplitude vs time to ./plots/flag_plot_initial_0019-000_time_ob1_spw0.png
2020-11-12 18:31:20 | INFO | Making flags plots for 0019-000.
2020-11-12 18:31:20 | INFO | Plotting amplitude vs frequency to ./plots/flag_plot_initial_0019-000_freq_ob1_spw1.png
2020-11-12 18:31:21 | INFO | Plotting amplitude vs time to ./plots/flag_plot_initial_0019-000_time_ob1_spw1.png
2020-11-12 18:31:21 | INFO | Making flags plots for H19.
2020-11-12 18:31:21 | INFO | Plotting amplitude vs frequency to ./plots/flag_plot_initial_H19_freq_ob0_spw2.png
2020-11-12 18:31:22 | INFO | Plotting amplitude vs time to ./plots/flag_plot_initial_H19_time_ob0_spw2.png
2020-11-12 18:31:23 | INFO | Making flags plots for H19.
2020-11-12 18:31:23 | INFO | Plotting amplitude vs frequency to ./plots/flag_plot_initial_H19_freq_ob1_spw2.png
2020-11-12 18:31:34 | INFO | Plotting amplitude vs time to ./plots/flag_plot_initial_H19_time_ob1_spw2.png
2020-11-12 18:31:41 | INFO | Making flags plots for 0237-233.
2020-11-12 18:31:41 | INFO | Plotting amplitude vs frequency to ./plots/flag_plot_initial_0237-233_freq_ob0_spw2.png
2020-11-12 18:31:42 | INFO | Plotting amplitude vs time to ./plots/flag_plot_initial_0237-233_time_ob0_spw2.png
2020-11-12 18:31:43 | INFO | Making flags plots for 0237-233.
2020-11-12 18:31:43 | INFO | Plotting amplitude vs frequency to ./plots/flag_plot_initial_0237-233_freq_ob1_spw2.png
2020-11-12 18:31:47 | INFO | Plotting amplitude vs time to ./plots/flag_plot_initial_0237-233_time_ob1_spw2.png
2020-11-12 18:31:51 | INFO | Making flags plots for H07.
2020-11-12 18:31:51 | INFO | Plotting amplitude vs frequency to ./plots/flag_plot_initial_H07_freq_ob0_spw0.png
2020-11-12 18:32:00 | INFO | Plotting amplitude vs time to ./plots/flag_plot_initial_H07_time_ob0_spw0.png
2020-11-12 18:32:07 | INFO | Making flags plots for H07.
2020-11-12 18:32:07 | INFO | Plotting amplitude vs frequency to ./plots/flag_plot_initial_H07_freq_ob0_spw1.png
2020-11-12 18:32:16 | INFO | Plotting amplitude vs time to ./plots/flag_plot_initial_H07_time_ob0_spw1.png
2020-11-12 18:32:22 | INFO | Making flags plots for H07.
2020-11-12 18:32:22 | INFO | Plotting amplitude vs frequency to ./plots/flag_plot_initial_H07_freq_ob1_spw0.png
2020-11-12 18:32:24 | INFO | Plotting amplitude vs time to ./plots/flag_plot_initial_H07_time_ob1_spw0.png
2020-11-12 18:32:25 | INFO | Making flags plots for H07.
2020-11-12 18:32:25 | INFO | Plotting amplitude vs frequency to ./plots/flag_plot_initial_H07_freq_ob1_spw1.png
2020-11-12 18:32:26 | INFO | Plotting amplitude vs time to ./plots/flag_plot_initial_H07_time_ob1_spw1.png
2020-11-12 18:32:27 | INFO | Making flags plots for 0134+329.
2020-11-12 18:32:27 | INFO | Plotting amplitude vs frequency to ./plots/flag_plot_initial_0134+329_freq_ob0_spw0.png
2020-11-12 18:32:29 | INFO | Plotting amplitude vs time to ./plots/flag_plot_initial_0134+329_time_ob0_spw0.png
2020-11-12 18:32:31 | INFO | Making flags plots for 0134+329.
2020-11-12 18:32:31 | INFO | Plotting amplitude vs frequency to ./plots/flag_plot_initial_0134+329_freq_ob0_spw1.png
2020-11-12 18:32:34 | INFO | Plotting amplitude vs time to ./plots/flag_plot_initial_0134+329_time_ob0_spw1.png
2020-11-12 18:32:36 | INFO | Making flags plots for 0134+329.
2020-11-12 18:32:36 | INFO | Plotting amplitude vs frequency to ./plots/flag_plot_initial_0134+329_freq_ob0_spw2.png
2020-11-12 18:32:37 | INFO | Plotting amplitude vs time to ./plots/flag_plot_initial_0134+329_time_ob0_spw2.png
2020-11-12 18:32:37 | INFO | Making flags plots for 0134+329.
2020-11-12 18:32:37 | INFO | Plotting amplitude vs frequency to ./plots/flag_plot_initial_0134+329_freq_ob1_spw0.png
2020-11-12 18:32:40 | INFO | Plotting amplitude vs time to ./plots/flag_plot_initial_0134+329_time_ob1_spw0.png
2020-11-12 18:32:42 | INFO | Making flags plots for 0134+329.
2020-11-12 18:32:42 | INFO | Plotting amplitude vs frequency to ./plots/flag_plot_initial_0134+329_freq_ob1_spw1.png
2020-11-12 18:32:44 | INFO | Plotting amplitude vs time to ./plots/flag_plot_initial_0134+329_time_ob1_spw1.png
2020-11-12 18:32:46 | INFO | Making flags plots for 0134+329.
2020-11-12 18:32:46 | INFO | Plotting amplitude vs frequency to ./plots/flag_plot_initial_0134+329_freq_ob1_spw2.png
2020-11-12 18:32:52 | INFO | Plotting amplitude vs time to ./plots/flag_plot_initial_0134+329_time_ob1_spw2.png
2020-11-12 18:32:56 | INFO | Completed flags plots 
2020-11-12 18:32:56 | INFO | Starting calibration.
2020-11-12 18:32:56 | INFO | Calibrating gain vs elevation (./cal_tabs/gaincurve.cal).
2020-11-12 18:32:56 | INFO | Executing command: gencal(vis='AV206.ms', caltable='./cal_tabs/gaincurve.cal', caltype='gceff')
2020-11-12 18:32:57 | INFO | Load model for flux calibrator 0134+329 (3C48_L.im).
2020-11-12 18:32:57 | INFO | Executing command: setjy(vis='AV206.ms', field='0134+329', scalebychan=True, model='3C48_L.im')
2020-11-12 18:32:59 | INFO | Plotting bandpass phase vs. time for reference antenna to: ./plots/bpphaseint.png
2020-11-12 18:33:01 | INFO | Calibrating delays for bandpass calibrators ['0134+329', '0134+329', '0134+329'] (./cal_tabs/delays.cal).
2020-11-12 18:33:01 | INFO | Executing command: gaincal(vis='AV206.ms', field='0134+329,0134+329,0134+329', caltable='./cal_tabs/delays.cal', refant='VA23', gaintype='K', gaintable=['./cal_tabs/gaincurve.cal'], spw='0,1,2')
2020-11-12 18:33:05 | INFO | Make bandpass calibrator phase solutions for ['0134+329', '0134+329', '0134+329'] (./cal_tabs/bpphase.gcal).
2020-11-12 18:33:05 | INFO | Executing command: gaincal(vis='AV206.ms', field='0134+329,0134+329,0134+329',  caltable='./cal_tabs/bpphase.gcal', refant='VA23', calmode='p', solint='int', combine='', minsnr=2.0, gaintable=['./cal_tabs/gaincurve.cal','./cal_tabs/delays.cal'], spw='0,1,2')
2020-11-12 18:33:09 | INFO | Plotting bandpass phase solutions to: ./plots/bpphasesol_ob0.png
2020-11-12 18:33:11 | INFO | Plotting bandpass phase solutions to: ./plots/bpphasesol_ob1.png
2020-11-12 18:33:13 | INFO | Determining bandpass solution(s) (./cal_tabs/bandpass.bcal).
2020-11-12 18:33:13 | INFO | Executing command: bandpass(vis='AV206.ms', caltable='./cal_tabs/bandpass.bcal', field='0134+329,0134+329,0134+329', refant='VA23', solint='inf', solnorm=True, gaintable=['./cal_tabs/gaincurve.cal', './cal_tabs/delays.cal', './cal_tabs/bpphase.gcal'], spw='0,1,2')
2020-11-12 18:33:17 | INFO | Plotting bandpass amplitude solutions to: ./plots/bandpasssol_.png
2020-11-12 18:33:19 | INFO | Determining integration phase solutions (./cal_tabs/intphase.gcal).
2020-11-12 18:33:19 | INFO | Executing command: gaincal(vis='AV206.ms', field='0134+329,0237-233,0019-000', caltable='./cal_tabs/intphase.gcal', refant='VA23', calmode='p', solint='int', minsnr=2.0, gaintable=['./cal_tabs/gaincurve.cal', './cal_tabs/delays.cal', './cal_tabs/bandpass.bcal'],spw='0,1,2')
2020-11-12 18:33:27 | INFO | Determining scan phase solutions (./cal_tabs/scanphase.gcal).
2020-11-12 18:33:27 | INFO | Executing command: gaincal(vis='AV206.ms', field='0134+329,0237-233,0019-000', caltable='./cal_tabs/scanphase.gcal', refant='VA23', calmode='p', solint='inf', minsnr=2.0, gaintable=['./cal_tabs/gaincurve.cal', './cal_tabs/delays.cal', './cal_tabs/bandpass.bcal'],spw='0,1,2')
2020-11-12 18:33:32 | INFO | Determining amplitude solutions (./cal_tabs/amp.gcal).
2020-11-12 18:33:32 | INFO | Executing command: gaincal(vis='AV206.ms', field='0134+329,0237-233,0019-000', caltable='./cal_tabs/amp.gcal', refant='VA23', calmode='ap', solint='inf', minsnr=2.0, gaintable=['./cal_tabs/gaincurve.cal', './cal_tabs/delays.cal', './cal_tabs/bandpass.bcal', './cal_tabs/intphase.gcal'],spw='0,1,2')
2020-11-12 18:33:37 | INFO | Plotting phase solutions to: ./plots/phasesol_ob0.png
2020-11-12 18:33:39 | INFO | Plotting amplitude solutions to: ./plots/ampsol_ob0.png
2020-11-12 18:33:41 | INFO | Plotting phase solutions to: ./plots/phasesol_ob1.png
2020-11-12 18:33:43 | INFO | Plotting amplitude solutions to: ./plots/ampsol_ob1.png
2020-11-12 18:33:45 | INFO | Applying flux scale to calibrators (./cal_tabs/fluxsol.cal).
2020-11-12 18:33:45 | INFO | Executing command: flux_info = fluxscale(vis='AV206.ms', caltable='./cal_tabs/amp.gcal', fluxtable='./cal_tabs/fluxsol.cal', reference='0134+329,0134+329,0134+329', incremental=True)
2020-11-12 18:33:46 | INFO | Writing calibrator fluxes summary to: ./summary/AV206.ms.flux.summary.
2020-11-12 18:33:46 | INFO | Apply all calibrations to bandpass and flux calibrators.
2020-11-12 18:33:46 | INFO | Applying calibration to: 0134+329
2020-11-12 18:33:46 | INFO | Executing command: applycal(vis='AV206.ms', field='0134+329', gaintable=['./cal_tabs/gaincurve.cal', './cal_tabs/delays.cal', './cal_tabs/bandpass.bcal', './cal_tabs/intphase.gcal', './cal_tabs/amp.gcal'], gainfield=['', '0134+329', '0134+329', '0134+329', '0134+329'], calwt=False)
2020-11-12 18:33:50 | INFO | Applying calibration to: 0134+329
2020-11-12 18:33:50 | INFO | Executing command: applycal(vis='AV206.ms', field='0134+329', gaintable=['./cal_tabs/gaincurve.cal', './cal_tabs/delays.cal', './cal_tabs/bandpass.bcal', './cal_tabs/intphase.gcal', './cal_tabs/amp.gcal'], gainfield=['', '0134+329', '0134+329', '0134+329', '0134+329'], calwt=False)
2020-11-12 18:33:53 | INFO | Applying calibration to: 0134+329
2020-11-12 18:33:53 | INFO | Executing command: applycal(vis='AV206.ms', field='0134+329', gaintable=['./cal_tabs/gaincurve.cal', './cal_tabs/delays.cal', './cal_tabs/bandpass.bcal', './cal_tabs/intphase.gcal', './cal_tabs/amp.gcal'], gainfield=['', '0134+329', '0134+329', '0134+329', '0134+329'], calwt=False)
2020-11-12 18:33:56 | INFO | Plotting corrected phases for ['0134+329', '0134+329', '0134+329'] to: ./plots/corr_phase.png
2020-11-12 18:33:58 | INFO | Plotting corrected amplitudes for ['0134+329', '0134+329', '0134+329'] to: ./plots/corr_amp.png
2020-11-12 18:34:00 | INFO | Apply all calibrations to phase calibrators and targets.
2020-11-12 18:34:00 | INFO | Applying calibration to: 0019-000
2020-11-12 18:34:00 | INFO | Executing command: applycal(vis='AV206.ms', field='0019-000', gaintable=['./cal_tabs/gaincurve.cal', './cal_tabs/delays.cal', './cal_tabs/bandpass.bcal', './cal_tabs/intphase.gcal', './cal_tabs/amp.gcal', './cal_tabs/fluxsol.cal'], gainfield=['', '0134+329', '0134+329', '0019-000', '0019-000', '0019-000'], calwt=False)
2020-11-12 18:34:03 | INFO | Applying calibration to: H07
2020-11-12 18:34:03 | INFO | Executing command: applycal(vis='AV206.ms', field='H07', gaintable=['./cal_tabs/gaincurve.cal', './cal_tabs/delays.cal', './cal_tabs/bandpass.bcal', './cal_tabs/intphase.gcal', './cal_tabs/amp.gcal', './cal_tabs/fluxsol.cal'], gainfield=['', '0134+329', '0134+329', '0019-000', '0019-000', '0019-000'], calwt=False)
2020-11-12 18:34:08 | INFO | Applying calibration to: 0237-233
2020-11-12 18:34:08 | INFO | Executing command: applycal(vis='AV206.ms', field='0237-233', gaintable=['./cal_tabs/gaincurve.cal', './cal_tabs/delays.cal', './cal_tabs/bandpass.bcal', './cal_tabs/intphase.gcal', './cal_tabs/amp.gcal', './cal_tabs/fluxsol.cal'], gainfield=['', '0134+329', '0134+329', '0237-233', '0237-233', '0237-233'], calwt=False)
2020-11-12 18:34:10 | INFO | Applying calibration to: H19
2020-11-12 18:34:10 | INFO | Executing command: applycal(vis='AV206.ms', field='H19', gaintable=['./cal_tabs/gaincurve.cal', './cal_tabs/delays.cal', './cal_tabs/bandpass.bcal', './cal_tabs/intphase.gcal', './cal_tabs/amp.gcal', './cal_tabs/fluxsol.cal'], gainfield=['', '0134+329', '0134+329', '0237-233', '0237-233', '0237-233'], calwt=False)
2020-11-12 18:34:14 | INFO | Completed calibration.
2020-11-12 18:34:14 | INFO | Removing flag version: final.
2020-11-12 18:34:14 | INFO | Executing command: flagmanager(vis='AV206.ms', mode='delete', versionname='final')
2020-11-12 18:34:14 | INFO | Completed removing flag version.
2020-11-12 18:34:14 | INFO | Saving flag version as: final.
2020-11-12 18:34:14 | INFO | Executing command: flagmanager(vis='AV206.ms', mode='save', versionname='final')
2020-11-12 18:34:15 | INFO | Completed saving flag version.
2020-11-12 18:34:15 | INFO | Starting writing flag summary to: ./summary/AV206.ms.finalflags.summary.
2020-11-12 18:34:17 | INFO | Total flagged data: 28.09%
2020-11-12 18:34:17 | INFO | Completed writing flag summary.
2020-11-12 18:34:17 | INFO | Making flags plots for flag version: final
2020-11-12 18:34:17 | INFO | Making flags plots for 0019-000.
2020-11-12 18:34:17 | INFO | Plotting amplitude vs frequency to ./plots/flag_plot_final_0019-000_freq_ob0_spw0.png
2020-11-12 18:34:20 | INFO | Plotting amplitude vs time to ./plots/flag_plot_final_0019-000_time_ob0_spw0.png
2020-11-12 18:34:22 | INFO | Making flags plots for 0019-000.
2020-11-12 18:34:22 | INFO | Plotting amplitude vs frequency to ./plots/flag_plot_final_0019-000_freq_ob0_spw1.png
2020-11-12 18:34:26 | INFO | Plotting amplitude vs time to ./plots/flag_plot_final_0019-000_time_ob0_spw1.png
2020-11-12 18:34:29 | INFO | Making flags plots for 0019-000.
2020-11-12 18:34:29 | INFO | Plotting amplitude vs frequency to ./plots/flag_plot_final_0019-000_freq_ob1_spw0.png
2020-11-12 18:34:29 | INFO | Plotting amplitude vs time to ./plots/flag_plot_final_0019-000_time_ob1_spw0.png
2020-11-12 18:34:30 | INFO | Making flags plots for 0019-000.
2020-11-12 18:34:30 | INFO | Plotting amplitude vs frequency to ./plots/flag_plot_final_0019-000_freq_ob1_spw1.png
2020-11-12 18:34:31 | INFO | Plotting amplitude vs time to ./plots/flag_plot_final_0019-000_time_ob1_spw1.png
2020-11-12 18:34:32 | INFO | Making flags plots for H19.
2020-11-12 18:34:32 | INFO | Plotting amplitude vs frequency to ./plots/flag_plot_final_H19_freq_ob0_spw2.png
2020-11-12 18:34:32 | INFO | Plotting amplitude vs time to ./plots/flag_plot_final_H19_time_ob0_spw2.png
2020-11-12 18:34:33 | INFO | Making flags plots for H19.
2020-11-12 18:34:33 | INFO | Plotting amplitude vs frequency to ./plots/flag_plot_final_H19_freq_ob1_spw2.png
2020-11-12 18:34:52 | INFO | Plotting amplitude vs time to ./plots/flag_plot_final_H19_time_ob1_spw2.png
2020-11-12 18:35:07 | INFO | Making flags plots for 0237-233.
2020-11-12 18:35:07 | INFO | Plotting amplitude vs frequency to ./plots/flag_plot_final_0237-233_freq_ob0_spw2.png
2020-11-12 18:35:10 | INFO | Plotting amplitude vs time to ./plots/flag_plot_final_0237-233_time_ob0_spw2.png
2020-11-12 18:35:11 | INFO | Making flags plots for 0237-233.
2020-11-12 18:35:11 | INFO | Plotting amplitude vs frequency to ./plots/flag_plot_final_0237-233_freq_ob1_spw2.png
2020-11-12 18:35:15 | INFO | Plotting amplitude vs time to ./plots/flag_plot_final_0237-233_time_ob1_spw2.png
2020-11-12 18:35:19 | INFO | Making flags plots for H07.
2020-11-12 18:35:19 | INFO | Plotting amplitude vs frequency to ./plots/flag_plot_final_H07_freq_ob0_spw0.png
2020-11-12 18:35:29 | INFO | Plotting amplitude vs time to ./plots/flag_plot_final_H07_time_ob0_spw0.png
2020-11-12 18:35:37 | INFO | Making flags plots for H07.
2020-11-12 18:35:37 | INFO | Plotting amplitude vs frequency to ./plots/flag_plot_final_H07_freq_ob0_spw1.png
2020-11-12 18:35:47 | INFO | Plotting amplitude vs time to ./plots/flag_plot_final_H07_time_ob0_spw1.png
2020-11-12 18:35:55 | INFO | Making flags plots for H07.
2020-11-12 18:35:55 | INFO | Plotting amplitude vs frequency to ./plots/flag_plot_final_H07_freq_ob1_spw0.png
2020-11-12 18:35:57 | INFO | Plotting amplitude vs time to ./plots/flag_plot_final_H07_time_ob1_spw0.png
2020-11-12 18:35:58 | INFO | Making flags plots for H07.
2020-11-12 18:35:58 | INFO | Plotting amplitude vs frequency to ./plots/flag_plot_final_H07_freq_ob1_spw1.png
2020-11-12 18:35:58 | INFO | Plotting amplitude vs time to ./plots/flag_plot_final_H07_time_ob1_spw1.png
2020-11-12 18:35:59 | INFO | Making flags plots for 0134+329.
2020-11-12 18:35:59 | INFO | Plotting amplitude vs frequency to ./plots/flag_plot_final_0134+329_freq_ob0_spw0.png
2020-11-12 18:36:02 | INFO | Plotting amplitude vs time to ./plots/flag_plot_final_0134+329_time_ob0_spw0.png
2020-11-12 18:36:04 | INFO | Making flags plots for 0134+329.
2020-11-12 18:36:04 | INFO | Plotting amplitude vs frequency to ./plots/flag_plot_final_0134+329_freq_ob0_spw1.png
2020-11-12 18:36:06 | INFO | Plotting amplitude vs time to ./plots/flag_plot_final_0134+329_time_ob0_spw1.png
2020-11-12 18:36:09 | INFO | Making flags plots for 0134+329.
2020-11-12 18:36:09 | INFO | Plotting amplitude vs frequency to ./plots/flag_plot_final_0134+329_freq_ob0_spw2.png
2020-11-12 18:36:09 | INFO | Plotting amplitude vs time to ./plots/flag_plot_final_0134+329_time_ob0_spw2.png
2020-11-12 18:36:10 | INFO | Making flags plots for 0134+329.
2020-11-12 18:36:10 | INFO | Plotting amplitude vs frequency to ./plots/flag_plot_final_0134+329_freq_ob1_spw0.png
2020-11-12 18:36:12 | INFO | Plotting amplitude vs time to ./plots/flag_plot_final_0134+329_time_ob1_spw0.png
2020-11-12 18:36:14 | INFO | Making flags plots for 0134+329.
2020-11-12 18:36:14 | INFO | Plotting amplitude vs frequency to ./plots/flag_plot_final_0134+329_freq_ob1_spw1.png
2020-11-12 18:36:17 | INFO | Plotting amplitude vs time to ./plots/flag_plot_final_0134+329_time_ob1_spw1.png
2020-11-12 18:36:19 | INFO | Making flags plots for 0134+329.
2020-11-12 18:36:19 | INFO | Plotting amplitude vs frequency to ./plots/flag_plot_final_0134+329_freq_ob1_spw2.png
2020-11-12 18:36:24 | INFO | Plotting amplitude vs time to ./plots/flag_plot_final_0134+329_time_ob1_spw2.png
2020-11-12 18:36:29 | INFO | Completed flags plots 
2020-11-12 18:36:29 | INFO | Deleted: sources
2020-11-12 18:36:29 | INFO | Starting split fields.
2020-11-12 18:36:29 | INFO | Create directory: ./sources/
2020-11-12 18:36:29 | INFO | The two SPWs which HCG7 was observed with have the frequency ranges:
2020-11-12 18:36:29 | INFO | SPW0: 1397.9143-1400.8438 MHz
2020-11-12 18:36:29 | INFO | SPW1: 1400.2581-1403.1875 MHz
2020-11-12 18:36:29 | INFO | The two SPWs overlap and will be combined.
2020-11-12 18:36:29 | INFO | SPWs [0, 1] will now be combined for HCG7.
2020-11-12 18:36:29 | INFO | Executing command: mstransform(vis='AV206.ms', outputvis='sources/HCG7.split', field='H07', spw='0,1', combinespws=True)
2020-11-12 18:36:36 | INFO | Writing listobs summary for split data set to: ./summary/HCG7.listobs.summary
2020-11-12 18:36:36 | INFO | Splitting H19 into separate file: HCG19.split.
2020-11-12 18:36:36 | INFO | Executing command: split(vis='AV206.ms', outputvis='sources/HCG19.split', field='H19')
2020-11-12 18:36:38 | INFO | Writing listobs summary for split data set to: ./summary/HCG19.listobs.summary
2020-11-12 18:36:38 | INFO | Completed split fields.
2020-11-12 18:36:38 | INFO | Backing up AV206_params.cfg to backup.AV206_params.cfg.
