2020-07-24 11:06:34 | INFO | CASA version: 5.4.2
2020-07-24 11:06:34 | INFO | Starting listobs summary.
2020-07-24 11:06:34 | INFO | Create directory: ./summary/
2020-07-24 11:06:34 | INFO | Writing listobs summary of data set to: ./summary/13A-387_4.ms.listobs.summary
2020-07-24 11:06:35 | INFO | Completed listobs summary.
2020-07-24 11:06:35 | INFO | Starting data transform.
2020-07-24 11:06:35 | INFO | Executing command: mstransform(vis='13A-387_4.ms', outputvis='13A-387_4.ms_1', field='1,2,3', spw='0', observation='', datacolumn='data', hanning=True, chanaverage=True, chanbin=3)
2020-07-24 11:09:59 | INFO | Updating config file (13A-387_4_params.cfg) to set mstransform values.
2020-07-24 11:09:59 | INFO | 13A-387_4.ms.flagversions is a symbolic link. It will now be unlinked.
2020-07-24 11:09:59 | INFO | Create directory: 13A-387_4.ms.flagversions
2020-07-24 11:09:59 | INFO | 13A-387_4.ms is a symbolic link. It will now be unlinked.
2020-07-24 11:09:59 | INFO | Moved 13A-387_4.ms_1 to 13A-387_4.ms
2020-07-24 11:09:59 | INFO | Completed data transformation.
2020-07-24 11:09:59 | INFO | Starting listobs summary.
2020-07-24 11:09:59 | INFO | Deleted: ./summary/13A-387_4.ms.listobs.summary
2020-07-24 11:09:59 | INFO | Writing listobs summary of data set to: ./summary/13A-387_4.ms.listobs.summary
2020-07-24 11:09:59 | INFO | Completed listobs summary.
2020-07-24 11:09:59 | INFO | Reading ms file information for MS: 13A-387_4.ms
2020-07-24 11:09:59 | INFO | Sources in MS 13A-387_4.ms: 3C286,HCG61,J1221+2813
2020-07-24 11:10:00 | INFO | > Sources (3): 3C286,HCG61,J1221+2813
2020-07-24 11:10:00 | INFO | > Number of spw: 1
2020-07-24 11:10:00 | INFO | > Channels per spw: 682
2020-07-24 11:10:00 | INFO | Starting plotting elevation.
2020-07-24 11:10:00 | INFO | Create directory: ./plots/
2020-07-24 11:10:00 | INFO | Plotting elevation to: ./plots/13A-387_4.ms_elevation.png
2020-07-24 11:10:31 | INFO | Completed plotting elevation.
2020-07-24 11:10:31 | INFO | Starting plotting antenna positions.
2020-07-24 11:10:31 | INFO | Plotting antenna positions to: ./plots/13A-387_4.ms_antpos.png
2020-07-24 11:10:32 | INFO | Completed plotting antenna positions.
2020-07-24 11:10:32 | INFO | Backing up 13A-387_4_params.cfg to backup.13A-387_4_params.cfg.
2020-07-24 11:10:35 | INFO | CASA version: 5.4.2
2020-07-24 11:10:35 | INFO | Saving flag version as: Original.
2020-07-24 11:10:35 | INFO | Executing command: flagmanager(vis='13A-387_4.ms', mode='save', versionname='Original')
2020-07-24 11:10:37 | INFO | Completed saving flag version.
2020-07-24 11:10:37 | INFO | Starting manual flagging.
2020-07-24 11:10:37 | INFO | Applying flags from manual_flags.list
2020-07-24 11:10:37 | INFO | Executing command: flagdata(vis='13A-387_4.ms', mode='list', action='apply', inpfile=["mode='manual' antenna='ea19'\n", "mode='manual' antenna='ea28'\n", "mode='manual' field='0' spw='0:249~251'\n", "mode='manual' field='1,2' spw='0:248~251,0:591~593'\n", "mode='manual' field='1' scan='13' antenna='ea10&ea13'\n", "mode='manual' timerange='2013/07/23/01:51:35~2013/07/23/01:53:10'\n", "mode='manual' scan='4~12' antenna='ea10&ea13'\n", "mode='manual' scan='14~23' antenna='ea04&ea10;ea04&ea13;ea10&ea13;ea10&ea14;ea14&ea15;ea14&ea22'\n", "mode='manual' scan='25~33' antenna='ea04&ea10;ea04&ea12;ea04&ea14;ea10&ea14;ea10&ea15;ea14&ea15;ea14&ea22'\n", "mode='manual' antenna='ea05&ea09;ea05&ea11' spw='0:252'\n", "mode='manual' antenna='ea13&ea14;ea13&ea15' spw='0:247~252'"])
2020-07-24 11:10:47 | INFO | Completed manual flagging.
2020-07-24 11:10:47 | INFO | Starting basic flagging.
2020-07-24 11:10:47 | INFO | Flagging antennae with more than 5.0 m of shadowing.
2020-07-24 11:10:47 | INFO | Executing command: flagdata(vis='13A-387_4.ms', mode='shadow', tolerance=5.0, flagbackup=False)
2020-07-24 11:10:55 | INFO | Flagging zero amplitude data.
2020-07-24 11:10:55 | INFO | Executing command: flagdata(vis='13A-387_4.ms', mode='clip', clipzeros=True, flagbackup=False)
2020-07-24 11:12:18 | INFO | Flagging first 5.0 s of every scan.
2020-07-24 11:12:18 | INFO | Executing command: flagdata(vis='13A-387_4.ms', mode='quack', quackinterval=5.0, quackmode='beg', flagbackup=False)
2020-07-24 11:12:23 | INFO | Completed basic flagging.
2020-07-24 11:12:23 | INFO | Starting running TFCrop.
2020-07-24 11:12:23 | INFO | Executing command: flagdata(vis='13A-387_4.ms', mode='tfcrop', action='apply', display='', timecutoff=4.0, freqcutoff=4.0, flagbackup=False)
2020-07-24 11:18:11 | INFO | Completed running TFCrop.
2020-07-24 11:18:11 | INFO | Removing flag version: initial.
2020-07-24 11:18:11 | INFO | Executing command: flagmanager(vis='13A-387_4.ms', mode='delete', versionname='initial')
2020-07-24 11:18:11 | INFO | Completed removing flag version.
2020-07-24 11:18:11 | INFO | Saving flag version as: initial.
2020-07-24 11:18:11 | INFO | Executing command: flagmanager(vis='13A-387_4.ms', mode='save', versionname='initial')
2020-07-24 11:18:12 | INFO | Completed saving flag version.
2020-07-24 11:18:12 | INFO | Starting writing flag summary to: ./summary/13A-387_4.ms.initialflags.summary.
2020-07-24 11:18:28 | INFO | Total flagged data: 28.07%
2020-07-24 11:18:28 | INFO | Completed writing flag summary.
2020-07-24 11:18:28 | INFO | Starting reference antenna selection.
2020-07-24 11:18:28 | INFO | Reference antenna already set as: ea10.
2020-07-24 11:18:28 | INFO | Starting set field purposes.
2020-07-24 11:18:28 | INFO | Target field(s) already set as: ['HCG61'].
2020-07-24 11:18:28 | INFO | Flux calibrator already set as: ['3C286'].
2020-07-24 11:18:28 | INFO | Flux models already set as: ['3C286_L.im'].
2020-07-24 11:18:28 | INFO | Bandpass calibrator already set as: ['3C286'].
2020-07-24 11:18:28 | INFO | Phase calibrator already set as: ['J1221+2813'].
2020-07-24 11:18:28 | INFO | No changes made to preset target and calibrator fields.
2020-07-24 11:18:28 | INFO | Completed setting field purposes.
2020-07-24 11:18:28 | INFO | Making flags plots for flag version: initial
2020-07-24 11:18:28 | INFO | Making flags plots for HCG61.
2020-07-24 11:18:28 | INFO | Plotting amplitude vs frequency to ./plots/flag_plot_initial_HCG61_freq_ob0_spw0.png
2020-07-24 11:19:59 | INFO | Plotting amplitude vs time to ./plots/flag_plot_initial_HCG61_time_ob0_spw0.png
2020-07-24 11:25:29 | INFO | Making flags plots for J1221+2813.
2020-07-24 11:25:29 | INFO | Plotting amplitude vs frequency to ./plots/flag_plot_initial_J1221+2813_freq_ob0_spw0.png
2020-07-24 11:28:04 | INFO | Plotting amplitude vs time to ./plots/flag_plot_initial_J1221+2813_time_ob0_spw0.png
2020-07-24 11:29:16 | INFO | Making flags plots for 3C286.
2020-07-24 11:29:16 | INFO | Plotting amplitude vs frequency to ./plots/flag_plot_initial_3C286_freq_ob0_spw0.png
2020-07-24 11:30:03 | INFO | Plotting amplitude vs time to ./plots/flag_plot_initial_3C286_time_ob0_spw0.png
2020-07-24 11:30:48 | INFO | Completed flags plots 
2020-07-24 11:30:48 | INFO | Starting calibration.
2020-07-24 11:30:48 | INFO | Create directory: ./cal_tabs/
2020-07-24 11:30:48 | INFO | Looking up antenna position offsets (./cal_tabs/antpos.cal).
2020-07-24 11:30:48 | INFO | Executing command: gencal(vis='13A-387_4.ms', caltable='./cal_tabs/antpos.cal', caltype='antpos', antenna='')
2020-07-24 11:30:54 | INFO | Calibrating gain vs elevation (./cal_tabs/gaincurve.cal).
2020-07-24 11:30:54 | INFO | Executing command: gencal(vis='13A-387_4.ms', caltable='./cal_tabs/gaincurve.cal', caltype='gceff')
2020-07-24 11:30:54 | INFO | Load model for flux calibrator 3C286 (3C286_L.im).
2020-07-24 11:30:54 | INFO | Executing command: setjy(vis='13A-387_4.ms', field='3C286', scalebychan=True, model='3C286_L.im')
2020-07-24 11:30:57 | INFO | Plotting bandpass phase vs. time for reference antenna to: ./plots/bpphaseint.png
2020-07-24 11:31:08 | INFO | Calibrating delays for bandpass calibrators ['3C286'] (./cal_tabs/delays.cal).
2020-07-24 11:31:08 | INFO | Executing command: gaincal(vis='13A-387_4.ms', field='3C286', caltable='./cal_tabs/delays.cal', refant='ea10', gaintype='K', gaintable=['./cal_tabs/antpos.cal','./cal_tabs/gaincurve.cal'], spw='0')
2020-07-24 11:31:34 | INFO | Make bandpass calibrator phase solutions for ['3C286'] (./cal_tabs/bpphase.gcal).
2020-07-24 11:31:34 | INFO | Executing command: gaincal(vis='13A-387_4.ms', field='3C286',  caltable='./cal_tabs/bpphase.gcal', refant='ea10', calmode='p', solint='int', combine='', minsnr=2.0, gaintable=['./cal_tabs/antpos.cal','./cal_tabs/gaincurve.cal','./cal_tabs/delays.cal'], spw='0')
2020-07-24 11:32:05 | INFO | Plotting bandpass phase solutions to: ./plots/bpphasesol_ob0.png
2020-07-24 11:32:06 | INFO | Determining bandpass solution(s) (./cal_tabs/bandpass.bcal).
2020-07-24 11:32:06 | INFO | Executing command: bandpass(vis='13A-387_4.ms', caltable='./cal_tabs/bandpass.bcal', field='3C286', refant='ea10', solint='inf', solnorm=True, gaintable=['./cal_tabs/antpos.cal', './cal_tabs/gaincurve.cal', './cal_tabs/delays.cal', './cal_tabs/bpphase.gcal'], spw='0')
2020-07-24 11:32:38 | INFO | Plotting bandpass amplitude solutions to: ./plots/bandpasssol_.png
2020-07-24 11:32:40 | INFO | Determining integration phase solutions (./cal_tabs/intphase.gcal).
2020-07-24 11:32:40 | INFO | Executing command: gaincal(vis='13A-387_4.ms', field='J1221+2813,3C286', caltable='./cal_tabs/intphase.gcal', refant='ea10', calmode='p', solint='int', minsnr=2.0, gaintable=['./cal_tabs/antpos.cal', './cal_tabs/gaincurve.cal', './cal_tabs/delays.cal', './cal_tabs/bandpass.bcal'],spw='0')
2020-07-24 11:33:35 | INFO | Determining scan phase solutions (./cal_tabs/scanphase.gcal).
2020-07-24 11:33:35 | INFO | Executing command: gaincal(vis='13A-387_4.ms', field='J1221+2813,3C286', caltable='./cal_tabs/scanphase.gcal', refant='ea10', calmode='p', solint='inf', minsnr=2.0, gaintable=['./cal_tabs/antpos.cal', './cal_tabs/gaincurve.cal', './cal_tabs/delays.cal', './cal_tabs/bandpass.bcal'],spw='0')
2020-07-24 11:34:28 | INFO | Determining amplitude solutions (./cal_tabs/amp.gcal).
2020-07-24 11:34:28 | INFO | Executing command: gaincal(vis='13A-387_4.ms', field='J1221+2813,3C286', caltable='./cal_tabs/amp.gcal', refant='ea10', calmode='ap', solint='inf', minsnr=2.0, gaintable=['./cal_tabs/antpos.cal', './cal_tabs/gaincurve.cal', './cal_tabs/delays.cal', './cal_tabs/bandpass.bcal', './cal_tabs/intphase.gcal'],spw='0')
2020-07-24 11:35:25 | INFO | Plotting phase solutions to: ./plots/phasesol_ob0.png
2020-07-24 11:35:26 | INFO | Plotting amplitude solutions to: ./plots/ampsol_ob0.png
2020-07-24 11:35:28 | INFO | Applying flux scale to calibrators (./cal_tabs/fluxsol.cal).
2020-07-24 11:35:28 | INFO | Executing command: flux_info = fluxscale(vis='13A-387_4.ms', caltable='./cal_tabs/amp.gcal', fluxtable='./cal_tabs/fluxsol.cal', reference='3C286', incremental=True)
2020-07-24 11:35:29 | INFO | Writing calibrator fluxes summary to: ./summary/13A-387_4.ms.flux.summary.
2020-07-24 11:35:29 | INFO | Apply all calibrations to bandpass and flux calibrators.
2020-07-24 11:35:29 | INFO | Applying calibration to: 3C286
2020-07-24 11:35:29 | INFO | Executing command: applycal(vis='13A-387_4.ms', field='3C286', gaintable=['./cal_tabs/antpos.cal', './cal_tabs/gaincurve.cal', './cal_tabs/delays.cal', './cal_tabs/bandpass.bcal', './cal_tabs/intphase.gcal', './cal_tabs/amp.gcal'], gainfield=['', '', '3C286', '3C286', '3C286', '3C286'], calwt=False)
2020-07-24 11:36:07 | INFO | Plotting corrected phases for ['3C286'] to: ./plots/corr_phase.png
2020-07-24 11:36:10 | INFO | Plotting corrected amplitudes for ['3C286'] to: ./plots/corr_amp.png
2020-07-24 11:36:14 | INFO | Apply all calibrations to phase calibrators and targets.
2020-07-24 11:36:14 | INFO | Applying calibration to: J1221+2813
2020-07-24 11:36:14 | INFO | Executing command: applycal(vis='13A-387_4.ms', field='J1221+2813', gaintable=['./cal_tabs/antpos.cal', './cal_tabs/gaincurve.cal', './cal_tabs/delays.cal', './cal_tabs/bandpass.bcal', './cal_tabs/intphase.gcal', './cal_tabs/amp.gcal', './cal_tabs/fluxsol.cal'], gainfield=['', '', '3C286', '3C286', 'J1221+2813', 'J1221+2813', 'J1221+2813'], calwt=False)
2020-07-24 11:36:36 | INFO | Applying calibration to: HCG61
2020-07-24 11:36:36 | INFO | Executing command: applycal(vis='13A-387_4.ms', field='HCG61', gaintable=['./cal_tabs/antpos.cal', './cal_tabs/gaincurve.cal', './cal_tabs/delays.cal', './cal_tabs/bandpass.bcal', './cal_tabs/intphase.gcal', './cal_tabs/amp.gcal', './cal_tabs/fluxsol.cal'], gainfield=['', '', '3C286', '3C286', 'J1221+2813', 'J1221+2813', 'J1221+2813'], calwt=False)
2020-07-24 11:38:56 | INFO | Completed calibration.
2020-07-24 11:38:56 | INFO | Removing flag version: final.
2020-07-24 11:38:56 | INFO | Executing command: flagmanager(vis='13A-387_4.ms', mode='delete', versionname='final')
2020-07-24 11:38:56 | INFO | Completed removing flag version.
2020-07-24 11:38:56 | INFO | Saving flag version as: final.
2020-07-24 11:38:56 | INFO | Executing command: flagmanager(vis='13A-387_4.ms', mode='save', versionname='final')
2020-07-24 11:38:58 | INFO | Completed saving flag version.
2020-07-24 11:38:58 | INFO | Starting writing flag summary to: ./summary/13A-387_4.ms.finalflags.summary.
2020-07-24 11:39:13 | INFO | Total flagged data: 34.16%
2020-07-24 11:39:13 | INFO | Completed writing flag summary.
2020-07-24 11:39:13 | INFO | Making flags plots for flag version: final
2020-07-24 11:39:13 | INFO | Making flags plots for HCG61.
2020-07-24 11:39:13 | INFO | Plotting amplitude vs frequency to ./plots/flag_plot_final_HCG61_freq_ob0_spw0.png
2020-07-24 11:41:56 | INFO | Plotting amplitude vs time to ./plots/flag_plot_final_HCG61_time_ob0_spw0.png
2020-07-24 11:48:32 | INFO | Making flags plots for J1221+2813.
2020-07-24 11:48:32 | INFO | Plotting amplitude vs frequency to ./plots/flag_plot_final_J1221+2813_freq_ob0_spw0.png
2020-07-24 11:51:36 | INFO | Plotting amplitude vs time to ./plots/flag_plot_final_J1221+2813_time_ob0_spw0.png
2020-07-24 11:52:50 | INFO | Making flags plots for 3C286.
2020-07-24 11:52:50 | INFO | Plotting amplitude vs frequency to ./plots/flag_plot_final_3C286_freq_ob0_spw0.png
2020-07-24 11:53:38 | INFO | Plotting amplitude vs time to ./plots/flag_plot_final_3C286_time_ob0_spw0.png
2020-07-24 11:54:22 | INFO | Completed flags plots 
2020-07-24 11:54:22 | INFO | Starting split fields.
2020-07-24 11:54:22 | INFO | Create directory: ./sources/
2020-07-24 11:54:22 | INFO | Splitting HCG61 into separate file: HCG61.split.
2020-07-24 11:54:22 | INFO | Executing command: split(vis='13A-387_4.ms', outputvis='sources/HCG61.split', field='HCG61')
2020-07-24 11:54:45 | INFO | Writing listobs summary for split data set to: ./summary/HCG61.listobs.summary
2020-07-24 11:54:45 | INFO | Completed split fields.
2020-07-24 11:54:45 | INFO | Backing up 13A-387_4_params.cfg to backup.13A-387_4_params.cfg.
2020-07-24 11:54:49 | INFO | CASA version: 5.4.2
2020-07-24 11:54:49 | INFO | Starting making dirty continuum image.
2020-07-24 11:54:49 | INFO | Removing any existing dirty continuum images.
2020-07-24 11:54:49 | INFO | Checking clean parameters for dirty image (inc. continuum).
2020-07-24 11:54:49 | INFO | Pixel sizes set as: ['3arcsec'].
2020-07-24 11:54:49 | INFO | For the targets: ['HCG61'].
2020-07-24 11:54:49 | INFO | Image sizes set as: ['512'] pixels.
2020-07-24 11:54:49 | INFO | For the targets: ['HCG61'].
2020-07-24 11:54:49 | INFO | Making dirty image of HCG61 (inc. continuum).
2020-07-24 11:54:49 | INFO | Executing command: tclean(vis='sources/HCG61.split', field='HCG61', imagename='images/HCG61.cont.dirty', cell='3arcsec', imsize=[512,512], specmode='cube', outframe='bary', veltype='radio', restfreq='1420405751.786Hz', gridder='wproject', wprojplanes=-1, pblimit=0.1, normtype='flatnoise', deconvolver='hogbom', weighting='briggs', robust=2, niter=0, phasecenter='', interactive=False)
2020-07-24 12:03:31 | INFO | Completed making dirty continuum image.
2020-07-24 12:03:31 | INFO | Backing up 13A-387_4_params.cfg to backup.13A-387_4_params.cfg.
2020-07-24 12:03:35 | INFO | CASA version: 5.4.2
2020-07-24 12:03:35 | INFO | Starting plotting amplitude spectrum.
2020-07-24 12:03:35 | INFO | Plotting amplitude vs channel to ./plots/HCG61_amp_chn.png
2020-07-24 12:07:47 | INFO | Plotting amplitude vs velocity to ./plots/HCG61_amp_vel.png
2020-07-24 12:17:51 | INFO | Completed plotting amplitude spectrum.
2020-07-24 12:17:51 | INFO | Starting continuum subtraction.
2020-07-24 12:17:51 | INFO | Checking for line free channel ranges in parameters.
2020-07-24 12:17:51 | INFO | Line free channels set as: ['0:85~170;512~598'].
2020-07-24 12:17:51 | INFO | Fit order(s) set as: 1.
2020-07-24 12:17:51 | INFO | For the targets: ['HCG61'].
2020-07-24 12:17:51 | INFO | Subtracting the continuum from field: HCG61
2020-07-24 12:17:51 | INFO | Executing command: uvcontsub(vis='sources/HCG61'+'.split', field='HCG61', fitspw='0:85~170;512~598', spw='0', excludechans=False, combine='spw', solint='int', fitorder=1, want_cont=False)
2020-07-24 12:23:26 | INFO | Completed continuum subtraction.
2020-07-24 12:23:26 | INFO | Starting plotting amplitude spectrum.
2020-07-24 12:23:26 | INFO | Plotting amplitude vs channel to ./plots/HCG61_contsub_amp_chn.png
2020-07-24 12:30:38 | INFO | Completed plotting amplitude spectrum.
2020-07-24 12:30:38 | INFO | Starting making dirty image.
2020-07-24 12:30:38 | INFO | Removing any existing dirty images.
2020-07-24 12:30:38 | INFO | Checking clean parameters for dirty image.
2020-07-24 12:30:38 | INFO | Pixel sizes set as: ['3arcsec'].
2020-07-24 12:30:38 | INFO | For the targets: ['HCG61'].
2020-07-24 12:30:38 | INFO | Image sizes set as: ['512'] pixels.
2020-07-24 12:30:38 | INFO | For the targets: ['HCG61'].
2020-07-24 12:30:38 | INFO | Line emission channels set as: ['0:170~512'].
2020-07-24 12:30:38 | INFO | For the targets: ['HCG61'].
2020-07-24 12:30:38 | INFO | Making dirty image of HCG61 (line only).
2020-07-24 12:30:38 | INFO | Executing command: tclean(vis='sources/HCG61'+'.split.contsub', field='HCG61', imagename='images/HCG61'+'.dirty', cell='3arcsec', imsize=[512,512], specmode='cube', outframe='bary', veltype='radio', restfreq='1420405751.786Hz', gridder='wproject', wprojplanes=-1, pblimit=0.1, normtype='flatnoise', deconvolver='hogbom', weighting='briggs', robust=2, restoringbeam='common', niter=0, phasecenter='', interactive=False)
2020-07-24 12:39:24 | INFO | Completed making dirty image.
2020-07-24 12:39:24 | INFO | Backing up 13A-387_4_params.cfg to backup.13A-387_4_params.cfg.
2020-07-24 12:39:30 | INFO | CASA version: 5.4.2
2020-07-24 12:39:30 | INFO | Deleting any existing clean image(s).
2020-07-24 12:39:30 | INFO | Starting making noise estimation.
2020-07-24 12:39:38 | INFO | Effective integration time for HCG61: 5447 s
2020-07-24 12:39:38 | INFO | Expected rms noise for HCG61: 0.00110226030151 Jy/beam
2020-07-24 12:39:38 | INFO | Completed making noise estimation.
2020-07-24 12:39:38 | INFO | Starting generation of clean image(s).
2020-07-24 12:39:38 | INFO | Line emission channels set as: ['0:170~512'].
2020-07-24 12:39:38 | INFO | For the targets: ['HCG61'].
2020-07-24 12:39:38 | INFO | Setting CLEAN algorithm to MS-CLEAN.
2020-07-24 12:39:38 | INFO | Starting HCG61 image.
2020-07-24 12:39:38 | INFO | Automasking parameters set as:
2020-07-24 12:39:38 | INFO | sidelobethreshold = 2.0
2020-07-24 12:39:38 | INFO | noisethreshold = 3.0
2020-07-24 12:39:38 | INFO | lownoisethreshold = 1.5
2020-07-24 12:39:38 | INFO | minbeamfraction = 0.3
2020-07-24 12:39:38 | INFO | negativethreshold = 15.0
2020-07-24 12:39:38 | INFO | The maximum recoverable scale for HCG61 is 825 arcsec.
2020-07-24 12:39:38 | INFO | CLEANing with scales of [0, 6, 19, 59] pixels.
2020-07-24 12:39:38 | INFO | CLEANing HCG61 to a threshold of 0.00275565075377 Jy.
2020-07-24 12:39:38 | INFO | Executing command: tclean(vis='sources/HCG61'+'.split.contsub', field='HCG61', spw='0:170~512', imagename='images/HCG61', cell='3arcsec', imsize=[512,512], specmode='cube', outframe='bary', veltype='radio', restfreq='1420405751.786Hz', gridder='wproject', wprojplanes=-1, pblimit=0.1, normtype='flatnoise', deconvolver='multiscale', scales=[0, 6, 19, 59], restoringbeam='common', pbcor=True, weighting='briggs', robust=2, niter=100000, gain=0.1, threshold='0.00275565075377Jy', usemask='auto-multithresh', phasecenter='', sidelobethreshold=2.0, noisethreshold=3.0, lownoisethreshold=1.5, minbeamfrac=0.3, negativethreshold=15.0, cyclefactor=2.0,interactive=False)
2020-07-24 13:31:34 | INFO | CLEANing finished. Image cube saved as HCG61.image.
2020-07-24 13:31:34 | INFO | Saving image cube as HCG61_HI.fits
2020-07-24 13:31:34 | INFO | Executing command: exportfits(imagename='images/HCG61.image', fitsimage='images/HCG61_HI.fits', velocity=True,optical=False,overwrite=True,dropstokes=True,stokeslast=True,history=True,dropdeg=True)
2020-07-24 13:31:36 | INFO | Saving primary beam corrected image cube as HCG61_HI.pbcor.fits
2020-07-24 13:31:36 | INFO | Executing command: exportfits(imagename='images/HCG61.image.pbcor', fitsimage='images/HCG61_HI.pbcor.fits', velocity=True,optical=False,overwrite=True,dropstokes=True,stokeslast=True,history=True,dropdeg=True)
2020-07-24 13:31:38 | INFO | Completed generation of clean image(s).
2020-07-24 13:31:38 | INFO | Backing up 13A-387_4_params.cfg to backup.13A-387_4_params.cfg.
2020-07-24 13:31:41 | INFO | CASA version: 5.4.2
2020-07-24 13:31:41 | INFO | Deleting any existing moment(s).
2020-07-24 13:31:41 | INFO | Starting making noise estimation.
2020-07-24 13:31:49 | INFO | Effective integration time for HCG61: 5447 s
2020-07-24 13:31:49 | INFO | Expected rms noise for HCG61: 0.00110226030151 Jy/beam
2020-07-24 13:31:49 | INFO | Completed making noise estimation.
2020-07-24 13:31:49 | INFO | Create directory: ./moments/
2020-07-24 13:31:49 | INFO | Starting generation of moment map(s).
2020-07-24 13:31:49 | INFO | Executing command: immoments(imagename='images/HCG61.image',includepix=[0.00330678090452,3306.78090452],chans='',outfile='moments/HCG61.mom0')
2020-07-24 13:31:52 | INFO | Executing command: exportfits(imagename='moments/HCG61.mom0', fitsimage='moments/HCG61.mom0.fits',overwrite=True,dropstokes=True,stokeslast=True,history=True,dropdeg=True)
2020-07-24 13:31:52 | INFO | Completed generation of moment map(s).
