2020-08-18 14:25:16 | INFO | Starting joint (dirty) imaging of HCG 68 from the projects: ['AB651', 'AG645', 'AK580']
2020-08-18 14:25:16 | INFO | MS file(s) added to combine list: ['../AB651/sources/HCG68.split.contsub']
2020-08-18 14:25:16 | INFO | MS file(s) added to combine list: ['../AG645/sources/HCG68.split.contsub']
2020-08-18 14:25:16 | INFO | MS file(s) added to combine list: ['../AK580/sources/HCG68.split.contsub']
2020-08-18 14:25:16 | INFO | Setting relative weights of each MS.
2020-08-18 14:25:16 | INFO | Executing command: initweights(vis='../AB651/sources/HCG68.split.contsub', wtmode='nyq')
2020-08-18 14:25:17 | INFO | Executing command: initweights(vis='../AG645/sources/HCG68.split.contsub', wtmode='nyq')
2020-08-18 14:25:18 | INFO | Executing command: initweights(vis='../AK580/sources/HCG68.split.contsub', wtmode='nyq')
2020-08-18 14:25:19 | INFO | Starting to make combined dirty image.
2020-08-18 14:25:19 | INFO | Executing command: tclean(vis=['../AB651/sources/HCG68.split.contsub', '../AG645/sources/HCG68.split.contsub', '../AK580/sources/HCG68.split.contsub'], imagename='HCG68/HCG68.dirty', cell='8arcsec', imsize=512, spw='0:10~55', specmode='cube', outframe='bary', veltype='radio', restfreq='1420405751.786Hz', gridder='mosaic', wprojplanes=128, pblimit=0.1, normtype='flatnoise', deconvolver='multiscale', scales=[0, 8, 24, 72], weighting='briggs', robust=2, pbcor=True, niter=0, gain=0.1, cyclefactor=2.0, interactive=False, threshold='1.625mJy', usemask='auto-multithresh', phasecenter='J2000 208.42041deg 40.31850deg')
2020-08-18 14:26:20 | INFO | Completed joint (dirty) imaging of HCG 68.
2020-08-18 14:26:20 | INFO | Moving CASA log to source directory.
2020-08-18 14:26:23 | INFO | Starting joint (clean) imaging of HCG 68 from the projects: ['AB651', 'AG645', 'AK580']
2020-08-18 14:26:23 | INFO | MS file(s) added to combine list: ['../AB651/sources/HCG68.split.contsub']
2020-08-18 14:26:23 | INFO | MS file(s) added to combine list: ['../AG645/sources/HCG68.split.contsub']
2020-08-18 14:26:23 | INFO | MS file(s) added to combine list: ['../AK580/sources/HCG68.split.contsub']
2020-08-18 14:26:23 | INFO | Setting relative weights of each MS.
2020-08-18 14:26:23 | INFO | Executing command: initweights(vis='../AB651/sources/HCG68.split.contsub', wtmode='nyq')
2020-08-18 14:26:24 | INFO | Executing command: initweights(vis='../AG645/sources/HCG68.split.contsub', wtmode='nyq')
2020-08-18 14:26:24 | INFO | Executing command: initweights(vis='../AK580/sources/HCG68.split.contsub', wtmode='nyq')
2020-08-18 14:26:24 | INFO | Starting to make combined clean image.
2020-08-18 14:26:24 | INFO | Executing command: tclean(vis=['../AB651/sources/HCG68.split.contsub', '../AG645/sources/HCG68.split.contsub', '../AK580/sources/HCG68.split.contsub'], imagename='HCG68/HCG68', cell='8arcsec', imsize=512, spw='0:10~55', specmode='cube', outframe='bary', veltype='radio', restfreq='1420405751.786Hz', gridder='mosaic', wprojplanes=128, pblimit=0.1, normtype='flatnoise', deconvolver='multiscale', scales=[0, 8, 24, 72], weighting='briggs', robust=2, restoringbeam='common', pbcor=True, niter=100000, gain=0.1, cyclefactor=2.0, interactive=False, threshold='1.625mJy', usemask='auto-multithresh', phasecenter='J2000 208.42041deg 40.31850deg', sidelobethreshold=2.0, noisethreshold=3.0, lownoisethreshold=1.5, minbeamfrac=0.3, negativethreshold=15.0)
2020-08-18 14:46:13 | INFO | Completed joint (clean) imaging of HCG 68.
2020-08-18 14:46:13 | INFO | Starting generation of fits files.
2020-08-18 14:46:13 | INFO | Saving image cube as HCG68_HI.fits
2020-08-18 14:46:13 | INFO | Executing command: exportfits(imagename='HCG68/HCG68.image', fitsimage='HCG68/HCG68_HI.fits', velocity=True,optical=False,overwrite=True,dropstokes=True,stokeslast=True,history=True,dropdeg=True)
2020-08-18 14:46:14 | INFO | Saving primary beam corrected image cube as HCG68_HI.pbcor.fits
2020-08-18 14:46:14 | INFO | Executing command: exportfits(imagename='HCG68/HCG68.image.pbcor', fitsimage='HCG68/HCG68_HI.pbcor.fits', velocity=True,optical=False,overwrite=True,dropstokes=True,stokeslast=True,history=True,dropdeg=True)
2020-08-18 14:46:14 | INFO | Completed generating fits files.
2020-08-18 14:46:14 | INFO | Moving logs to source directory.
