2020-08-05 10:40:15 | INFO | CASA version: 5.4.2
2020-08-05 10:40:15 | INFO | Starting listobs summary.
2020-08-05 10:40:15 | INFO | Create directory: ./summary/
2020-08-05 10:40:15 | INFO | Writing listobs summary of data set to: ./summary/13A-387_14.ms.listobs.summary
2020-08-05 10:40:18 | INFO | Completed listobs summary.
2020-08-05 10:40:18 | INFO | Starting data transform.
2020-08-05 10:40:18 | INFO | Executing command: mstransform(vis='13A-387_14.ms', outputvis='13A-387_14.ms_1', field='1,2,3', spw='0', observation='', datacolumn='data', hanning=True, chanaverage=True, chanbin=3)
2020-08-05 10:42:30 | INFO | Updating config file (13A-387_14_params.cfg) to set mstransform values.
2020-08-05 10:42:30 | INFO | 13A-387_14.ms.flagversions is a symbolic link. It will now be unlinked.
2020-08-05 10:42:30 | INFO | Create directory: 13A-387_14.ms.flagversions
2020-08-05 10:42:30 | INFO | 13A-387_14.ms is a symbolic link. It will now be unlinked.
2020-08-05 10:42:30 | INFO | Moved 13A-387_14.ms_1 to 13A-387_14.ms
2020-08-05 10:42:30 | INFO | Completed data transformation.
2020-08-05 10:42:30 | INFO | Starting listobs summary.
2020-08-05 10:42:30 | INFO | Deleted: ./summary/13A-387_14.ms.listobs.summary
2020-08-05 10:42:30 | INFO | Writing listobs summary of data set to: ./summary/13A-387_14.ms.listobs.summary
2020-08-05 10:42:30 | INFO | Completed listobs summary.
2020-08-05 10:42:30 | INFO | Reading ms file information for MS: 13A-387_14.ms
2020-08-05 10:42:30 | INFO | Sources in MS 13A-387_14.ms: 3C286,HCG71,J1407+2827
2020-08-05 10:42:31 | INFO | > Sources (3): 3C286,HCG71,J1407+2827
2020-08-05 10:42:31 | INFO | > Number of spw: 1
2020-08-05 10:42:31 | INFO | > Channels per spw: 682
2020-08-05 10:42:31 | INFO | Starting plotting elevation.
2020-08-05 10:42:31 | INFO | Create directory: ./plots/
2020-08-05 10:42:31 | INFO | Plotting elevation to: ./plots/13A-387_14.ms_elevation.png
2020-08-05 10:42:49 | INFO | Completed plotting elevation.
2020-08-05 10:42:49 | INFO | Starting plotting antenna positions.
2020-08-05 10:42:49 | INFO | Plotting antenna positions to: ./plots/13A-387_14.ms_antpos.png
2020-08-05 10:42:50 | INFO | Completed plotting antenna positions.
2020-08-05 10:42:50 | INFO | Backing up 13A-387_14_params.cfg to backup.13A-387_14_params.cfg.
2020-08-05 10:42:54 | INFO | CASA version: 5.4.2
2020-08-05 10:42:54 | INFO | Saving flag version as: Original.
2020-08-05 10:42:54 | INFO | Executing command: flagmanager(vis='13A-387_14.ms', mode='save', versionname='Original')
2020-08-05 10:42:55 | INFO | Completed saving flag version.
2020-08-05 10:42:55 | INFO | Starting manual flagging.
2020-08-05 10:42:55 | INFO | Applying flags from manual_flags.list
2020-08-05 10:42:55 | INFO | Executing command: flagdata(vis='13A-387_14.ms', mode='list', action='apply', inpfile=["mode='manual' antenna='ea02'\n", "mode='manual' antenna='ea28'\n", "mode='manual' antenna='ea25'\n", "mode='manual' timerange='2013/03/18/07:08:20~07:09:00'\n", "mode='manual' field='0' spw='0:170~172'\n", "mode='manual' field='1,2' spw='0:169~173'"])
2020-08-05 10:43:02 | INFO | Completed manual flagging.
2020-08-05 10:43:02 | INFO | Starting basic flagging.
2020-08-05 10:43:02 | INFO | Flagging antennae with more than 5.0 m of shadowing.
2020-08-05 10:43:02 | INFO | Executing command: flagdata(vis='13A-387_14.ms', mode='shadow', tolerance=5.0, flagbackup=False)
2020-08-05 10:43:07 | INFO | Flagging zero amplitude data.
2020-08-05 10:43:07 | INFO | Executing command: flagdata(vis='13A-387_14.ms', mode='clip', clipzeros=True, flagbackup=False)
2020-08-05 10:43:49 | INFO | Flagging first 5.0 s of every scan.
2020-08-05 10:43:49 | INFO | Executing command: flagdata(vis='13A-387_14.ms', mode='quack', quackinterval=5.0, quackmode='beg', flagbackup=False)
2020-08-05 10:43:53 | INFO | Completed basic flagging.
2020-08-05 10:43:53 | INFO | Starting running TFCrop.
2020-08-05 10:43:53 | INFO | Executing command: flagdata(vis='13A-387_14.ms', mode='tfcrop', action='apply', display='', timecutoff=4.0, freqcutoff=4.0, flagbackup=False)
2020-08-05 10:46:47 | INFO | Completed running TFCrop.
2020-08-05 10:46:47 | INFO | Removing flag version: initial.
2020-08-05 10:46:47 | INFO | Executing command: flagmanager(vis='13A-387_14.ms', mode='delete', versionname='initial')
2020-08-05 10:46:47 | INFO | Completed removing flag version.
2020-08-05 10:46:47 | INFO | Saving flag version as: initial.
2020-08-05 10:46:47 | INFO | Executing command: flagmanager(vis='13A-387_14.ms', mode='save', versionname='initial')
2020-08-05 10:46:48 | INFO | Completed saving flag version.
2020-08-05 10:46:48 | INFO | Starting writing flag summary to: ./summary/13A-387_14.ms.initialflags.summary.
2020-08-05 10:46:56 | INFO | Total flagged data: 26.50%
2020-08-05 10:46:56 | INFO | Completed writing flag summary.
2020-08-05 10:46:56 | INFO | Starting reference antenna selection.
2020-08-05 10:46:56 | INFO | Reference antenna already set as: ea15.
2020-08-05 10:46:56 | INFO | Starting set field purposes.
2020-08-05 10:46:56 | INFO | Target field(s) already set as: ['HCG71'].
2020-08-05 10:46:56 | INFO | Flux calibrator already set as: ['3C286'].
2020-08-05 10:46:56 | INFO | Flux models already set as: ['3C286_L.im'].
2020-08-05 10:46:56 | INFO | Bandpass calibrator already set as: ['3C286'].
2020-08-05 10:46:56 | INFO | Phase calibrator already set as: ['J1407+2827'].
2020-08-05 10:46:56 | INFO | No changes made to preset target and calibrator fields.
2020-08-05 10:46:56 | INFO | Completed setting field purposes.
2020-08-05 10:46:56 | INFO | Making flags plots for flag version: initial
2020-08-05 10:46:56 | INFO | Making flags plots for HCG71.
2020-08-05 10:46:56 | INFO | Plotting amplitude vs frequency to ./plots/flag_plot_initial_HCG71_freq_ob0_spw0.png
2020-08-05 10:47:38 | INFO | Plotting amplitude vs time to ./plots/flag_plot_initial_HCG71_time_ob0_spw0.png
2020-08-05 10:49:59 | INFO | Making flags plots for J1407+2827.
2020-08-05 10:49:59 | INFO | Plotting amplitude vs frequency to ./plots/flag_plot_initial_J1407+2827_freq_ob0_spw0.png
2020-08-05 10:51:03 | INFO | Plotting amplitude vs time to ./plots/flag_plot_initial_J1407+2827_time_ob0_spw0.png
2020-08-05 10:51:29 | INFO | Making flags plots for 3C286.
2020-08-05 10:51:29 | INFO | Plotting amplitude vs frequency to ./plots/flag_plot_initial_3C286_freq_ob0_spw0.png
2020-08-05 10:52:00 | INFO | Plotting amplitude vs time to ./plots/flag_plot_initial_3C286_time_ob0_spw0.png
2020-08-05 10:52:51 | INFO | Completed flags plots 
2020-08-05 10:52:51 | INFO | Starting calibration.
2020-08-05 10:52:51 | INFO | Create directory: ./cal_tabs/
2020-08-05 10:52:51 | INFO | Looking up antenna position offsets (./cal_tabs/antpos.cal).
2020-08-05 10:52:51 | INFO | Executing command: gencal(vis='13A-387_14.ms', caltable='./cal_tabs/antpos.cal', caltype='antpos', antenna='')
2020-08-05 10:52:57 | INFO | Calibrating gain vs elevation (./cal_tabs/gaincurve.cal).
2020-08-05 10:52:57 | INFO | Executing command: gencal(vis='13A-387_14.ms', caltable='./cal_tabs/gaincurve.cal', caltype='gceff')
2020-08-05 10:52:58 | INFO | Load model for flux calibrator 3C286 (3C286_L.im).
2020-08-05 10:52:58 | INFO | Executing command: setjy(vis='13A-387_14.ms', field='3C286', scalebychan=True, model='3C286_L.im')
2020-08-05 10:53:01 | INFO | Plotting bandpass phase vs. time for reference antenna to: ./plots/bpphaseint.png
2020-08-05 10:53:14 | INFO | Calibrating delays for bandpass calibrators ['3C286'] (./cal_tabs/delays.cal).
2020-08-05 10:53:14 | INFO | Executing command: gaincal(vis='13A-387_14.ms', field='3C286', caltable='./cal_tabs/delays.cal', refant='ea15', gaintype='K', gaintable=['./cal_tabs/antpos.cal','./cal_tabs/gaincurve.cal'], spw='0')
2020-08-05 10:53:40 | INFO | Make bandpass calibrator phase solutions for ['3C286'] (./cal_tabs/bpphase.gcal).
2020-08-05 10:53:40 | INFO | Executing command: gaincal(vis='13A-387_14.ms', field='3C286',  caltable='./cal_tabs/bpphase.gcal', refant='ea15', calmode='p', solint='int', combine='', minsnr=2.0, gaintable=['./cal_tabs/antpos.cal','./cal_tabs/gaincurve.cal','./cal_tabs/delays.cal'], spw='0')
2020-08-05 10:54:10 | INFO | Plotting bandpass phase solutions to: ./plots/bpphasesol_ob0.png
2020-08-05 10:54:12 | INFO | Determining bandpass solution(s) (./cal_tabs/bandpass.bcal).
2020-08-05 10:54:12 | INFO | Executing command: bandpass(vis='13A-387_14.ms', caltable='./cal_tabs/bandpass.bcal', field='3C286', refant='ea15', solint='inf', solnorm=True, gaintable=['./cal_tabs/antpos.cal', './cal_tabs/gaincurve.cal', './cal_tabs/delays.cal', './cal_tabs/bpphase.gcal'], spw='0')
2020-08-05 10:54:44 | INFO | Plotting bandpass amplitude solutions to: ./plots/bandpasssol_.png
2020-08-05 10:54:46 | INFO | Determining integration phase solutions (./cal_tabs/intphase.gcal).
2020-08-05 10:54:46 | INFO | Executing command: gaincal(vis='13A-387_14.ms', field='J1407+2827,3C286', caltable='./cal_tabs/intphase.gcal', refant='ea15', calmode='p', solint='int', minsnr=2.0, gaintable=['./cal_tabs/antpos.cal', './cal_tabs/gaincurve.cal', './cal_tabs/delays.cal', './cal_tabs/bandpass.bcal'],spw='0')
2020-08-05 10:55:30 | INFO | Determining scan phase solutions (./cal_tabs/scanphase.gcal).
2020-08-05 10:55:30 | INFO | Executing command: gaincal(vis='13A-387_14.ms', field='J1407+2827,3C286', caltable='./cal_tabs/scanphase.gcal', refant='ea15', calmode='p', solint='inf', minsnr=2.0, gaintable=['./cal_tabs/antpos.cal', './cal_tabs/gaincurve.cal', './cal_tabs/delays.cal', './cal_tabs/bandpass.bcal'],spw='0')
2020-08-05 10:56:12 | INFO | Determining amplitude solutions (./cal_tabs/amp.gcal).
2020-08-05 10:56:12 | INFO | Executing command: gaincal(vis='13A-387_14.ms', field='J1407+2827,3C286', caltable='./cal_tabs/amp.gcal', refant='ea15', calmode='ap', solint='inf', minsnr=2.0, gaintable=['./cal_tabs/antpos.cal', './cal_tabs/gaincurve.cal', './cal_tabs/delays.cal', './cal_tabs/bandpass.bcal', './cal_tabs/intphase.gcal'],spw='0')
2020-08-05 10:56:58 | INFO | Plotting phase solutions to: ./plots/phasesol_ob0.png
2020-08-05 10:56:59 | INFO | Plotting amplitude solutions to: ./plots/ampsol_ob0.png
2020-08-05 10:57:01 | INFO | Applying flux scale to calibrators (./cal_tabs/fluxsol.cal).
2020-08-05 10:57:01 | INFO | Executing command: flux_info = fluxscale(vis='13A-387_14.ms', caltable='./cal_tabs/amp.gcal', fluxtable='./cal_tabs/fluxsol.cal', reference='3C286', incremental=True)
2020-08-05 10:57:02 | INFO | Writing calibrator fluxes summary to: ./summary/13A-387_14.ms.flux.summary.
2020-08-05 10:57:02 | INFO | Apply all calibrations to bandpass and flux calibrators.
2020-08-05 10:57:02 | INFO | Applying calibration to: 3C286
2020-08-05 10:57:02 | INFO | Executing command: applycal(vis='13A-387_14.ms', field='3C286', gaintable=['./cal_tabs/antpos.cal', './cal_tabs/gaincurve.cal', './cal_tabs/delays.cal', './cal_tabs/bandpass.bcal', './cal_tabs/intphase.gcal', './cal_tabs/amp.gcal'], gainfield=['', '', '3C286', '3C286', '3C286', '3C286'], calwt=False)
2020-08-05 10:57:31 | INFO | Plotting corrected phases for ['3C286'] to: ./plots/corr_phase.png
2020-08-05 10:57:35 | INFO | Plotting corrected amplitudes for ['3C286'] to: ./plots/corr_amp.png
2020-08-05 10:57:38 | INFO | Apply all calibrations to phase calibrators and targets.
2020-08-05 10:57:38 | INFO | Applying calibration to: J1407+2827
2020-08-05 10:57:38 | INFO | Executing command: applycal(vis='13A-387_14.ms', field='J1407+2827', gaintable=['./cal_tabs/antpos.cal', './cal_tabs/gaincurve.cal', './cal_tabs/delays.cal', './cal_tabs/bandpass.bcal', './cal_tabs/intphase.gcal', './cal_tabs/amp.gcal', './cal_tabs/fluxsol.cal'], gainfield=['', '', '3C286', '3C286', 'J1407+2827', 'J1407+2827', 'J1407+2827'], calwt=False)
2020-08-05 10:57:50 | INFO | Applying calibration to: HCG71
2020-08-05 10:57:50 | INFO | Executing command: applycal(vis='13A-387_14.ms', field='HCG71', gaintable=['./cal_tabs/antpos.cal', './cal_tabs/gaincurve.cal', './cal_tabs/delays.cal', './cal_tabs/bandpass.bcal', './cal_tabs/intphase.gcal', './cal_tabs/amp.gcal', './cal_tabs/fluxsol.cal'], gainfield=['', '', '3C286', '3C286', 'J1407+2827', 'J1407+2827', 'J1407+2827'], calwt=False)
2020-08-05 10:58:51 | INFO | Completed calibration.
2020-08-05 10:58:51 | INFO | Starting running rflag with a threshold of 4.0.
2020-08-05 10:58:51 | INFO | Executing command: flagdata(vis='13A-387_14.ms', mode='rflag', action='apply', datacolumn='corrected', freqdevscale=4.0, timedevscale=4.0, display='', flagbackup=False)
2020-08-05 11:04:57 | INFO | Completed running rflag.
2020-08-05 11:04:57 | INFO | Removing flag version: rflag.
2020-08-05 11:04:57 | INFO | Executing command: flagmanager(vis='13A-387_14.ms', mode='delete', versionname='rflag')
2020-08-05 11:04:57 | INFO | Completed removing flag version.
2020-08-05 11:04:57 | INFO | Saving flag version as: rflag.
2020-08-05 11:04:57 | INFO | Executing command: flagmanager(vis='13A-387_14.ms', mode='save', versionname='rflag')
2020-08-05 11:04:58 | INFO | Completed saving flag version.
2020-08-05 11:04:58 | INFO | Starting writing flag summary to: ./summary/13A-387_14.ms.rflagflags.summary.
2020-08-05 11:05:06 | INFO | Total flagged data: 36.08%
2020-08-05 11:05:06 | INFO | Completed writing flag summary.
2020-08-05 11:05:06 | INFO | Starting extending existing flags.
2020-08-05 11:05:06 | INFO | Executing command: flagdata(vis='13A-387_14.ms', mode='extend', spw='', extendpols=True, action='apply', display='', flagbackup=False)
2020-08-05 11:05:28 | INFO | Executing command: flagdata(vis='13A-387_14.ms', mode='extend', spw='', growtime=75.0, growfreq=90.0, action='apply', display='', flagbackup=False)
2020-08-05 11:05:50 | INFO | Completed extending existing flags.
2020-08-05 11:05:50 | INFO | Removing flag version: extended.
2020-08-05 11:05:50 | INFO | Executing command: flagmanager(vis='13A-387_14.ms', mode='delete', versionname='extended')
2020-08-05 11:05:50 | INFO | Completed removing flag version.
2020-08-05 11:05:50 | INFO | Saving flag version as: extended.
2020-08-05 11:05:50 | INFO | Executing command: flagmanager(vis='13A-387_14.ms', mode='save', versionname='extended')
2020-08-05 11:05:51 | INFO | Completed saving flag version.
2020-08-05 11:05:51 | INFO | Starting writing flag summary to: ./summary/13A-387_14.ms.extendedflags.summary.
2020-08-05 11:05:59 | INFO | Total flagged data: 37.17%
2020-08-05 11:05:59 | INFO | Completed writing flag summary.
2020-08-05 11:05:59 | INFO | Starting calibration.
2020-08-05 11:05:59 | INFO | Looking up antenna position offsets (./cal_tabs/antpos.cal).
2020-08-05 11:05:59 | INFO | Executing command: gencal(vis='13A-387_14.ms', caltable='./cal_tabs/antpos.cal', caltype='antpos', antenna='')
2020-08-05 11:06:04 | INFO | Calibrating gain vs elevation (./cal_tabs/gaincurve.cal).
2020-08-05 11:06:04 | INFO | Executing command: gencal(vis='13A-387_14.ms', caltable='./cal_tabs/gaincurve.cal', caltype='gceff')
2020-08-05 11:06:05 | INFO | Load model for flux calibrator 3C286 (3C286_L.im).
2020-08-05 11:06:05 | INFO | Executing command: setjy(vis='13A-387_14.ms', field='3C286', scalebychan=True, model='3C286_L.im')
2020-08-05 11:06:07 | INFO | Plotting bandpass phase vs. time for reference antenna to: ./plots/bpphaseint.png
2020-08-05 11:06:11 | INFO | Calibrating delays for bandpass calibrators ['3C286'] (./cal_tabs/delays.cal).
2020-08-05 11:06:11 | INFO | Executing command: gaincal(vis='13A-387_14.ms', field='3C286', caltable='./cal_tabs/delays.cal', refant='ea15', gaintype='K', gaintable=['./cal_tabs/antpos.cal','./cal_tabs/gaincurve.cal'], spw='0')
2020-08-05 11:06:36 | INFO | Make bandpass calibrator phase solutions for ['3C286'] (./cal_tabs/bpphase.gcal).
2020-08-05 11:06:36 | INFO | Executing command: gaincal(vis='13A-387_14.ms', field='3C286',  caltable='./cal_tabs/bpphase.gcal', refant='ea15', calmode='p', solint='int', combine='', minsnr=2.0, gaintable=['./cal_tabs/antpos.cal','./cal_tabs/gaincurve.cal','./cal_tabs/delays.cal'], spw='0')
2020-08-05 11:07:05 | INFO | Plotting bandpass phase solutions to: ./plots/bpphasesol_ob0.png
2020-08-05 11:07:07 | INFO | Determining bandpass solution(s) (./cal_tabs/bandpass.bcal).
2020-08-05 11:07:07 | INFO | Executing command: bandpass(vis='13A-387_14.ms', caltable='./cal_tabs/bandpass.bcal', field='3C286', refant='ea15', solint='inf', solnorm=True, gaintable=['./cal_tabs/antpos.cal', './cal_tabs/gaincurve.cal', './cal_tabs/delays.cal', './cal_tabs/bpphase.gcal'], spw='0')
2020-08-05 11:07:38 | INFO | Plotting bandpass amplitude solutions to: ./plots/bandpasssol_.png
2020-08-05 11:07:40 | INFO | Determining integration phase solutions (./cal_tabs/intphase.gcal).
2020-08-05 11:07:40 | INFO | Executing command: gaincal(vis='13A-387_14.ms', field='J1407+2827,3C286', caltable='./cal_tabs/intphase.gcal', refant='ea15', calmode='p', solint='int', minsnr=2.0, gaintable=['./cal_tabs/antpos.cal', './cal_tabs/gaincurve.cal', './cal_tabs/delays.cal', './cal_tabs/bandpass.bcal'],spw='0')
2020-08-05 11:08:24 | INFO | Determining scan phase solutions (./cal_tabs/scanphase.gcal).
2020-08-05 11:08:24 | INFO | Executing command: gaincal(vis='13A-387_14.ms', field='J1407+2827,3C286', caltable='./cal_tabs/scanphase.gcal', refant='ea15', calmode='p', solint='inf', minsnr=2.0, gaintable=['./cal_tabs/antpos.cal', './cal_tabs/gaincurve.cal', './cal_tabs/delays.cal', './cal_tabs/bandpass.bcal'],spw='0')
2020-08-05 11:09:06 | INFO | Determining amplitude solutions (./cal_tabs/amp.gcal).
2020-08-05 11:09:06 | INFO | Executing command: gaincal(vis='13A-387_14.ms', field='J1407+2827,3C286', caltable='./cal_tabs/amp.gcal', refant='ea15', calmode='ap', solint='inf', minsnr=2.0, gaintable=['./cal_tabs/antpos.cal', './cal_tabs/gaincurve.cal', './cal_tabs/delays.cal', './cal_tabs/bandpass.bcal', './cal_tabs/intphase.gcal'],spw='0')
2020-08-05 11:09:51 | INFO | Plotting phase solutions to: ./plots/phasesol_ob0.png
2020-08-05 11:09:52 | INFO | Plotting amplitude solutions to: ./plots/ampsol_ob0.png
2020-08-05 11:09:53 | INFO | Applying flux scale to calibrators (./cal_tabs/fluxsol.cal).
2020-08-05 11:09:53 | INFO | Executing command: flux_info = fluxscale(vis='13A-387_14.ms', caltable='./cal_tabs/amp.gcal', fluxtable='./cal_tabs/fluxsol.cal', reference='3C286', incremental=True)
2020-08-05 11:09:55 | INFO | Writing calibrator fluxes summary to: ./summary/13A-387_14.ms.flux.summary.
2020-08-05 11:09:55 | INFO | Apply all calibrations to bandpass and flux calibrators.
2020-08-05 11:09:55 | INFO | Applying calibration to: 3C286
2020-08-05 11:09:55 | INFO | Executing command: applycal(vis='13A-387_14.ms', field='3C286', gaintable=['./cal_tabs/antpos.cal', './cal_tabs/gaincurve.cal', './cal_tabs/delays.cal', './cal_tabs/bandpass.bcal', './cal_tabs/intphase.gcal', './cal_tabs/amp.gcal'], gainfield=['', '', '3C286', '3C286', '3C286', '3C286'], calwt=False)
2020-08-05 11:10:13 | INFO | Plotting corrected phases for ['3C286'] to: ./plots/corr_phase.png
2020-08-05 11:10:17 | INFO | Plotting corrected amplitudes for ['3C286'] to: ./plots/corr_amp.png
2020-08-05 11:10:20 | INFO | Apply all calibrations to phase calibrators and targets.
2020-08-05 11:10:20 | INFO | Applying calibration to: J1407+2827
2020-08-05 11:10:20 | INFO | Executing command: applycal(vis='13A-387_14.ms', field='J1407+2827', gaintable=['./cal_tabs/antpos.cal', './cal_tabs/gaincurve.cal', './cal_tabs/delays.cal', './cal_tabs/bandpass.bcal', './cal_tabs/intphase.gcal', './cal_tabs/amp.gcal', './cal_tabs/fluxsol.cal'], gainfield=['', '', '3C286', '3C286', 'J1407+2827', 'J1407+2827', 'J1407+2827'], calwt=False)
2020-08-05 11:10:32 | INFO | Applying calibration to: HCG71
2020-08-05 11:10:32 | INFO | Executing command: applycal(vis='13A-387_14.ms', field='HCG71', gaintable=['./cal_tabs/antpos.cal', './cal_tabs/gaincurve.cal', './cal_tabs/delays.cal', './cal_tabs/bandpass.bcal', './cal_tabs/intphase.gcal', './cal_tabs/amp.gcal', './cal_tabs/fluxsol.cal'], gainfield=['', '', '3C286', '3C286', 'J1407+2827', 'J1407+2827', 'J1407+2827'], calwt=False)
2020-08-05 11:11:35 | INFO | Completed calibration.
2020-08-05 11:11:35 | INFO | Removing flag version: final.
2020-08-05 11:11:35 | INFO | Executing command: flagmanager(vis='13A-387_14.ms', mode='delete', versionname='final')
2020-08-05 11:11:35 | INFO | Completed removing flag version.
2020-08-05 11:11:35 | INFO | Saving flag version as: final.
2020-08-05 11:11:35 | INFO | Executing command: flagmanager(vis='13A-387_14.ms', mode='save', versionname='final')
2020-08-05 11:11:36 | INFO | Completed saving flag version.
2020-08-05 11:11:36 | INFO | Starting writing flag summary to: ./summary/13A-387_14.ms.finalflags.summary.
2020-08-05 11:11:44 | INFO | Total flagged data: 37.17%
2020-08-05 11:11:44 | INFO | Completed writing flag summary.
2020-08-05 11:11:44 | INFO | Making flags plots for flag version: final
2020-08-05 11:11:44 | INFO | Making flags plots for HCG71.
2020-08-05 11:11:44 | INFO | Plotting amplitude vs frequency to ./plots/flag_plot_final_HCG71_freq_ob0_spw0.png
2020-08-05 11:12:58 | INFO | Plotting amplitude vs time to ./plots/flag_plot_final_HCG71_time_ob0_spw0.png
2020-08-05 11:15:54 | INFO | Making flags plots for J1407+2827.
2020-08-05 11:15:54 | INFO | Plotting amplitude vs frequency to ./plots/flag_plot_final_J1407+2827_freq_ob0_spw0.png
2020-08-05 11:17:15 | INFO | Plotting amplitude vs time to ./plots/flag_plot_final_J1407+2827_time_ob0_spw0.png
2020-08-05 11:17:47 | INFO | Making flags plots for 3C286.
2020-08-05 11:17:47 | INFO | Plotting amplitude vs frequency to ./plots/flag_plot_final_3C286_freq_ob0_spw0.png
2020-08-05 11:18:22 | INFO | Plotting amplitude vs time to ./plots/flag_plot_final_3C286_time_ob0_spw0.png
2020-08-05 11:19:20 | INFO | Completed flags plots 
2020-08-05 11:19:20 | INFO | Starting split fields.
2020-08-05 11:19:20 | INFO | Create directory: ./sources/
2020-08-05 11:19:20 | INFO | Splitting HCG71 into separate file: HCG71.split.
2020-08-05 11:19:20 | INFO | Executing command: split(vis='13A-387_14.ms', outputvis='sources/HCG71.split', field='HCG71')
2020-08-05 11:19:32 | INFO | Writing listobs summary for split data set to: ./summary/HCG71.listobs.summary
2020-08-05 11:19:32 | INFO | Completed split fields.
2020-08-05 11:19:32 | INFO | Backing up 13A-387_14_params.cfg to backup.13A-387_14_params.cfg.
2020-08-05 11:19:36 | INFO | CASA version: 5.4.2
2020-08-05 11:19:36 | INFO | Starting making dirty continuum image.
2020-08-05 11:19:36 | INFO | Removing any existing dirty continuum images.
2020-08-05 11:19:36 | INFO | Checking clean parameters for dirty image (inc. continuum).
2020-08-05 11:19:36 | INFO | Pixel sizes set as: ['8arcsec'].
2020-08-05 11:19:36 | INFO | For the targets: ['HCG71'].
2020-08-05 11:19:36 | INFO | Image sizes set as: ['512'] pixels.
2020-08-05 11:19:36 | INFO | For the targets: ['HCG71'].
2020-08-05 11:19:36 | INFO | Making dirty image of HCG71 (inc. continuum).
2020-08-05 11:19:36 | INFO | Executing command: tclean(vis='sources/HCG71.split', field='HCG71', imagename='images/HCG71.cont.dirty', cell='8arcsec', imsize=[512,512], specmode='cube', outframe='bary', veltype='radio', restfreq='1420405751.786Hz', gridder='wproject', wprojplanes=-1, pblimit=0.1, normtype='flatnoise', deconvolver='hogbom', weighting='briggs', robust=2, niter=0, phasecenter='', interactive=False)
2020-08-05 11:24:33 | INFO | Completed making dirty continuum image.
2020-08-05 11:24:33 | INFO | Backing up 13A-387_14_params.cfg to backup.13A-387_14_params.cfg.
2020-08-05 11:24:36 | INFO | CASA version: 5.4.2
2020-08-05 11:24:36 | INFO | Starting plotting amplitude spectrum.
2020-08-05 11:24:36 | INFO | Plotting amplitude vs channel to ./plots/HCG71_amp_chn.png
2020-08-05 11:26:25 | INFO | Plotting amplitude vs velocity to ./plots/HCG71_amp_vel.png
2020-08-05 11:30:40 | INFO | Completed plotting amplitude spectrum.
2020-08-05 11:30:40 | INFO | Starting continuum subtraction.
2020-08-05 11:30:40 | INFO | Checking for line free channel ranges in parameters.
2020-08-05 11:30:40 | INFO | Line free channels set as: ['0:85~170;512~598'].
2020-08-05 11:30:40 | INFO | Fit order(s) set as: 1.
2020-08-05 11:30:40 | INFO | For the targets: ['HCG71'].
2020-08-05 11:30:40 | INFO | Subtracting the continuum from field: HCG71
2020-08-05 11:30:40 | INFO | Executing command: uvcontsub(vis='sources/HCG71'+'.split', field='HCG71', fitspw='0:85~170;512~598', spw='0', excludechans=False, combine='spw', solint='int', fitorder=1, want_cont=False)
2020-08-05 11:33:17 | INFO | Completed continuum subtraction.
2020-08-05 11:33:17 | INFO | Starting plotting amplitude spectrum.
2020-08-05 11:33:17 | INFO | Plotting amplitude vs channel to ./plots/HCG71_contsub_amp_chn.png
2020-08-05 11:36:16 | INFO | Completed plotting amplitude spectrum.
2020-08-05 11:36:16 | INFO | Starting making dirty image.
2020-08-05 11:36:16 | INFO | Removing any existing dirty images.
2020-08-05 11:36:16 | INFO | Checking clean parameters for dirty image.
2020-08-05 11:36:16 | INFO | Pixel sizes set as: ['8arcsec'].
2020-08-05 11:36:16 | INFO | For the targets: ['HCG71'].
2020-08-05 11:36:16 | INFO | Image sizes set as: ['512'] pixels.
2020-08-05 11:36:16 | INFO | For the targets: ['HCG71'].
2020-08-05 11:36:16 | INFO | Line emission channels set as: ['0:170~512'].
2020-08-05 11:36:16 | INFO | For the targets: ['HCG71'].
2020-08-05 11:36:16 | INFO | Making dirty image of HCG71 (line only).
2020-08-05 11:36:16 | INFO | Executing command: tclean(vis='sources/HCG71'+'.split.contsub', field='HCG71', imagename='images/HCG71'+'.dirty', cell='8arcsec', imsize=[512,512], specmode='cube', outframe='bary', veltype='radio', restfreq='1420405751.786Hz', gridder='wproject', wprojplanes=-1, pblimit=0.1, normtype='flatnoise', deconvolver='hogbom', weighting='briggs', robust=2, restoringbeam='common', niter=0, phasecenter='', interactive=False)
2020-08-05 11:41:10 | INFO | Completed making dirty image.
2020-08-05 11:41:10 | INFO | Backing up 13A-387_14_params.cfg to backup.13A-387_14_params.cfg.
2020-08-05 11:41:13 | INFO | CASA version: 5.4.2
2020-08-05 11:41:13 | INFO | Deleting any existing clean image(s).
2020-08-05 11:41:13 | INFO | Starting making noise estimation.
2020-08-05 11:41:17 | INFO | Effective integration time for HCG71: 2222 s
2020-08-05 11:41:17 | INFO | Expected rms noise for HCG71: 0.00172557276683 Jy/beam
2020-08-05 11:41:17 | INFO | Completed making noise estimation.
2020-08-05 11:41:17 | INFO | Starting generation of clean image(s).
2020-08-05 11:41:17 | INFO | Line emission channels set as: ['0:170~512'].
2020-08-05 11:41:17 | INFO | For the targets: ['HCG71'].
2020-08-05 11:41:17 | INFO | Setting CLEAN algorithm to MS-CLEAN.
2020-08-05 11:41:17 | INFO | Starting HCG71 image.
2020-08-05 11:41:17 | INFO | Automasking parameters set as:
2020-08-05 11:41:17 | INFO | sidelobethreshold = 2.0
2020-08-05 11:41:17 | INFO | noisethreshold = 3.0
2020-08-05 11:41:17 | INFO | lownoisethreshold = 1.5
2020-08-05 11:41:17 | INFO | minbeamfraction = 0.3
2020-08-05 11:41:17 | INFO | negativethreshold = 15.0
2020-08-05 11:41:18 | INFO | The maximum recoverable scale for HCG71 is 940 arcsec.
2020-08-05 11:41:18 | INFO | CLEANing with scales of [0, 8, 25, 75] pixels.
2020-08-05 11:41:18 | INFO | CLEANing HCG71 to a threshold of 0.00431393191708 Jy.
2020-08-05 11:41:18 | INFO | Executing command: tclean(vis='sources/HCG71'+'.split.contsub', field='HCG71', spw='0:170~512', imagename='images/HCG71', cell='8arcsec', imsize=[512,512], specmode='cube', outframe='bary', veltype='radio', restfreq='1420405751.786Hz', gridder='wproject', wprojplanes=-1, pblimit=0.1, normtype='flatnoise', deconvolver='multiscale', scales=[0, 8, 25, 75], restoringbeam='common', pbcor=True, weighting='briggs', robust=2, niter=100000, gain=0.1, threshold='0.00431393191708Jy', usemask='auto-multithresh', phasecenter='', sidelobethreshold=2.0, noisethreshold=3.0, lownoisethreshold=1.5, minbeamfrac=0.3, negativethreshold=15.0, cyclefactor=2.0,interactive=False)
2020-08-05 12:26:58 | INFO | CLEANing finished. Image cube saved as HCG71.image.
2020-08-05 12:26:58 | INFO | Saving image cube as HCG71_HI.fits
2020-08-05 12:26:58 | INFO | Executing command: exportfits(imagename='images/HCG71.image', fitsimage='images/HCG71_HI.fits', velocity=True,optical=False,overwrite=True,dropstokes=True,stokeslast=True,history=True,dropdeg=True)
2020-08-05 12:27:00 | INFO | Saving primary beam corrected image cube as HCG71_HI.pbcor.fits
2020-08-05 12:27:00 | INFO | Executing command: exportfits(imagename='images/HCG71.image.pbcor', fitsimage='images/HCG71_HI.pbcor.fits', velocity=True,optical=False,overwrite=True,dropstokes=True,stokeslast=True,history=True,dropdeg=True)
2020-08-05 12:27:02 | INFO | Completed generation of clean image(s).
2020-08-05 12:27:02 | INFO | Backing up 13A-387_14_params.cfg to backup.13A-387_14_params.cfg.
2020-08-05 12:27:05 | INFO | CASA version: 5.4.2
2020-08-05 12:27:05 | INFO | Deleting any existing moment(s).
2020-08-05 12:27:05 | INFO | Starting making noise estimation.
2020-08-05 12:27:09 | INFO | Effective integration time for HCG71: 2222 s
2020-08-05 12:27:09 | INFO | Expected rms noise for HCG71: 0.00172557276683 Jy/beam
2020-08-05 12:27:09 | INFO | Completed making noise estimation.
2020-08-05 12:27:09 | INFO | Create directory: ./moments/
2020-08-05 12:27:09 | INFO | Starting generation of moment map(s).
2020-08-05 12:27:09 | INFO | Executing command: immoments(imagename='images/HCG71.image',includepix=[0.00517671830049,5176.71830049],chans='',outfile='moments/HCG71.mom0')
2020-08-05 12:27:11 | INFO | Executing command: exportfits(imagename='moments/HCG71.mom0', fitsimage='moments/HCG71.mom0.fits',overwrite=True,dropstokes=True,stokeslast=True,history=True,dropdeg=True)
2020-08-05 12:27:11 | INFO | Completed generation of moment map(s).
