2020-08-04 10:05:33 | INFO | CASA version: 5.4.2
2020-08-04 10:05:33 | INFO | Starting listobs summary.
2020-08-04 10:05:33 | INFO | Create directory: ./summary/
2020-08-04 10:05:33 | INFO | Writing listobs summary of data set to: ./summary/13A-387_13.ms.listobs.summary
2020-08-04 10:05:35 | INFO | Completed listobs summary.
2020-08-04 10:05:35 | INFO | Starting data transform.
2020-08-04 10:05:35 | INFO | Executing command: mstransform(vis='13A-387_13.ms', outputvis='13A-387_13.ms_1', field='1,2,3', spw='0', observation='', datacolumn='data', hanning=True, chanaverage=True, chanbin=3)
2020-08-04 10:09:45 | INFO | Updating config file (13A-387_13_params.cfg) to set mstransform values.
2020-08-04 10:09:45 | INFO | 13A-387_13.ms.flagversions is a symbolic link. It will now be unlinked.
2020-08-04 10:09:45 | INFO | Create directory: 13A-387_13.ms.flagversions
2020-08-04 10:09:45 | INFO | 13A-387_13.ms is a symbolic link. It will now be unlinked.
2020-08-04 10:09:45 | INFO | Moved 13A-387_13.ms_1 to 13A-387_13.ms
2020-08-04 10:09:45 | INFO | Completed data transformation.
2020-08-04 10:09:45 | INFO | Starting listobs summary.
2020-08-04 10:09:45 | INFO | Deleted: ./summary/13A-387_13.ms.listobs.summary
2020-08-04 10:09:45 | INFO | Writing listobs summary of data set to: ./summary/13A-387_13.ms.listobs.summary
2020-08-04 10:09:45 | INFO | Completed listobs summary.
2020-08-04 10:09:45 | INFO | Reading ms file information for MS: 13A-387_13.ms
2020-08-04 10:09:45 | INFO | Sources in MS 13A-387_13.ms: 3C286,HCG71,J1407+2827
2020-08-04 10:09:45 | INFO | > Sources (3): 3C286,HCG71,J1407+2827
2020-08-04 10:09:45 | INFO | > Number of spw: 1
2020-08-04 10:09:45 | INFO | > Channels per spw: 682
2020-08-04 10:09:45 | INFO | Starting plotting elevation.
2020-08-04 10:09:45 | INFO | Create directory: ./plots/
2020-08-04 10:09:45 | INFO | Plotting elevation to: ./plots/13A-387_13.ms_elevation.png
2020-08-04 10:10:17 | INFO | Completed plotting elevation.
2020-08-04 10:10:17 | INFO | Starting plotting antenna positions.
2020-08-04 10:10:17 | INFO | Plotting antenna positions to: ./plots/13A-387_13.ms_antpos.png
2020-08-04 10:10:18 | INFO | Completed plotting antenna positions.
2020-08-04 10:10:18 | INFO | Backing up 13A-387_13_params.cfg to backup.13A-387_13_params.cfg.
2020-08-04 10:10:25 | INFO | CASA version: 5.4.2
2020-08-04 10:10:25 | INFO | Saving flag version as: Original.
2020-08-04 10:10:25 | INFO | Executing command: flagmanager(vis='13A-387_13.ms', mode='save', versionname='Original')
2020-08-04 10:10:27 | INFO | Completed saving flag version.
2020-08-04 10:10:27 | INFO | Starting manual flagging.
2020-08-04 10:10:27 | INFO | Applying flags from manual_flags.list
2020-08-04 10:10:27 | INFO | Executing command: flagdata(vis='13A-387_13.ms', mode='list', action='apply', inpfile=["mode='manual' antenna='ea19'\n", "mode='manual' antenna='ea25'\n", "mode='manual' field='0' spw='0:176~179'\n", "mode='manual' field='1,2' spw='0:176~180'\n", "mode='manual' timerange='2013/06/30/23:47:00~23:47:05'\n", "mode='manual' scan='14~23' antenna='ea04&ea10;ea04&ea12'\n", "mode='manual' scan='31~33'\n", "mode='manual' scan='15~34' antenna='ea04&ea10;ea04&ea12;ea10&ea12;ea10&ea13;ea10&ea14;ea10&ea15;ea14&ea15;ea17&ea28;ea18&ea28'"])
2020-08-04 10:10:37 | INFO | Completed manual flagging.
2020-08-04 10:10:37 | INFO | Starting basic flagging.
2020-08-04 10:10:37 | INFO | Flagging antennae with more than 5.0 m of shadowing.
2020-08-04 10:10:37 | INFO | Executing command: flagdata(vis='13A-387_13.ms', mode='shadow', tolerance=5.0, flagbackup=False)
2020-08-04 10:10:45 | INFO | Flagging zero amplitude data.
2020-08-04 10:10:45 | INFO | Executing command: flagdata(vis='13A-387_13.ms', mode='clip', clipzeros=True, flagbackup=False)
2020-08-04 10:12:06 | INFO | Flagging first 5.0 s of every scan.
2020-08-04 10:12:06 | INFO | Executing command: flagdata(vis='13A-387_13.ms', mode='quack', quackinterval=5.0, quackmode='beg', flagbackup=False)
2020-08-04 10:12:12 | INFO | Completed basic flagging.
2020-08-04 10:12:12 | INFO | Starting running TFCrop.
2020-08-04 10:12:12 | INFO | Executing command: flagdata(vis='13A-387_13.ms', mode='tfcrop', action='apply', display='', timecutoff=4.0, freqcutoff=4.0, flagbackup=False)
2020-08-04 10:17:34 | INFO | Completed running TFCrop.
2020-08-04 10:17:34 | INFO | Removing flag version: initial.
2020-08-04 10:17:34 | INFO | Executing command: flagmanager(vis='13A-387_13.ms', mode='delete', versionname='initial')
2020-08-04 10:17:34 | INFO | Completed removing flag version.
2020-08-04 10:17:34 | INFO | Saving flag version as: initial.
2020-08-04 10:17:34 | INFO | Executing command: flagmanager(vis='13A-387_13.ms', mode='save', versionname='initial')
2020-08-04 10:17:36 | INFO | Completed saving flag version.
2020-08-04 10:17:36 | INFO | Starting writing flag summary to: ./summary/13A-387_13.ms.initialflags.summary.
2020-08-04 10:17:50 | INFO | Total flagged data: 33.90%
2020-08-04 10:17:50 | INFO | Completed writing flag summary.
2020-08-04 10:17:50 | INFO | Starting reference antenna selection.
2020-08-04 10:17:50 | INFO | Reference antenna already set as: ea10.
2020-08-04 10:17:50 | INFO | Starting set field purposes.
2020-08-04 10:17:50 | INFO | Target field(s) already set as: ['HCG71'].
2020-08-04 10:17:50 | INFO | Flux calibrator already set as: ['3C286'].
2020-08-04 10:17:50 | INFO | Flux models already set as: ['3C286_L.im'].
2020-08-04 10:17:50 | INFO | Bandpass calibrator already set as: ['3C286'].
2020-08-04 10:17:50 | INFO | Phase calibrator already set as: ['J1407+2827'].
2020-08-04 10:17:50 | INFO | No changes made to preset target and calibrator fields.
2020-08-04 10:17:50 | INFO | Completed setting field purposes.
2020-08-04 10:17:50 | INFO | Making flags plots for flag version: initial
2020-08-04 10:17:51 | INFO | Making flags plots for HCG71.
2020-08-04 10:17:51 | INFO | Plotting amplitude vs frequency to ./plots/flag_plot_initial_HCG71_freq_ob0_spw0.png
2020-08-04 10:19:37 | INFO | Plotting amplitude vs time to ./plots/flag_plot_initial_HCG71_time_ob0_spw0.png
2020-08-04 10:26:27 | INFO | Making flags plots for J1407+2827.
2020-08-04 10:26:27 | INFO | Plotting amplitude vs frequency to ./plots/flag_plot_initial_J1407+2827_freq_ob0_spw0.png
2020-08-04 10:29:27 | INFO | Plotting amplitude vs time to ./plots/flag_plot_initial_J1407+2827_time_ob0_spw0.png
2020-08-04 10:30:19 | INFO | Making flags plots for 3C286.
2020-08-04 10:30:19 | INFO | Plotting amplitude vs frequency to ./plots/flag_plot_initial_3C286_freq_ob0_spw0.png
2020-08-04 10:31:01 | INFO | Plotting amplitude vs time to ./plots/flag_plot_initial_3C286_time_ob0_spw0.png
2020-08-04 10:31:54 | INFO | Completed flags plots 
2020-08-04 10:31:54 | INFO | Starting calibration.
2020-08-04 10:31:54 | INFO | Create directory: ./cal_tabs/
2020-08-04 10:31:54 | INFO | Looking up antenna position offsets (./cal_tabs/antpos.cal).
2020-08-04 10:31:54 | INFO | Executing command: gencal(vis='13A-387_13.ms', caltable='./cal_tabs/antpos.cal', caltype='antpos', antenna='')
2020-08-04 10:32:00 | INFO | Calibrating gain vs elevation (./cal_tabs/gaincurve.cal).
2020-08-04 10:32:00 | INFO | Executing command: gencal(vis='13A-387_13.ms', caltable='./cal_tabs/gaincurve.cal', caltype='gceff')
2020-08-04 10:32:01 | INFO | Load model for flux calibrator 3C286 (3C286_L.im).
2020-08-04 10:32:01 | INFO | Executing command: setjy(vis='13A-387_13.ms', field='3C286', scalebychan=True, model='3C286_L.im')
2020-08-04 10:32:04 | INFO | Plotting bandpass phase vs. time for reference antenna to: ./plots/bpphaseint.png
2020-08-04 10:32:17 | INFO | Calibrating delays for bandpass calibrators ['3C286'] (./cal_tabs/delays.cal).
2020-08-04 10:32:17 | INFO | Executing command: gaincal(vis='13A-387_13.ms', field='3C286', caltable='./cal_tabs/delays.cal', refant='ea10', gaintype='K', gaintable=['./cal_tabs/antpos.cal','./cal_tabs/gaincurve.cal'], spw='0')
2020-08-04 10:32:42 | INFO | Make bandpass calibrator phase solutions for ['3C286'] (./cal_tabs/bpphase.gcal).
2020-08-04 10:32:42 | INFO | Executing command: gaincal(vis='13A-387_13.ms', field='3C286',  caltable='./cal_tabs/bpphase.gcal', refant='ea10', calmode='p', solint='int', combine='', minsnr=2.0, gaintable=['./cal_tabs/antpos.cal','./cal_tabs/gaincurve.cal','./cal_tabs/delays.cal'], spw='0')
2020-08-04 10:33:12 | INFO | Plotting bandpass phase solutions to: ./plots/bpphasesol_ob0.png
2020-08-04 10:33:13 | INFO | Determining bandpass solution(s) (./cal_tabs/bandpass.bcal).
2020-08-04 10:33:13 | INFO | Executing command: bandpass(vis='13A-387_13.ms', caltable='./cal_tabs/bandpass.bcal', field='3C286', refant='ea10', solint='inf', solnorm=True, gaintable=['./cal_tabs/antpos.cal', './cal_tabs/gaincurve.cal', './cal_tabs/delays.cal', './cal_tabs/bpphase.gcal'], spw='0')
2020-08-04 10:33:45 | INFO | Plotting bandpass amplitude solutions to: ./plots/bandpasssol_.png
2020-08-04 10:33:46 | INFO | Determining integration phase solutions (./cal_tabs/intphase.gcal).
2020-08-04 10:33:46 | INFO | Executing command: gaincal(vis='13A-387_13.ms', field='J1407+2827,3C286', caltable='./cal_tabs/intphase.gcal', refant='ea10', calmode='p', solint='int', minsnr=2.0, gaintable=['./cal_tabs/antpos.cal', './cal_tabs/gaincurve.cal', './cal_tabs/delays.cal', './cal_tabs/bandpass.bcal'],spw='0')
2020-08-04 10:34:43 | INFO | Determining scan phase solutions (./cal_tabs/scanphase.gcal).
2020-08-04 10:34:43 | INFO | Executing command: gaincal(vis='13A-387_13.ms', field='J1407+2827,3C286', caltable='./cal_tabs/scanphase.gcal', refant='ea10', calmode='p', solint='inf', minsnr=2.0, gaintable=['./cal_tabs/antpos.cal', './cal_tabs/gaincurve.cal', './cal_tabs/delays.cal', './cal_tabs/bandpass.bcal'],spw='0')
2020-08-04 10:35:35 | INFO | Determining amplitude solutions (./cal_tabs/amp.gcal).
2020-08-04 10:35:35 | INFO | Executing command: gaincal(vis='13A-387_13.ms', field='J1407+2827,3C286', caltable='./cal_tabs/amp.gcal', refant='ea10', calmode='ap', solint='inf', minsnr=2.0, gaintable=['./cal_tabs/antpos.cal', './cal_tabs/gaincurve.cal', './cal_tabs/delays.cal', './cal_tabs/bandpass.bcal', './cal_tabs/intphase.gcal'],spw='0')
2020-08-04 10:36:31 | INFO | Plotting phase solutions to: ./plots/phasesol_ob0.png
2020-08-04 10:36:33 | INFO | Plotting amplitude solutions to: ./plots/ampsol_ob0.png
2020-08-04 10:36:34 | INFO | Applying flux scale to calibrators (./cal_tabs/fluxsol.cal).
2020-08-04 10:36:34 | INFO | Executing command: flux_info = fluxscale(vis='13A-387_13.ms', caltable='./cal_tabs/amp.gcal', fluxtable='./cal_tabs/fluxsol.cal', reference='3C286', incremental=True)
2020-08-04 10:36:35 | INFO | Writing calibrator fluxes summary to: ./summary/13A-387_13.ms.flux.summary.
2020-08-04 10:36:35 | INFO | Apply all calibrations to bandpass and flux calibrators.
2020-08-04 10:36:35 | INFO | Applying calibration to: 3C286
2020-08-04 10:36:35 | INFO | Executing command: applycal(vis='13A-387_13.ms', field='3C286', gaintable=['./cal_tabs/antpos.cal', './cal_tabs/gaincurve.cal', './cal_tabs/delays.cal', './cal_tabs/bandpass.bcal', './cal_tabs/intphase.gcal', './cal_tabs/amp.gcal'], gainfield=['', '', '3C286', '3C286', '3C286', '3C286'], calwt=False)
2020-08-04 10:37:15 | INFO | Plotting corrected phases for ['3C286'] to: ./plots/corr_phase.png
2020-08-04 10:37:18 | INFO | Plotting corrected amplitudes for ['3C286'] to: ./plots/corr_amp.png
2020-08-04 10:37:22 | INFO | Apply all calibrations to phase calibrators and targets.
2020-08-04 10:37:22 | INFO | Applying calibration to: J1407+2827
2020-08-04 10:37:22 | INFO | Executing command: applycal(vis='13A-387_13.ms', field='J1407+2827', gaintable=['./cal_tabs/antpos.cal', './cal_tabs/gaincurve.cal', './cal_tabs/delays.cal', './cal_tabs/bandpass.bcal', './cal_tabs/intphase.gcal', './cal_tabs/amp.gcal', './cal_tabs/fluxsol.cal'], gainfield=['', '', '3C286', '3C286', 'J1407+2827', 'J1407+2827', 'J1407+2827'], calwt=False)
2020-08-04 10:37:44 | INFO | Applying calibration to: HCG71
2020-08-04 10:37:44 | INFO | Executing command: applycal(vis='13A-387_13.ms', field='HCG71', gaintable=['./cal_tabs/antpos.cal', './cal_tabs/gaincurve.cal', './cal_tabs/delays.cal', './cal_tabs/bandpass.bcal', './cal_tabs/intphase.gcal', './cal_tabs/amp.gcal', './cal_tabs/fluxsol.cal'], gainfield=['', '', '3C286', '3C286', 'J1407+2827', 'J1407+2827', 'J1407+2827'], calwt=False)
2020-08-04 10:40:04 | INFO | Completed calibration.
2020-08-04 10:40:04 | INFO | Starting running rflag with a threshold of 4.0.
2020-08-04 10:40:04 | INFO | Executing command: flagdata(vis='13A-387_13.ms', mode='rflag', action='apply', datacolumn='corrected', freqdevscale=4.0, timedevscale=4.0, display='', flagbackup=False)
2020-08-04 10:51:22 | INFO | Completed running rflag.
2020-08-04 10:51:22 | INFO | Removing flag version: rflag.
2020-08-04 10:51:22 | INFO | Executing command: flagmanager(vis='13A-387_13.ms', mode='delete', versionname='rflag')
2020-08-04 10:51:22 | INFO | Completed removing flag version.
2020-08-04 10:51:22 | INFO | Saving flag version as: rflag.
2020-08-04 10:51:22 | INFO | Executing command: flagmanager(vis='13A-387_13.ms', mode='save', versionname='rflag')
2020-08-04 10:51:24 | INFO | Completed saving flag version.
2020-08-04 10:51:24 | INFO | Starting writing flag summary to: ./summary/13A-387_13.ms.rflagflags.summary.
2020-08-04 10:51:39 | INFO | Total flagged data: 40.76%
2020-08-04 10:51:39 | INFO | Completed writing flag summary.
2020-08-04 10:51:39 | INFO | Starting extending existing flags.
2020-08-04 10:51:39 | INFO | Executing command: flagdata(vis='13A-387_13.ms', mode='extend', spw='', extendpols=True, action='apply', display='', flagbackup=False)
2020-08-04 10:52:23 | INFO | Executing command: flagdata(vis='13A-387_13.ms', mode='extend', spw='', growtime=75.0, growfreq=90.0, action='apply', display='', flagbackup=False)
2020-08-04 10:53:07 | INFO | Completed extending existing flags.
2020-08-04 10:53:07 | INFO | Removing flag version: extended.
2020-08-04 10:53:07 | INFO | Executing command: flagmanager(vis='13A-387_13.ms', mode='delete', versionname='extended')
2020-08-04 10:53:07 | INFO | Completed removing flag version.
2020-08-04 10:53:07 | INFO | Saving flag version as: extended.
2020-08-04 10:53:07 | INFO | Executing command: flagmanager(vis='13A-387_13.ms', mode='save', versionname='extended')
2020-08-04 10:53:08 | INFO | Completed saving flag version.
2020-08-04 10:53:08 | INFO | Starting writing flag summary to: ./summary/13A-387_13.ms.extendedflags.summary.
2020-08-04 10:53:23 | INFO | Total flagged data: 41.35%
2020-08-04 10:53:23 | INFO | Completed writing flag summary.
2020-08-04 10:53:23 | INFO | Starting calibration.
2020-08-04 10:53:23 | INFO | Looking up antenna position offsets (./cal_tabs/antpos.cal).
2020-08-04 10:53:23 | INFO | Executing command: gencal(vis='13A-387_13.ms', caltable='./cal_tabs/antpos.cal', caltype='antpos', antenna='')
2020-08-04 10:53:29 | INFO | Calibrating gain vs elevation (./cal_tabs/gaincurve.cal).
2020-08-04 10:53:29 | INFO | Executing command: gencal(vis='13A-387_13.ms', caltable='./cal_tabs/gaincurve.cal', caltype='gceff')
2020-08-04 10:53:29 | INFO | Load model for flux calibrator 3C286 (3C286_L.im).
2020-08-04 10:53:29 | INFO | Executing command: setjy(vis='13A-387_13.ms', field='3C286', scalebychan=True, model='3C286_L.im')
2020-08-04 10:53:32 | INFO | Plotting bandpass phase vs. time for reference antenna to: ./plots/bpphaseint.png
2020-08-04 10:53:35 | INFO | Calibrating delays for bandpass calibrators ['3C286'] (./cal_tabs/delays.cal).
2020-08-04 10:53:35 | INFO | Executing command: gaincal(vis='13A-387_13.ms', field='3C286', caltable='./cal_tabs/delays.cal', refant='ea10', gaintype='K', gaintable=['./cal_tabs/antpos.cal','./cal_tabs/gaincurve.cal'], spw='0')
2020-08-04 10:54:00 | INFO | Make bandpass calibrator phase solutions for ['3C286'] (./cal_tabs/bpphase.gcal).
2020-08-04 10:54:00 | INFO | Executing command: gaincal(vis='13A-387_13.ms', field='3C286',  caltable='./cal_tabs/bpphase.gcal', refant='ea10', calmode='p', solint='int', combine='', minsnr=2.0, gaintable=['./cal_tabs/antpos.cal','./cal_tabs/gaincurve.cal','./cal_tabs/delays.cal'], spw='0')
2020-08-04 10:54:29 | INFO | Plotting bandpass phase solutions to: ./plots/bpphasesol_ob0.png
2020-08-04 10:54:31 | INFO | Determining bandpass solution(s) (./cal_tabs/bandpass.bcal).
2020-08-04 10:54:31 | INFO | Executing command: bandpass(vis='13A-387_13.ms', caltable='./cal_tabs/bandpass.bcal', field='3C286', refant='ea10', solint='inf', solnorm=True, gaintable=['./cal_tabs/antpos.cal', './cal_tabs/gaincurve.cal', './cal_tabs/delays.cal', './cal_tabs/bpphase.gcal'], spw='0')
2020-08-04 10:55:02 | INFO | Plotting bandpass amplitude solutions to: ./plots/bandpasssol_.png
2020-08-04 10:55:03 | INFO | Determining integration phase solutions (./cal_tabs/intphase.gcal).
2020-08-04 10:55:03 | INFO | Executing command: gaincal(vis='13A-387_13.ms', field='J1407+2827,3C286', caltable='./cal_tabs/intphase.gcal', refant='ea10', calmode='p', solint='int', minsnr=2.0, gaintable=['./cal_tabs/antpos.cal', './cal_tabs/gaincurve.cal', './cal_tabs/delays.cal', './cal_tabs/bandpass.bcal'],spw='0')
2020-08-04 10:56:00 | INFO | Determining scan phase solutions (./cal_tabs/scanphase.gcal).
2020-08-04 10:56:00 | INFO | Executing command: gaincal(vis='13A-387_13.ms', field='J1407+2827,3C286', caltable='./cal_tabs/scanphase.gcal', refant='ea10', calmode='p', solint='inf', minsnr=2.0, gaintable=['./cal_tabs/antpos.cal', './cal_tabs/gaincurve.cal', './cal_tabs/delays.cal', './cal_tabs/bandpass.bcal'],spw='0')
2020-08-04 10:56:51 | INFO | Determining amplitude solutions (./cal_tabs/amp.gcal).
2020-08-04 10:56:51 | INFO | Executing command: gaincal(vis='13A-387_13.ms', field='J1407+2827,3C286', caltable='./cal_tabs/amp.gcal', refant='ea10', calmode='ap', solint='inf', minsnr=2.0, gaintable=['./cal_tabs/antpos.cal', './cal_tabs/gaincurve.cal', './cal_tabs/delays.cal', './cal_tabs/bandpass.bcal', './cal_tabs/intphase.gcal'],spw='0')
2020-08-04 10:57:48 | INFO | Plotting phase solutions to: ./plots/phasesol_ob0.png
2020-08-04 10:57:49 | INFO | Plotting amplitude solutions to: ./plots/ampsol_ob0.png
2020-08-04 10:57:50 | INFO | Applying flux scale to calibrators (./cal_tabs/fluxsol.cal).
2020-08-04 10:57:50 | INFO | Executing command: flux_info = fluxscale(vis='13A-387_13.ms', caltable='./cal_tabs/amp.gcal', fluxtable='./cal_tabs/fluxsol.cal', reference='3C286', incremental=True)
2020-08-04 10:57:52 | INFO | Writing calibrator fluxes summary to: ./summary/13A-387_13.ms.flux.summary.
2020-08-04 10:57:52 | INFO | Apply all calibrations to bandpass and flux calibrators.
2020-08-04 10:57:52 | INFO | Applying calibration to: 3C286
2020-08-04 10:57:52 | INFO | Executing command: applycal(vis='13A-387_13.ms', field='3C286', gaintable=['./cal_tabs/antpos.cal', './cal_tabs/gaincurve.cal', './cal_tabs/delays.cal', './cal_tabs/bandpass.bcal', './cal_tabs/intphase.gcal', './cal_tabs/amp.gcal'], gainfield=['', '', '3C286', '3C286', '3C286', '3C286'], calwt=False)
2020-08-04 10:58:11 | INFO | Plotting corrected phases for ['3C286'] to: ./plots/corr_phase.png
2020-08-04 10:58:14 | INFO | Plotting corrected amplitudes for ['3C286'] to: ./plots/corr_amp.png
2020-08-04 10:58:18 | INFO | Apply all calibrations to phase calibrators and targets.
2020-08-04 10:58:18 | INFO | Applying calibration to: J1407+2827
2020-08-04 10:58:18 | INFO | Executing command: applycal(vis='13A-387_13.ms', field='J1407+2827', gaintable=['./cal_tabs/antpos.cal', './cal_tabs/gaincurve.cal', './cal_tabs/delays.cal', './cal_tabs/bandpass.bcal', './cal_tabs/intphase.gcal', './cal_tabs/amp.gcal', './cal_tabs/fluxsol.cal'], gainfield=['', '', '3C286', '3C286', 'J1407+2827', 'J1407+2827', 'J1407+2827'], calwt=False)
2020-08-04 10:58:40 | INFO | Applying calibration to: HCG71
2020-08-04 10:58:40 | INFO | Executing command: applycal(vis='13A-387_13.ms', field='HCG71', gaintable=['./cal_tabs/antpos.cal', './cal_tabs/gaincurve.cal', './cal_tabs/delays.cal', './cal_tabs/bandpass.bcal', './cal_tabs/intphase.gcal', './cal_tabs/amp.gcal', './cal_tabs/fluxsol.cal'], gainfield=['', '', '3C286', '3C286', 'J1407+2827', 'J1407+2827', 'J1407+2827'], calwt=False)
2020-08-04 11:01:01 | INFO | Completed calibration.
2020-08-04 11:01:01 | INFO | Removing flag version: final.
2020-08-04 11:01:01 | INFO | Executing command: flagmanager(vis='13A-387_13.ms', mode='delete', versionname='final')
2020-08-04 11:01:01 | INFO | Completed removing flag version.
2020-08-04 11:01:01 | INFO | Saving flag version as: final.
2020-08-04 11:01:01 | INFO | Executing command: flagmanager(vis='13A-387_13.ms', mode='save', versionname='final')
2020-08-04 11:01:03 | INFO | Completed saving flag version.
2020-08-04 11:01:03 | INFO | Starting writing flag summary to: ./summary/13A-387_13.ms.finalflags.summary.
2020-08-04 11:01:18 | INFO | Total flagged data: 42.45%
2020-08-04 11:01:18 | INFO | Completed writing flag summary.
2020-08-04 11:01:18 | INFO | Making flags plots for flag version: final
2020-08-04 11:01:18 | INFO | Making flags plots for HCG71.
2020-08-04 11:01:18 | INFO | Plotting amplitude vs frequency to ./plots/flag_plot_final_HCG71_freq_ob0_spw0.png
2020-08-04 11:04:31 | INFO | Plotting amplitude vs time to ./plots/flag_plot_final_HCG71_time_ob0_spw0.png
2020-08-04 11:12:23 | INFO | Making flags plots for J1407+2827.
2020-08-04 11:12:23 | INFO | Plotting amplitude vs frequency to ./plots/flag_plot_final_J1407+2827_freq_ob0_spw0.png
2020-08-04 11:15:50 | INFO | Plotting amplitude vs time to ./plots/flag_plot_final_J1407+2827_time_ob0_spw0.png
2020-08-04 11:16:49 | INFO | Making flags plots for 3C286.
2020-08-04 11:16:49 | INFO | Plotting amplitude vs frequency to ./plots/flag_plot_final_3C286_freq_ob0_spw0.png
2020-08-04 11:17:35 | INFO | Plotting amplitude vs time to ./plots/flag_plot_final_3C286_time_ob0_spw0.png
2020-08-04 11:18:30 | INFO | Completed flags plots 
2020-08-04 11:18:30 | INFO | Starting split fields.
2020-08-04 11:18:30 | INFO | Create directory: ./sources/
2020-08-04 11:18:30 | INFO | Splitting HCG71 into separate file: HCG71.split.
2020-08-04 11:18:30 | INFO | Executing command: split(vis='13A-387_13.ms', outputvis='sources/HCG71.split', field='HCG71')
2020-08-04 11:18:52 | INFO | Writing listobs summary for split data set to: ./summary/HCG71.listobs.summary
2020-08-04 11:18:52 | INFO | Completed split fields.
2020-08-04 11:18:52 | INFO | Backing up 13A-387_13_params.cfg to backup.13A-387_13_params.cfg.
2020-08-04 11:18:58 | INFO | CASA version: 5.4.2
2020-08-04 11:18:58 | INFO | Starting making dirty continuum image.
2020-08-04 11:18:58 | INFO | Removing any existing dirty continuum images.
2020-08-04 11:18:58 | INFO | Checking clean parameters for dirty image (inc. continuum).
2020-08-04 11:18:58 | INFO | Pixel sizes set as: ['3arcsec'].
2020-08-04 11:18:58 | INFO | For the targets: ['HCG71'].
2020-08-04 11:18:58 | INFO | Image sizes set as: ['512'] pixels.
2020-08-04 11:18:58 | INFO | For the targets: ['HCG71'].
2020-08-04 11:18:58 | INFO | Making dirty image of HCG71 (inc. continuum).
2020-08-04 11:18:58 | INFO | Executing command: tclean(vis='sources/HCG71.split', field='HCG71', imagename='images/HCG71.cont.dirty', cell='3arcsec', imsize=[512,512], specmode='cube', outframe='bary', veltype='radio', restfreq='1420405751.786Hz', gridder='wproject', wprojplanes=-1, pblimit=0.1, normtype='flatnoise', deconvolver='hogbom', weighting='briggs', robust=2, niter=0, phasecenter='', interactive=False)
2020-08-04 11:26:35 | INFO | Completed making dirty continuum image.
2020-08-04 11:26:35 | INFO | Backing up 13A-387_13_params.cfg to backup.13A-387_13_params.cfg.
2020-08-04 11:26:38 | INFO | CASA version: 5.4.2
2020-08-04 11:26:38 | INFO | Starting plotting amplitude spectrum.
2020-08-04 11:26:38 | INFO | Plotting amplitude vs channel to ./plots/HCG71_amp_chn.png
2020-08-04 11:30:38 | INFO | Plotting amplitude vs velocity to ./plots/HCG71_amp_vel.png
2020-08-04 11:40:08 | INFO | Completed plotting amplitude spectrum.
2020-08-04 11:40:08 | INFO | Starting continuum subtraction.
2020-08-04 11:40:08 | INFO | Checking for line free channel ranges in parameters.
2020-08-04 11:40:08 | INFO | Line free channels set as: ['0:85~170;512~598'].
2020-08-04 11:40:08 | INFO | Fit order(s) set as: 1.
2020-08-04 11:40:08 | INFO | For the targets: ['HCG71'].
2020-08-04 11:40:08 | INFO | Subtracting the continuum from field: HCG71
2020-08-04 11:40:08 | INFO | Executing command: uvcontsub(vis='sources/HCG71'+'.split', field='HCG71', fitspw='0:85~170;512~598', spw='0', excludechans=False, combine='spw', solint='int', fitorder=1, want_cont=False)
2020-08-04 11:45:06 | INFO | Completed continuum subtraction.
2020-08-04 11:45:06 | INFO | Starting plotting amplitude spectrum.
2020-08-04 11:45:06 | INFO | Plotting amplitude vs channel to ./plots/HCG71_contsub_amp_chn.png
2020-08-04 11:51:57 | INFO | Completed plotting amplitude spectrum.
2020-08-04 11:51:57 | INFO | Starting making dirty image.
2020-08-04 11:51:57 | INFO | Removing any existing dirty images.
2020-08-04 11:51:57 | INFO | Checking clean parameters for dirty image.
2020-08-04 11:51:57 | INFO | Pixel sizes set as: ['3arcsec'].
2020-08-04 11:51:57 | INFO | For the targets: ['HCG71'].
2020-08-04 11:51:57 | INFO | Image sizes set as: ['512'] pixels.
2020-08-04 11:51:57 | INFO | For the targets: ['HCG71'].
2020-08-04 11:51:57 | INFO | Line emission channels set as: ['0:170~512'].
2020-08-04 11:51:57 | INFO | For the targets: ['HCG71'].
2020-08-04 11:51:57 | INFO | Making dirty image of HCG71 (line only).
2020-08-04 11:51:57 | INFO | Executing command: tclean(vis='sources/HCG71'+'.split.contsub', field='HCG71', imagename='images/HCG71'+'.dirty', cell='3arcsec', imsize=[512,512], specmode='cube', outframe='bary', veltype='radio', restfreq='1420405751.786Hz', gridder='wproject', wprojplanes=-1, pblimit=0.1, normtype='flatnoise', deconvolver='hogbom', weighting='briggs', robust=2, restoringbeam='common', niter=0, phasecenter='', interactive=False)
2020-08-04 11:59:49 | INFO | Completed making dirty image.
2020-08-04 11:59:49 | INFO | Backing up 13A-387_13_params.cfg to backup.13A-387_13_params.cfg.
2020-08-04 11:59:54 | INFO | CASA version: 5.4.2
2020-08-04 11:59:54 | INFO | Deleting any existing clean image(s).
2020-08-04 11:59:54 | INFO | Starting making noise estimation.
2020-08-04 12:00:02 | INFO | Effective integration time for HCG71: 4574 s
2020-08-04 12:00:02 | INFO | Expected rms noise for HCG71: 0.00120275358258 Jy/beam
2020-08-04 12:00:02 | INFO | Completed making noise estimation.
2020-08-04 12:00:02 | INFO | Starting generation of clean image(s).
2020-08-04 12:00:02 | INFO | Line emission channels set as: ['0:170~512'].
2020-08-04 12:00:02 | INFO | For the targets: ['HCG71'].
2020-08-04 12:00:02 | INFO | Setting CLEAN algorithm to MS-CLEAN.
2020-08-04 12:00:02 | INFO | Starting HCG71 image.
2020-08-04 12:00:02 | INFO | Automasking parameters set as:
2020-08-04 12:00:02 | INFO | sidelobethreshold = 2.0
2020-08-04 12:00:02 | INFO | noisethreshold = 3.0
2020-08-04 12:00:02 | INFO | lownoisethreshold = 1.5
2020-08-04 12:00:02 | INFO | minbeamfraction = 0.3
2020-08-04 12:00:02 | INFO | negativethreshold = 15.0
2020-08-04 12:00:02 | INFO | The maximum recoverable scale for HCG71 is 839 arcsec.
2020-08-04 12:00:02 | INFO | CLEANing with scales of [0, 7, 21, 63] pixels.
2020-08-04 12:00:02 | INFO | CLEANing HCG71 to a threshold of 0.00300688395645 Jy.
2020-08-04 12:00:02 | INFO | Executing command: tclean(vis='sources/HCG71'+'.split.contsub', field='HCG71', spw='0:170~512', imagename='images/HCG71', cell='3arcsec', imsize=[512,512], specmode='cube', outframe='bary', veltype='radio', restfreq='1420405751.786Hz', gridder='wproject', wprojplanes=-1, pblimit=0.1, normtype='flatnoise', deconvolver='multiscale', scales=[0, 7, 21, 63], restoringbeam='common', pbcor=True, weighting='briggs', robust=2, niter=100000, gain=0.1, threshold='0.00300688395645Jy', usemask='auto-multithresh', phasecenter='', sidelobethreshold=2.0, noisethreshold=3.0, lownoisethreshold=1.5, minbeamfrac=0.3, negativethreshold=15.0, cyclefactor=2.0,interactive=False)
2020-08-04 12:54:55 | INFO | CLEANing finished. Image cube saved as HCG71.image.
2020-08-04 12:54:55 | INFO | Saving image cube as HCG71_HI.fits
2020-08-04 12:54:55 | INFO | Executing command: exportfits(imagename='images/HCG71.image', fitsimage='images/HCG71_HI.fits', velocity=True,optical=False,overwrite=True,dropstokes=True,stokeslast=True,history=True,dropdeg=True)
2020-08-04 12:54:57 | INFO | Saving primary beam corrected image cube as HCG71_HI.pbcor.fits
2020-08-04 12:54:57 | INFO | Executing command: exportfits(imagename='images/HCG71.image.pbcor', fitsimage='images/HCG71_HI.pbcor.fits', velocity=True,optical=False,overwrite=True,dropstokes=True,stokeslast=True,history=True,dropdeg=True)
2020-08-04 12:54:59 | INFO | Completed generation of clean image(s).
2020-08-04 12:54:59 | INFO | Backing up 13A-387_13_params.cfg to backup.13A-387_13_params.cfg.
2020-08-04 12:55:03 | INFO | CASA version: 5.4.2
2020-08-04 12:55:03 | INFO | Deleting any existing moment(s).
2020-08-04 12:55:03 | INFO | Starting making noise estimation.
2020-08-04 12:55:11 | INFO | Effective integration time for HCG71: 4574 s
2020-08-04 12:55:11 | INFO | Expected rms noise for HCG71: 0.00120275358258 Jy/beam
2020-08-04 12:55:11 | INFO | Completed making noise estimation.
2020-08-04 12:55:11 | INFO | Create directory: ./moments/
2020-08-04 12:55:11 | INFO | Starting generation of moment map(s).
2020-08-04 12:55:11 | INFO | Executing command: immoments(imagename='images/HCG71.image',includepix=[0.00360826074774,3608.26074774],chans='',outfile='moments/HCG71.mom0')
2020-08-04 12:55:13 | INFO | Executing command: exportfits(imagename='moments/HCG71.mom0', fitsimage='moments/HCG71.mom0.fits',overwrite=True,dropstokes=True,stokeslast=True,history=True,dropdeg=True)
2020-08-04 12:55:13 | INFO | Completed generation of moment map(s).
