2021-01-21 22:33:39 | INFO | CASA version: 5.4.2
2021-01-21 22:33:39 | INFO | Deleted: summary
2021-01-21 22:33:39 | INFO | Deleted: plots
2021-01-21 22:33:40 | INFO | Deleted: 13A-387_18.ms
2021-01-21 22:33:40 | INFO | Deleted: 13A-387_18.ms.flagversions
2021-01-21 22:33:40 | INFO | Starting listobs summary.
2021-01-21 22:33:40 | INFO | Create directory: ./summary/
2021-01-21 22:33:40 | INFO | Writing listobs summary of data set to: ./summary/13A-387_18.ms.listobs.summary
2021-01-21 22:33:42 | INFO | Completed listobs summary.
2021-01-21 22:33:42 | INFO | Starting data transform.
2021-01-21 22:33:42 | INFO | Executing command: mstransform(vis='13A-387_18.ms', outputvis='13A-387_18.ms_1', field='1,2,3', spw='0', observation='', datacolumn='data', hanning=True, chanaverage=True, chanbin=3)
2021-01-21 22:37:47 | INFO | Updating config file (13A-387_18_params.cfg) to set mstransform values.
2021-01-21 22:37:47 | INFO | 13A-387_18.ms.flagversions is a symbolic link. It will now be unlinked.
2021-01-21 22:37:47 | INFO | Create directory: 13A-387_18.ms.flagversions
2021-01-21 22:37:47 | INFO | 13A-387_18.ms is a symbolic link. It will now be unlinked.
2021-01-21 22:37:47 | INFO | Moved 13A-387_18.ms_1 to 13A-387_18.ms
2021-01-21 22:37:47 | INFO | Completed data transformation.
2021-01-21 22:37:47 | INFO | Starting listobs summary.
2021-01-21 22:37:47 | INFO | Deleted: ./summary/13A-387_18.ms.listobs.summary
2021-01-21 22:37:47 | INFO | Writing listobs summary of data set to: ./summary/13A-387_18.ms.listobs.summary
2021-01-21 22:37:47 | INFO | Completed listobs summary.
2021-01-21 22:37:47 | INFO | Reading ms file information for MS: 13A-387_18.ms
2021-01-21 22:37:47 | INFO | Sources in MS 13A-387_18.ms: 3C286,HCG57,J1120+1420
2021-01-21 22:37:47 | INFO | > Sources (3): 3C286,HCG57,J1120+1420
2021-01-21 22:37:47 | INFO | > Number of spw: 1
2021-01-21 22:37:47 | INFO | > Channels per spw: 682
2021-01-21 22:37:47 | INFO | Starting plotting elevation.
2021-01-21 22:37:47 | INFO | Create directory: ./plots/
2021-01-21 22:37:47 | INFO | Plotting elevation to: ./plots/13A-387_18.ms_elevation.png
2021-01-21 22:38:20 | INFO | Completed plotting elevation.
2021-01-21 22:38:20 | INFO | Starting plotting antenna positions.
2021-01-21 22:38:20 | INFO | Plotting antenna positions to: ./plots/13A-387_18.ms_antpos.png
2021-01-21 22:38:21 | INFO | Completed plotting antenna positions.
2021-01-21 22:38:21 | INFO | Backing up 13A-387_18_params.cfg to backup.13A-387_18_params.cfg.
2021-01-21 22:38:27 | INFO | CASA version: 5.4.2
2021-01-21 22:38:27 | INFO | Saving flag version as: Original.
2021-01-21 22:38:27 | INFO | Executing command: flagmanager(vis='13A-387_18.ms', mode='save', versionname='Original')
2021-01-21 22:38:29 | INFO | Completed saving flag version.
2021-01-21 22:38:29 | INFO | Starting manual flagging.
2021-01-21 22:38:29 | INFO | Applying flags from manual_flags.list
2021-01-21 22:38:29 | INFO | Executing command: flagdata(vis='13A-387_18.ms', mode='list', action='apply', inpfile=["mode='manual' antenna='ea25'\n", "mode='manual' antenna='ea19'\n", "mode='manual' antenna='ea03'\n", "mode='manual' timerange='2013/07/06/02:35:45~2013/07/06/02:37:00,2013/07/06/02:57:15~2013/07/06/03:03:20,2013/07/06/03:26:00~2013/07/06/03:35:00,2013/07/06/03:38:50~2013/07/06/03:40:15,2013/07/06/04:05:00~2013/07/06/04:09:40'\n", "mode='manual' field='0,1,2' spw='0:193~197'\n", "mode='manual' spw='0:204~206' antenna='ea05&ea09'\n", "mode='manual' scan='4~12' antenna='ea04&ea10;ea04&ea12;ea04&ea13;ea04&ea14;ea04&ea15;ea07&ea17;ea10&ea12;ea10&ea13;ea10&ea14;ea10&ea15;ea10&ea22;ea13&ea14;ea13&ea15;ea13&ea22;ea13&ea24;ea14&ea15;ea14&ea22;ea15&ea22;ea17&ea28;ea18&ea28;ea20&ea22'\n", "mode='manual' scan='25~33' spw='0:204~206' antenna='ea04&ea09;ea09&ea11;ea09&ea26'\n", "mode='manual' spw='0:653~656' antenna='ea16&ea17'"])
2021-01-21 22:38:41 | INFO | Completed manual flagging.
2021-01-21 22:38:41 | INFO | Starting basic flagging.
2021-01-21 22:38:41 | INFO | Flagging antennae with more than 5.0 m of shadowing.
2021-01-21 22:38:41 | INFO | Executing command: flagdata(vis='13A-387_18.ms', mode='shadow', tolerance=5.0, flagbackup=False)
2021-01-21 22:38:50 | INFO | Flagging zero amplitude data.
2021-01-21 22:38:50 | INFO | Executing command: flagdata(vis='13A-387_18.ms', mode='clip', clipzeros=True, flagbackup=False)
2021-01-21 22:40:08 | INFO | Flagging first 5.0 s of every scan.
2021-01-21 22:40:08 | INFO | Executing command: flagdata(vis='13A-387_18.ms', mode='quack', quackinterval=5.0, quackmode='beg', flagbackup=False)
2021-01-21 22:40:14 | INFO | Completed basic flagging.
2021-01-21 22:40:14 | INFO | Starting running TFCrop.
2021-01-21 22:40:14 | INFO | Executing command: flagdata(vis='13A-387_18.ms', mode='tfcrop', action='apply', display='', timecutoff=4.0, freqcutoff=4.0, flagbackup=False)
2021-01-21 22:45:31 | INFO | Completed running TFCrop.
2021-01-21 22:45:31 | INFO | Removing flag version: initial.
2021-01-21 22:45:31 | INFO | Executing command: flagmanager(vis='13A-387_18.ms', mode='delete', versionname='initial')
2021-01-21 22:45:31 | INFO | Completed removing flag version.
2021-01-21 22:45:31 | INFO | Saving flag version as: initial.
2021-01-21 22:45:31 | INFO | Executing command: flagmanager(vis='13A-387_18.ms', mode='save', versionname='initial')
2021-01-21 22:45:32 | INFO | Completed saving flag version.
2021-01-21 22:45:32 | INFO | Starting writing flag summary to: ./summary/13A-387_18.ms.initialflags.summary.
2021-01-21 22:45:48 | INFO | Total flagged data: 40.05%
2021-01-21 22:45:48 | INFO | Completed writing flag summary.
2021-01-21 22:45:48 | INFO | Starting reference antenna selection.
2021-01-21 22:45:48 | INFO | Reference antenna already set as: ea10.
2021-01-21 22:45:48 | INFO | Starting set field purposes.
2021-01-21 22:45:48 | INFO | Target field(s) already set as: ['HCG57'].
2021-01-21 22:45:48 | INFO | Flux calibrator already set as: ['3C286'].
2021-01-21 22:45:48 | INFO | Flux models already set as: ['3C286_L.im'].
2021-01-21 22:45:48 | INFO | Bandpass calibrator already set as: ['3C286'].
2021-01-21 22:45:48 | INFO | Phase calibrator already set as: ['J1120+1420'].
2021-01-21 22:45:48 | INFO | No changes made to preset target and calibrator fields.
2021-01-21 22:45:48 | INFO | Completed setting field purposes.
2021-01-21 22:45:48 | INFO | Making flags plots for flag version: initial
2021-01-21 22:45:48 | INFO | Making flags plots for J1120+1420.
2021-01-21 22:45:48 | INFO | Plotting amplitude vs frequency to ./plots/flag_plot_initial_J1120+1420_freq_ob0_spw0.png
2021-01-21 22:46:12 | INFO | Plotting amplitude vs time to ./plots/flag_plot_initial_J1120+1420_time_ob0_spw0.png
2021-01-21 22:47:37 | INFO | Making flags plots for 3C286.
2021-01-21 22:47:37 | INFO | Plotting amplitude vs frequency to ./plots/flag_plot_initial_3C286_freq_ob0_spw0.png
2021-01-21 22:48:42 | INFO | Plotting amplitude vs time to ./plots/flag_plot_initial_3C286_time_ob0_spw0.png
2021-01-21 22:50:04 | INFO | Making flags plots for HCG57.
2021-01-21 22:50:04 | INFO | Plotting amplitude vs frequency to ./plots/flag_plot_initial_HCG57_freq_ob0_spw0.png
2021-01-21 22:53:11 | INFO | Plotting amplitude vs time to ./plots/flag_plot_initial_HCG57_time_ob0_spw0.png
2021-01-21 22:59:30 | INFO | Completed flags plots 
2021-01-21 22:59:30 | INFO | Starting calibration.
2021-01-21 22:59:30 | INFO | Looking up antenna position offsets (./cal_tabs/antpos.cal).
2021-01-21 22:59:30 | INFO | Executing command: gencal(vis='13A-387_18.ms', caltable='./cal_tabs/antpos.cal', caltype='antpos', antenna='')
2021-01-21 22:59:36 | INFO | Calibrating gain vs elevation (./cal_tabs/gaincurve.cal).
2021-01-21 22:59:36 | INFO | Executing command: gencal(vis='13A-387_18.ms', caltable='./cal_tabs/gaincurve.cal', caltype='gceff')
2021-01-21 22:59:37 | INFO | Load model for flux calibrator 3C286 (3C286_L.im).
2021-01-21 22:59:37 | INFO | Executing command: setjy(vis='13A-387_18.ms', field='3C286', scalebychan=True, model='3C286_L.im')
2021-01-21 22:59:40 | INFO | Plotting bandpass phase vs. time for reference antenna to: ./plots/bpphaseint.png
2021-01-21 23:01:58 | INFO | Calibrating delays for bandpass calibrators ['3C286'] (./cal_tabs/delays.cal).
2021-01-21 23:01:58 | INFO | Executing command: gaincal(vis='13A-387_18.ms', field='3C286', caltable='./cal_tabs/delays.cal', refant='ea10', gaintype='K', gaintable=['./cal_tabs/antpos.cal','./cal_tabs/gaincurve.cal'], spw='0')
2021-01-21 23:02:20 | INFO | Make bandpass calibrator phase solutions for ['3C286'] (./cal_tabs/bpphase.gcal).
2021-01-21 23:02:20 | INFO | Executing command: gaincal(vis='13A-387_18.ms', field='3C286',  caltable='./cal_tabs/bpphase.gcal', refant='ea10', calmode='p', solint='int', combine='', minsnr=2.0, gaintable=['./cal_tabs/antpos.cal','./cal_tabs/gaincurve.cal','./cal_tabs/delays.cal'], spw='0')
2021-01-21 23:02:45 | INFO | Plotting bandpass phase solutions to: ./plots/bpphasesol_ob0.png
2021-01-21 23:02:46 | INFO | Determining bandpass solution(s) (./cal_tabs/bandpass.bcal).
2021-01-21 23:02:46 | INFO | Executing command: bandpass(vis='13A-387_18.ms', caltable='./cal_tabs/bandpass.bcal', field='3C286', refant='ea10', solint='inf', solnorm=True, gaintable=['./cal_tabs/antpos.cal', './cal_tabs/gaincurve.cal', './cal_tabs/delays.cal', './cal_tabs/bpphase.gcal'], spw='0')
2021-01-21 23:03:14 | INFO | Plotting bandpass amplitude solutions to: ./plots/bandpasssol_.png
2021-01-21 23:03:16 | INFO | Determining integration phase solutions (./cal_tabs/intphase.gcal).
2021-01-21 23:03:16 | INFO | Executing command: gaincal(vis='13A-387_18.ms', field='J1120+1420,3C286', caltable='./cal_tabs/intphase.gcal', refant='ea10', calmode='p', solint='int', minsnr=2.0, gaintable=['./cal_tabs/antpos.cal', './cal_tabs/gaincurve.cal', './cal_tabs/delays.cal', './cal_tabs/bandpass.bcal'],spw='0')
2021-01-21 23:04:04 | INFO | Determining scan phase solutions (./cal_tabs/scanphase.gcal).
2021-01-21 23:04:04 | INFO | Executing command: gaincal(vis='13A-387_18.ms', field='J1120+1420,3C286', caltable='./cal_tabs/scanphase.gcal', refant='ea10', calmode='p', solint='inf', minsnr=2.0, gaintable=['./cal_tabs/antpos.cal', './cal_tabs/gaincurve.cal', './cal_tabs/delays.cal', './cal_tabs/bandpass.bcal'],spw='0')
2021-01-21 23:04:50 | INFO | Determining amplitude solutions (./cal_tabs/amp.gcal).
2021-01-21 23:04:50 | INFO | Executing command: gaincal(vis='13A-387_18.ms', field='J1120+1420,3C286', caltable='./cal_tabs/amp.gcal', refant='ea10', calmode='ap', solint='inf', minsnr=2.0, gaintable=['./cal_tabs/antpos.cal', './cal_tabs/gaincurve.cal', './cal_tabs/delays.cal', './cal_tabs/bandpass.bcal', './cal_tabs/intphase.gcal'],spw='0')
2021-01-21 23:05:40 | INFO | Plotting phase solutions to: ./plots/phasesol_ob0.png
2021-01-21 23:05:42 | INFO | Plotting amplitude solutions to: ./plots/ampsol_ob0.png
2021-01-21 23:05:43 | INFO | Applying flux scale to calibrators (./cal_tabs/fluxsol.cal).
2021-01-21 23:05:43 | INFO | Executing command: flux_info = fluxscale(vis='13A-387_18.ms', caltable='./cal_tabs/amp.gcal', fluxtable='./cal_tabs/fluxsol.cal', reference='3C286', incremental=True)
2021-01-21 23:05:44 | INFO | Writing calibrator fluxes summary to: ./summary/13A-387_18.ms.flux.summary.
2021-01-21 23:05:44 | INFO | Apply all calibrations to bandpass and flux calibrators.
2021-01-21 23:05:44 | INFO | Applying calibration to: 3C286
2021-01-21 23:05:44 | INFO | Executing command: applycal(vis='13A-387_18.ms', field='3C286', gaintable=['./cal_tabs/antpos.cal', './cal_tabs/gaincurve.cal', './cal_tabs/delays.cal', './cal_tabs/bandpass.bcal', './cal_tabs/intphase.gcal', './cal_tabs/amp.gcal'], gainfield=['', '', '3C286', '3C286', '3C286', '3C286'], calwt=False)
2021-01-21 23:06:27 | INFO | Plotting corrected phases for ['3C286'] to: ./plots/corr_phase.png
2021-01-21 23:06:30 | INFO | Plotting corrected amplitudes for ['3C286'] to: ./plots/corr_amp.png
2021-01-21 23:06:34 | INFO | Apply all calibrations to phase calibrators and targets.
2021-01-21 23:06:34 | INFO | Applying calibration to: J1120+1420
2021-01-21 23:06:34 | INFO | Executing command: applycal(vis='13A-387_18.ms', field='J1120+1420', gaintable=['./cal_tabs/antpos.cal', './cal_tabs/gaincurve.cal', './cal_tabs/delays.cal', './cal_tabs/bandpass.bcal', './cal_tabs/intphase.gcal', './cal_tabs/amp.gcal', './cal_tabs/fluxsol.cal'], gainfield=['', '', '3C286', '3C286', 'J1120+1420', 'J1120+1420', 'J1120+1420'], calwt=False)
2021-01-21 23:06:55 | INFO | Applying calibration to: HCG57
2021-01-21 23:06:55 | INFO | Executing command: applycal(vis='13A-387_18.ms', field='HCG57', gaintable=['./cal_tabs/antpos.cal', './cal_tabs/gaincurve.cal', './cal_tabs/delays.cal', './cal_tabs/bandpass.bcal', './cal_tabs/intphase.gcal', './cal_tabs/amp.gcal', './cal_tabs/fluxsol.cal'], gainfield=['', '', '3C286', '3C286', 'J1120+1420', 'J1120+1420', 'J1120+1420'], calwt=False)
2021-01-21 23:09:09 | INFO | Completed calibration.
2021-01-21 23:09:09 | INFO | Removing flag version: final.
2021-01-21 23:09:09 | INFO | Executing command: flagmanager(vis='13A-387_18.ms', mode='delete', versionname='final')
2021-01-21 23:09:10 | INFO | Completed removing flag version.
2021-01-21 23:09:10 | INFO | Saving flag version as: final.
2021-01-21 23:09:10 | INFO | Executing command: flagmanager(vis='13A-387_18.ms', mode='save', versionname='final')
2021-01-21 23:09:12 | INFO | Completed saving flag version.
2021-01-21 23:09:12 | INFO | Starting writing flag summary to: ./summary/13A-387_18.ms.finalflags.summary.
2021-01-21 23:09:28 | INFO | Total flagged data: 61.28%
2021-01-21 23:09:28 | INFO | Completed writing flag summary.
2021-01-21 23:09:28 | INFO | Making flags plots for flag version: final
2021-01-21 23:09:28 | INFO | Making flags plots for J1120+1420.
2021-01-21 23:09:28 | INFO | Plotting amplitude vs frequency to ./plots/flag_plot_final_J1120+1420_freq_ob0_spw0.png
2021-01-21 23:10:06 | INFO | Plotting amplitude vs time to ./plots/flag_plot_final_J1120+1420_time_ob0_spw0.png
2021-01-21 23:11:42 | INFO | Making flags plots for 3C286.
2021-01-21 23:11:42 | INFO | Plotting amplitude vs frequency to ./plots/flag_plot_final_3C286_freq_ob0_spw0.png
2021-01-21 23:12:52 | INFO | Plotting amplitude vs time to ./plots/flag_plot_final_3C286_time_ob0_spw0.png
2021-01-21 23:14:14 | INFO | Making flags plots for HCG57.
2021-01-21 23:14:14 | INFO | Plotting amplitude vs frequency to ./plots/flag_plot_final_HCG57_freq_ob0_spw0.png
2021-01-21 23:18:35 | INFO | Plotting amplitude vs time to ./plots/flag_plot_final_HCG57_time_ob0_spw0.png
2021-01-21 23:28:23 | INFO | Completed flags plots 
2021-01-21 23:28:24 | INFO | Deleted: sources
2021-01-21 23:28:24 | INFO | Starting split fields.
2021-01-21 23:28:24 | INFO | Create directory: ./sources/
2021-01-21 23:28:24 | INFO | Splitting HCG57 into separate file: HCG57.split.
2021-01-21 23:28:24 | INFO | Executing command: split(vis='13A-387_18.ms', outputvis='sources/HCG57.split', field='HCG57')
2021-01-21 23:28:46 | INFO | Writing listobs summary for split data set to: ./summary/HCG57.listobs.summary
2021-01-21 23:28:46 | INFO | Completed split fields.
2021-01-21 23:28:46 | INFO | Backing up 13A-387_18_params.cfg to backup.13A-387_18_params.cfg.
2021-01-21 23:28:50 | INFO | CASA version: 5.4.2
2021-01-21 23:28:50 | INFO | Deleted: images
2021-01-21 23:28:50 | INFO | Starting making dirty continuum image.
2021-01-21 23:28:50 | INFO | Removing any existing dirty continuum images.
2021-01-21 23:28:50 | INFO | Checking clean parameters for dirty image (inc. continuum).
2021-01-21 23:28:50 | INFO | Pixel sizes set as: ['3arcsec'].
2021-01-21 23:28:50 | INFO | For the targets: ['HCG57'].
2021-01-21 23:28:50 | INFO | Image sizes set as: ['512'] pixels.
2021-01-21 23:28:50 | INFO | For the targets: ['HCG57'].
2021-01-21 23:28:50 | INFO | Making dirty image of HCG57 (inc. continuum).
2021-01-21 23:28:50 | INFO | Executing command: tclean(vis='sources/HCG57.split', field='HCG57', imagename='images/HCG57.cont.dirty', cell='3arcsec', imsize=[512,512], specmode='cube', outframe='bary', veltype='radio', restfreq='1420405751.786Hz', gridder='wproject', wprojplanes=-1, pblimit=0.1, normtype='flatnoise', deconvolver='hogbom', weighting='briggs', robust=2, niter=0, phasecenter='', interactive=False)
2021-01-21 23:37:10 | INFO | Completed making dirty continuum image.
2021-01-21 23:37:10 | INFO | Backing up 13A-387_18_params.cfg to backup.13A-387_18_params.cfg.
2021-01-21 23:37:14 | INFO | CASA version: 5.4.2
2021-01-21 23:37:14 | INFO | Starting plotting amplitude spectrum.
2021-01-21 23:37:14 | INFO | Plotting amplitude vs channel to ./plots/HCG57_amp_chn.png
2021-01-21 23:40:44 | INFO | Plotting amplitude vs velocity to ./plots/HCG57_amp_vel.png
2021-01-21 23:48:55 | INFO | Completed plotting amplitude spectrum.
2021-01-21 23:48:55 | INFO | Starting continuum subtraction.
2021-01-21 23:48:55 | INFO | Checking for line free channel ranges in parameters.
2021-01-21 23:48:55 | INFO | Line free channels set as: ['0:85~170;512~598'].
2021-01-21 23:48:55 | INFO | Fit order(s) set as: 1.
2021-01-21 23:48:55 | INFO | For the targets: ['HCG57'].
2021-01-21 23:48:55 | INFO | Subtracting the continuum from field: HCG57
2021-01-21 23:48:55 | INFO | Executing command: uvcontsub(vis='sources/HCG57'+'.split', field='HCG57', fitspw='0:85~170;512~598', spw='0', excludechans=False, combine='spw', solint='int', fitorder=1, want_cont=False)
2021-01-21 23:53:19 | INFO | Completed continuum subtraction.
2021-01-21 23:53:19 | INFO | Starting plotting amplitude spectrum.
2021-01-21 23:53:19 | INFO | Plotting amplitude vs channel to ./plots/HCG57_contsub_amp_chn.png
2021-01-21 23:59:12 | INFO | Completed plotting amplitude spectrum.
2021-01-21 23:59:12 | INFO | Starting making dirty image.
2021-01-21 23:59:12 | INFO | Removing any existing dirty images.
2021-01-21 23:59:12 | INFO | Checking clean parameters for dirty image.
2021-01-21 23:59:12 | INFO | Pixel sizes set as: ['3arcsec'].
2021-01-21 23:59:12 | INFO | For the targets: ['HCG57'].
2021-01-21 23:59:12 | INFO | Image sizes set as: ['512'] pixels.
2021-01-21 23:59:12 | INFO | For the targets: ['HCG57'].
2021-01-21 23:59:12 | INFO | Line emission channels set as: ['0:170~512'].
2021-01-21 23:59:12 | INFO | For the targets: ['HCG57'].
2021-01-21 23:59:12 | INFO | Making dirty image of HCG57 (line only).
2021-01-21 23:59:12 | INFO | Executing command: tclean(vis='sources/HCG57'+'.split.contsub', field='HCG57', imagename='images/HCG57'+'.dirty', cell='3arcsec', imsize=[512,512], specmode='cube', outframe='bary', veltype='radio', restfreq='1420405751.786Hz', gridder='wproject', wprojplanes=-1, pblimit=0.1, normtype='flatnoise', deconvolver='hogbom', weighting='briggs', robust=2, restoringbeam='common', niter=0, phasecenter='', interactive=False)
2021-01-22 00:07:51 | INFO | Completed making dirty image.
2021-01-22 00:07:51 | INFO | Backing up 13A-387_18_params.cfg to backup.13A-387_18_params.cfg.
2021-01-22 00:07:56 | INFO | CASA version: 5.4.2
2021-01-22 00:07:56 | INFO | Deleting any existing clean image(s).
2021-01-22 00:07:56 | INFO | Starting making noise estimation.
2021-01-22 00:08:02 | INFO | Effective integration time for HCG57: 3256 s
2021-01-22 00:08:02 | INFO | Expected rms noise for HCG57: 0.00128302973572 Jy/beam
2021-01-22 00:08:02 | INFO | Completed making noise estimation.
2021-01-22 00:08:02 | INFO | Starting generation of clean image(s).
2021-01-22 00:08:02 | INFO | Line emission channels set as: ['0:170~512'].
2021-01-22 00:08:02 | INFO | For the targets: ['HCG57'].
2021-01-22 00:08:02 | INFO | Setting CLEAN algorithm to MS-CLEAN.
2021-01-22 00:08:02 | INFO | Starting HCG57 image.
2021-01-22 00:08:02 | INFO | Automasking parameters set as:
2021-01-22 00:08:02 | INFO | sidelobethreshold = 2.0
2021-01-22 00:08:02 | INFO | noisethreshold = 3.0
2021-01-22 00:08:02 | INFO | lownoisethreshold = 1.5
2021-01-22 00:08:02 | INFO | minbeamfraction = 0.3
2021-01-22 00:08:02 | INFO | negativethreshold = 15.0
2021-01-22 00:08:03 | INFO | The maximum recoverable scale for HCG57 is 839 arcsec.
2021-01-22 00:08:03 | INFO | CLEANing with scales of [0, 8, 25, 75] pixels.
2021-01-22 00:08:03 | INFO | CLEANing HCG57 to a threshold of 0.0032075743393 Jy.
2021-01-22 00:08:03 | INFO | Executing command: tclean(vis='sources/HCG57'+'.split.contsub', field='HCG57', spw='0:170~512', imagename='images/HCG57', cell='3arcsec', imsize=[512,512], specmode='cube', outframe='bary', veltype='radio', restfreq='1420405751.786Hz', gridder='wproject', wprojplanes=-1, pblimit=0.1, normtype='flatnoise', deconvolver='multiscale', scales=[0, 8, 25, 75], restoringbeam='common', pbcor=True, weighting='briggs', robust=2, niter=100000, gain=0.1, threshold='0.0032075743393Jy', usemask='auto-multithresh', phasecenter='', sidelobethreshold=2.0, noisethreshold=3.0, lownoisethreshold=1.5, minbeamfrac=0.3, negativethreshold=15.0, cyclefactor=2.0,interactive=False)
2021-01-22 00:56:02 | INFO | CLEANing finished. Image cube saved as HCG57.image.
2021-01-22 00:56:02 | INFO | Saving image cube as HCG57_HI.fits
2021-01-22 00:56:02 | INFO | Executing command: exportfits(imagename='images/HCG57.image', fitsimage='images/HCG57_HI.fits', velocity=True,optical=False,overwrite=True,dropstokes=True,stokeslast=True,history=True,dropdeg=True)
2021-01-22 00:56:03 | INFO | Saving primary beam corrected image cube as HCG57_HI.pbcor.fits
2021-01-22 00:56:03 | INFO | Executing command: exportfits(imagename='images/HCG57.image.pbcor', fitsimage='images/HCG57_HI.pbcor.fits', velocity=True,optical=False,overwrite=True,dropstokes=True,stokeslast=True,history=True,dropdeg=True)
2021-01-22 00:56:05 | INFO | Completed generation of clean image(s).
2021-01-22 00:56:05 | INFO | Backing up 13A-387_18_params.cfg to backup.13A-387_18_params.cfg.
2021-01-22 00:56:08 | INFO | CASA version: 5.4.2
2021-01-22 00:56:08 | INFO | Deleting any existing moment(s).
2021-01-22 00:56:08 | INFO | Starting making noise estimation.
2021-01-22 00:56:15 | INFO | Effective integration time for HCG57: 3256 s
2021-01-22 00:56:15 | INFO | Expected rms noise for HCG57: 0.00148151512659 Jy/beam
2021-01-22 00:56:15 | INFO | Completed making noise estimation.
2021-01-22 00:56:15 | INFO | Starting generation of moment map(s).
2021-01-22 00:56:15 | INFO | Executing command: immoments(imagename='images/HCG57.image',includepix=[0.00384908920716,3849.08920716],chans='',outfile='moments/HCG57.mom0')
2021-01-22 00:56:18 | INFO | Executing command: exportfits(imagename='moments/HCG57.mom0', fitsimage='moments/HCG57.mom0.fits',overwrite=True,dropstokes=True,stokeslast=True,history=True,dropdeg=True)
2021-01-22 00:56:18 | INFO | Completed generation of moment map(s).
